2018-03-03 11:18:53.4950 FATAL 消息：{roles:[{id,markedCode}]以 { 作为首字符，但是没有以 } 结尾！ ；堆栈：   在 CodeArt.DTO.CodeTreeNode.IsObject(StringSegment code) 位置 D:\Workspace\Projects\CodeArt Framework\CodeArt\CodeArt\DTO\Deserializer\CodeTreeNode.cs:行号 72
   在 CodeArt.DTO.EntityDeserializer.ParseNode(CodeType parentCodeType, StringSegment nodeCode) 位置 D:\Workspace\Projects\CodeArt Framework\CodeArt\CodeArt\DTO\Deserializer\EntityDeserializer.cs:行号 130
   在 CodeArt.DTO.EntityDeserializer.ParseNodes(CodeType parentCodeType, StringSegment code) 位置 D:\Workspace\Projects\CodeArt Framework\CodeArt\CodeArt\DTO\Deserializer\EntityDeserializer.cs:行号 208
   在 CodeArt.DTO.EntityDeserializer.ParseNode(CodeType parentCodeType, StringSegment nodeCode) 位置 D:\Workspace\Projects\CodeArt Framework\CodeArt\CodeArt\DTO\Deserializer\EntityDeserializer.cs:行号 133
   在 CodeArt.DTO.EntityDeserializer.Deserialize(StringSegment code, Boolean isReadOnly, Boolean isPinned) 位置 D:\Workspace\Projects\CodeArt Framework\CodeArt\CodeArt\DTO\Deserializer\EntityDeserializer.cs:行号 27
   在 CodeArt.DTO.EntityDeserializer.Deserialize(String code, Boolean isReadOnly, Boolean isPinned) 位置 D:\Workspace\Projects\CodeArt Framework\CodeArt\CodeArt\DTO\Deserializer\EntityDeserializer.cs:行号 21
   在 CodeArt.DTO.DTObject.CreateComplete(String code, Boolean isReadOnly, Boolean isPinned) 位置 D:\Workspace\Projects\CodeArt Framework\CodeArt\CodeArt\DTO\DTObject.cs:行号 1041
   在 CodeArt.DTO.DTObject.CreateReusable(String code) 位置 D:\Workspace\Projects\CodeArt Framework\CodeArt\CodeArt\DTO\DTObject.cs:行号 1052
   在 CodeArt.DTO.SchemaCodes..ctor(Type classType, String schemaCode) 位置 D:\Workspace\Projects\CodeArt Framework\CodeArt\CodeArt\DTO\Serialization\SchemaCode\SchemaCodes.cs:行号 42
   在 CodeArt.DTO.TypeSchemaCodeInfo..ctor(Type classType, String schemaCode) 位置 D:\Workspace\Projects\CodeArt Framework\CodeArt\CodeArt\DTO\Serialization\SchemaCode\TypeSchemaCodeInfo.cs:行号 28
   在 CodeArt.DTO.TypeSchemaCodeInfo.<>c__DisplayClass10_0.<.cctor>b__1(String schemaCode) 位置 D:\Workspace\Projects\CodeArt Framework\CodeArt\CodeArt\DTO\Serialization\SchemaCode\TypeSchemaCodeInfo.cs:行号 116
   在 CodeArt.Util.LazyIndexer.<>c__DisplayClass2_0`2.<Init>b__0(TKey key) 位置 D:\Workspace\Projects\CodeArt Framework\CodeArt\CodeArt\Util\LazyIndexer.cs:行号 56
   在 CodeArt.DTO.TypeSchemaCodeInfo.GetTypeInfo(Type classType, String schemaCode) 位置 D:\Workspace\Projects\CodeArt Framework\CodeArt\CodeArt\DTO\Serialization\SchemaCode\TypeSchemaCodeInfo.cs:行号 123
   在 CodeArt.DTO.DTObjectMapper.Load(String schemaCode, Object instance, Boolean isPinned) 位置 D:\Workspace\Projects\CodeArt Framework\CodeArt\CodeArt\DTO\Serialization\SchemaCode\DTObjectMapper.cs:行号 55
   在 CodeArt.DTO.DTObject.CreateReusable(String schemaCode, Object target) 位置 D:\Workspace\Projects\CodeArt Framework\CodeArt\CodeArt\DTO\DTObject.cs:行号 1094
   在 PortalService.Application.Login.DynamicInvoke(Object arg) 位置 D:\Workspace\Projects\Services Framework\PortalService\PortalService.Application\Identity\Login.cs:行号 27
   在 CodeArt.ServiceModel.ServiceProvider.Invoke(DTObject arg) 位置 D:\Workspace\Projects\CodeArt Framework\CodeArt\CodeArt.ServiceModel\ServiceProvider\ServiceProvider.cs:行号 19
   在 CodeArt.ServiceModel.ServiceProvider.Invoke(ServiceRequest request) 位置 D:\Workspace\Projects\CodeArt Framework\CodeArt\CodeArt.ServiceModel\ServiceProvider\ServiceProvider.cs:行号 14
   在 CodeArt.ServiceModel.MQServiceHandler.ProcessService(ServiceRequest request) 位置 D:\Workspace\Projects\CodeArt Framework\CodeArt\CodeArt.ServiceModel.MQ\MQServiceHandler.cs:行号 58
   在 CodeArt.ServiceModel.MQServiceHandler.Process(String method, DTObject args) 位置 D:\Workspace\Projects\CodeArt Framework\CodeArt\CodeArt.ServiceModel.MQ\MQServiceHandler.cs:行号 34
2018-03-03 11:19:13.8852 FATAL 消息：未找到成员“IEnumerable`1..ctor()”。；堆栈：   在 CodeArt.Runtime.IL.MethodGenerator.NewObject(Type declaringType, Type[] parameterTypes) 位置 D:\Workspace\Projects\CodeArt Framework\CodeArt\CodeArt\Runtime\IL\DynamicMethod\MethodGenerator\MGNewObject.cs:行号 83
   在 CodeArt.Runtime.IL.MethodGenerator.NewObject(Type declaringType) 位置 D:\Workspace\Projects\CodeArt Framework\CodeArt\CodeArt\Runtime\IL\DynamicMethod\MethodGenerator\MGNewObject.cs:行号 90
   在 CodeArt.DTO.CollectionSerializationInfo.<>c__DisplayClass3_0.<GenerateDeserializeIL>b__5() 位置 D:\Workspace\Projects\CodeArt Framework\CodeArt\CodeArt\DTO\Serialization\SerializationInfo\Member\CollectionSerializationInfo.cs:行号 84
   在 CodeArt.Runtime.IL.MethodGenerator.Assign(IVariable variable, Action loadValue) 位置 D:\Workspace\Projects\CodeArt Framework\CodeArt\CodeArt\Runtime\IL\DynamicMethod\MethodGenerator\MGAssign.cs:行号 31
   在 CodeArt.DTO.CollectionSerializationInfo.<>c__DisplayClass3_1.<GenerateDeserializeIL>b__3() 位置 D:\Workspace\Projects\CodeArt Framework\CodeArt\CodeArt\DTO\Serialization\SerializationInfo\Member\CollectionSerializationInfo.cs:行号 82
   在 CodeArt.Runtime.IL.MethodGenerator.If(Func`1 condition, Action trueAction, Action falseAction) 位置 D:\Workspace\Projects\CodeArt Framework\CodeArt\CodeArt\Runtime\IL\DynamicMethod\MethodGenerator\MGIf.cs:行号 26
   在 CodeArt.DTO.CollectionSerializationInfo.<>c__DisplayClass3_0.<GenerateDeserializeIL>b__0() 位置 D:\Workspace\Projects\CodeArt Framework\CodeArt\CodeArt\DTO\Serialization\SerializationInfo\Member\CollectionSerializationInfo.cs:行号 72
   在 CodeArt.Runtime.IL.MethodGenerator.Assign(PropertyInfo property, Action loadValue) 位置 D:\Workspace\Projects\CodeArt Framework\CodeArt\CodeArt\Runtime\IL\DynamicMethod\MethodGenerator\MGAssign.cs:行号 67
   在 CodeArt.DTO.MemberSerializationInfo.SetMember(MethodGenerator g, Action loadValue) 位置 D:\Workspace\Projects\CodeArt Framework\CodeArt\CodeArt\DTO\Serialization\SerializationInfo\Member\MemberSerializationInfo.cs:行号 252
   在 CodeArt.DTO.CollectionSerializationInfo.GenerateDeserializeIL(MethodGenerator g) 位置 D:\Workspace\Projects\CodeArt Framework\CodeArt\CodeArt\DTO\Serialization\SerializationInfo\Member\CollectionSerializationInfo.cs:行号 62
   在 CodeArt.DTO.DTODeserializeMethodGenerator.ReadMembers(MethodGenerator g, TypeSerializationInfo typeInfo) 位置 D:\Workspace\Projects\CodeArt Framework\CodeArt\CodeArt\DTO\Serialization\SerializationInfo\MethodGenerator\DTODeserializeMethodGenerator.cs:行号 86
   在 CodeArt.DTO.DTODeserializeMethodGenerator.GenerateMethod(TypeSerializationInfo typeInfo) 位置 D:\Workspace\Projects\CodeArt Framework\CodeArt\CodeArt\DTO\Serialization\SerializationInfo\MethodGenerator\DTODeserializeMethodGenerator.cs:行号 34
   在 CodeArt.DTO.TypeSerializationInfo.CreateDeserializeMethod() 位置 D:\Workspace\Projects\CodeArt Framework\CodeArt\CodeArt\DTO\Serialization\SerializationInfo\TypeSerializationInfo.cs:行号 172
   在 CodeArt.DTO.TypeSerializationInfo.Initialize() 位置 D:\Workspace\Projects\CodeArt Framework\CodeArt\CodeArt\DTO\Serialization\SerializationInfo\TypeSerializationInfo.cs:行号 79
   在 CodeArt.DTO.TypeSchemaCodeInfo..ctor(Type classType, String schemaCode) 位置 D:\Workspace\Projects\CodeArt Framework\CodeArt\CodeArt\DTO\Serialization\SchemaCode\TypeSchemaCodeInfo.cs:行号 29
   在 CodeArt.DTO.TypeSchemaCodeInfo.<>c__DisplayClass10_0.<.cctor>b__1(String schemaCode) 位置 D:\Workspace\Projects\CodeArt Framework\CodeArt\CodeArt\DTO\Serialization\SchemaCode\TypeSchemaCodeInfo.cs:行号 116
   在 CodeArt.Util.LazyIndexer.<>c__DisplayClass2_0`2.<Init>b__0(TKey key) 位置 D:\Workspace\Projects\CodeArt Framework\CodeArt\CodeArt\Util\LazyIndexer.cs:行号 56
   在 CodeArt.DTO.TypeSchemaCodeInfo.GetTypeInfo(Type classType, String schemaCode) 位置 D:\Workspace\Projects\CodeArt Framework\CodeArt\CodeArt\DTO\Serialization\SchemaCode\TypeSchemaCodeInfo.cs:行号 123
   在 CodeArt.DTO.DTObjectMapper.Load(String schemaCode, Object instance, Boolean isPinned) 位置 D:\Workspace\Projects\CodeArt Framework\CodeArt\CodeArt\DTO\Serialization\SchemaCode\DTObjectMapper.cs:行号 55
   在 CodeArt.DTO.SchemaCodeWriter.Write(String name, Object value) 位置 D:\Workspace\Projects\CodeArt Framework\CodeArt\CodeArt\DTO\Serialization\SchemaCode\SchemaCodeWriter.cs:行号 56
   在 DTOSerialize_302d1070129347bcaa92f336d13961a8(Object , IDTOWriter )
   在 CodeArt.DTO.TypeSchemaCodeInfo.Serialize(Object instance, DTObject dto) 位置 D:\Workspace\Projects\CodeArt Framework\CodeArt\CodeArt\DTO\Serialization\SchemaCode\TypeSchemaCodeInfo.cs:行号 57
   在 CodeArt.DTO.TypeSerializationInfo.Serialize(Object instance, Boolean isPinned) 位置 D:\Workspace\Projects\CodeArt Framework\CodeArt\CodeArt\DTO\Serialization\SerializationInfo\TypeSerializationInfo.cs:行号 180
   在 CodeArt.DTO.DTObjectMapper.Load(String schemaCode, Object instance, Boolean isPinned) 位置 D:\Workspace\Projects\CodeArt Framework\CodeArt\CodeArt\DTO\Serialization\SchemaCode\DTObjectMapper.cs:行号 56
   在 CodeArt.DTO.DTObject.CreateReusable(String schemaCode, Object target) 位置 D:\Workspace\Projects\CodeArt Framework\CodeArt\CodeArt\DTO\DTObject.cs:行号 1094
   在 PortalService.Application.Login.DynamicInvoke(Object arg) 位置 D:\Workspace\Projects\Services Framework\PortalService\PortalService.Application\Identity\Login.cs:行号 27
   在 CodeArt.ServiceModel.ServiceProvider.Invoke(DTObject arg) 位置 D:\Workspace\Projects\CodeArt Framework\CodeArt\CodeArt.ServiceModel\ServiceProvider\ServiceProvider.cs:行号 19
   在 CodeArt.ServiceModel.ServiceProvider.Invoke(ServiceRequest request) 位置 D:\Workspace\Projects\CodeArt Framework\CodeArt\CodeArt.ServiceModel\ServiceProvider\ServiceProvider.cs:行号 14
   在 CodeArt.ServiceModel.MQServiceHandler.ProcessService(ServiceRequest request) 位置 D:\Workspace\Projects\CodeArt Framework\CodeArt\CodeArt.ServiceModel.MQ\MQServiceHandler.cs:行号 58
   在 CodeArt.ServiceModel.MQServiceHandler.Process(String method, DTObject args) 位置 D:\Workspace\Projects\CodeArt Framework\CodeArt\CodeArt.ServiceModel.MQ\MQServiceHandler.cs:行号 34
2018-03-03 11:19:20.6965 FATAL 消息：未找到成员“IEnumerable`1..ctor()”。；堆栈：   在 CodeArt.Runtime.IL.MethodGenerator.NewObject(Type declaringType, Type[] parameterTypes) 位置 D:\Workspace\Projects\CodeArt Framework\CodeArt\CodeArt\Runtime\IL\DynamicMethod\MethodGenerator\MGNewObject.cs:行号 83
   在 CodeArt.Runtime.IL.MethodGenerator.NewObject(Type declaringType) 位置 D:\Workspace\Projects\CodeArt Framework\CodeArt\CodeArt\Runtime\IL\DynamicMethod\MethodGenerator\MGNewObject.cs:行号 90
   在 CodeArt.DTO.CollectionSerializationInfo.<>c__DisplayClass3_0.<GenerateDeserializeIL>b__5() 位置 D:\Workspace\Projects\CodeArt Framework\CodeArt\CodeArt\DTO\Serialization\SerializationInfo\Member\CollectionSerializationInfo.cs:行号 84
   在 CodeArt.Runtime.IL.MethodGenerator.Assign(IVariable variable, Action loadValue) 位置 D:\Workspace\Projects\CodeArt Framework\CodeArt\CodeArt\Runtime\IL\DynamicMethod\MethodGenerator\MGAssign.cs:行号 31
   在 CodeArt.DTO.CollectionSerializationInfo.<>c__DisplayClass3_1.<GenerateDeserializeIL>b__3() 位置 D:\Workspace\Projects\CodeArt Framework\CodeArt\CodeArt\DTO\Serialization\SerializationInfo\Member\CollectionSerializationInfo.cs:行号 82
   在 CodeArt.Runtime.IL.MethodGenerator.If(Func`1 condition, Action trueAction, Action falseAction) 位置 D:\Workspace\Projects\CodeArt Framework\CodeArt\CodeArt\Runtime\IL\DynamicMethod\MethodGenerator\MGIf.cs:行号 26
   在 CodeArt.DTO.CollectionSerializationInfo.<>c__DisplayClass3_0.<GenerateDeserializeIL>b__0() 位置 D:\Workspace\Projects\CodeArt Framework\CodeArt\CodeArt\DTO\Serialization\SerializationInfo\Member\CollectionSerializationInfo.cs:行号 72
   在 CodeArt.Runtime.IL.MethodGenerator.Assign(PropertyInfo property, Action loadValue) 位置 D:\Workspace\Projects\CodeArt Framework\CodeArt\CodeArt\Runtime\IL\DynamicMethod\MethodGenerator\MGAssign.cs:行号 67
   在 CodeArt.DTO.MemberSerializationInfo.SetMember(MethodGenerator g, Action loadValue) 位置 D:\Workspace\Projects\CodeArt Framework\CodeArt\CodeArt\DTO\Serialization\SerializationInfo\Member\MemberSerializationInfo.cs:行号 252
   在 CodeArt.DTO.CollectionSerializationInfo.GenerateDeserializeIL(MethodGenerator g) 位置 D:\Workspace\Projects\CodeArt Framework\CodeArt\CodeArt\DTO\Serialization\SerializationInfo\Member\CollectionSerializationInfo.cs:行号 62
   在 CodeArt.DTO.DTODeserializeMethodGenerator.ReadMembers(MethodGenerator g, TypeSerializationInfo typeInfo) 位置 D:\Workspace\Projects\CodeArt Framework\CodeArt\CodeArt\DTO\Serialization\SerializationInfo\MethodGenerator\DTODeserializeMethodGenerator.cs:行号 86
   在 CodeArt.DTO.DTODeserializeMethodGenerator.GenerateMethod(TypeSerializationInfo typeInfo) 位置 D:\Workspace\Projects\CodeArt Framework\CodeArt\CodeArt\DTO\Serialization\SerializationInfo\MethodGenerator\DTODeserializeMethodGenerator.cs:行号 34
   在 CodeArt.DTO.TypeSerializationInfo.CreateDeserializeMethod() 位置 D:\Workspace\Projects\CodeArt Framework\CodeArt\CodeArt\DTO\Serialization\SerializationInfo\TypeSerializationInfo.cs:行号 172
   在 CodeArt.DTO.TypeSerializationInfo.Initialize() 位置 D:\Workspace\Projects\CodeArt Framework\CodeArt\CodeArt\DTO\Serialization\SerializationInfo\TypeSerializationInfo.cs:行号 79
   在 CodeArt.DTO.TypeSchemaCodeInfo..ctor(Type classType, String schemaCode) 位置 D:\Workspace\Projects\CodeArt Framework\CodeArt\CodeArt\DTO\Serialization\SchemaCode\TypeSchemaCodeInfo.cs:行号 29
   在 CodeArt.DTO.TypeSchemaCodeInfo.<>c__DisplayClass10_0.<.cctor>b__1(String schemaCode) 位置 D:\Workspace\Projects\CodeArt Framework\CodeArt\CodeArt\DTO\Serialization\SchemaCode\TypeSchemaCodeInfo.cs:行号 116
   在 CodeArt.Util.LazyIndexer.<>c__DisplayClass2_0`2.<Init>b__0(TKey key) 位置 D:\Workspace\Projects\CodeArt Framework\CodeArt\CodeArt\Util\LazyIndexer.cs:行号 56
   在 CodeArt.DTO.TypeSchemaCodeInfo.GetTypeInfo(Type classType, String schemaCode) 位置 D:\Workspace\Projects\CodeArt Framework\CodeArt\CodeArt\DTO\Serialization\SchemaCode\TypeSchemaCodeInfo.cs:行号 123
   在 CodeArt.DTO.DTObjectMapper.Load(String schemaCode, Object instance, Boolean isPinned) 位置 D:\Workspace\Projects\CodeArt Framework\CodeArt\CodeArt\DTO\Serialization\SchemaCode\DTObjectMapper.cs:行号 55
   在 CodeArt.DTO.SchemaCodeWriter.Write(String name, Object value) 位置 D:\Workspace\Projects\CodeArt Framework\CodeArt\CodeArt\DTO\Serialization\SchemaCode\SchemaCodeWriter.cs:行号 56
   在 DTOSerialize_302d1070129347bcaa92f336d13961a8(Object , IDTOWriter )
   在 CodeArt.DTO.TypeSchemaCodeInfo.Serialize(Object instance, DTObject dto) 位置 D:\Workspace\Projects\CodeArt Framework\CodeArt\CodeArt\DTO\Serialization\SchemaCode\TypeSchemaCodeInfo.cs:行号 57
   在 CodeArt.DTO.TypeSerializationInfo.Serialize(Object instance, Boolean isPinned) 位置 D:\Workspace\Projects\CodeArt Framework\CodeArt\CodeArt\DTO\Serialization\SerializationInfo\TypeSerializationInfo.cs:行号 180
   在 CodeArt.DTO.DTObjectMapper.Load(String schemaCode, Object instance, Boolean isPinned) 位置 D:\Workspace\Projects\CodeArt Framework\CodeArt\CodeArt\DTO\Serialization\SchemaCode\DTObjectMapper.cs:行号 56
   在 CodeArt.DTO.DTObject.CreateReusable(String schemaCode, Object target) 位置 D:\Workspace\Projects\CodeArt Framework\CodeArt\CodeArt\DTO\DTObject.cs:行号 1094
   在 PortalService.Application.Login.DynamicInvoke(Object arg) 位置 D:\Workspace\Projects\Services Framework\PortalService\PortalService.Application\Identity\Login.cs:行号 27
   在 CodeArt.ServiceModel.ServiceProvider.Invoke(DTObject arg) 位置 D:\Workspace\Projects\CodeArt Framework\CodeArt\CodeArt.ServiceModel\ServiceProvider\ServiceProvider.cs:行号 19
   在 CodeArt.ServiceModel.ServiceProvider.Invoke(ServiceRequest request) 位置 D:\Workspace\Projects\CodeArt Framework\CodeArt\CodeArt.ServiceModel\ServiceProvider\ServiceProvider.cs:行号 14
   在 CodeArt.ServiceModel.MQServiceHandler.ProcessService(ServiceRequest request) 位置 D:\Workspace\Projects\CodeArt Framework\CodeArt\CodeArt.ServiceModel.MQ\MQServiceHandler.cs:行号 58
   在 CodeArt.ServiceModel.MQServiceHandler.Process(String method, DTObject args) 位置 D:\Workspace\Projects\CodeArt Framework\CodeArt\CodeArt.ServiceModel.MQ\MQServiceHandler.cs:行号 34
2018-03-03 11:19:42.9352 FATAL 消息：未找到成员“IEnumerable`1..ctor()”。；堆栈：   在 CodeArt.Runtime.IL.MethodGenerator.NewObject(Type declaringType, Type[] parameterTypes) 位置 D:\Workspace\Projects\CodeArt Framework\CodeArt\CodeArt\Runtime\IL\DynamicMethod\MethodGenerator\MGNewObject.cs:行号 83
   在 CodeArt.Runtime.IL.MethodGenerator.NewObject(Type declaringType) 位置 D:\Workspace\Projects\CodeArt Framework\CodeArt\CodeArt\Runtime\IL\DynamicMethod\MethodGenerator\MGNewObject.cs:行号 90
   在 CodeArt.DTO.CollectionSerializationInfo.<>c__DisplayClass3_0.<GenerateDeserializeIL>b__5() 位置 D:\Workspace\Projects\CodeArt Framework\CodeArt\CodeArt\DTO\Serialization\SerializationInfo\Member\CollectionSerializationInfo.cs:行号 84
   在 CodeArt.Runtime.IL.MethodGenerator.Assign(IVariable variable, Action loadValue) 位置 D:\Workspace\Projects\CodeArt Framework\CodeArt\CodeArt\Runtime\IL\DynamicMethod\MethodGenerator\MGAssign.cs:行号 31
   在 CodeArt.DTO.CollectionSerializationInfo.<>c__DisplayClass3_1.<GenerateDeserializeIL>b__3() 位置 D:\Workspace\Projects\CodeArt Framework\CodeArt\CodeArt\DTO\Serialization\SerializationInfo\Member\CollectionSerializationInfo.cs:行号 82
   在 CodeArt.Runtime.IL.MethodGenerator.If(Func`1 condition, Action trueAction, Action falseAction) 位置 D:\Workspace\Projects\CodeArt Framework\CodeArt\CodeArt\Runtime\IL\DynamicMethod\MethodGenerator\MGIf.cs:行号 26
   在 CodeArt.DTO.CollectionSerializationInfo.<>c__DisplayClass3_0.<GenerateDeserializeIL>b__0() 位置 D:\Workspace\Projects\CodeArt Framework\CodeArt\CodeArt\DTO\Serialization\SerializationInfo\Member\CollectionSerializationInfo.cs:行号 72
   在 CodeArt.Runtime.IL.MethodGenerator.Assign(PropertyInfo property, Action loadValue) 位置 D:\Workspace\Projects\CodeArt Framework\CodeArt\CodeArt\Runtime\IL\DynamicMethod\MethodGenerator\MGAssign.cs:行号 67
   在 CodeArt.DTO.MemberSerializationInfo.SetMember(MethodGenerator g, Action loadValue) 位置 D:\Workspace\Projects\CodeArt Framework\CodeArt\CodeArt\DTO\Serialization\SerializationInfo\Member\MemberSerializationInfo.cs:行号 252
   在 CodeArt.DTO.CollectionSerializationInfo.GenerateDeserializeIL(MethodGenerator g) 位置 D:\Workspace\Projects\CodeArt Framework\CodeArt\CodeArt\DTO\Serialization\SerializationInfo\Member\CollectionSerializationInfo.cs:行号 62
   在 CodeArt.DTO.DTODeserializeMethodGenerator.ReadMembers(MethodGenerator g, TypeSerializationInfo typeInfo) 位置 D:\Workspace\Projects\CodeArt Framework\CodeArt\CodeArt\DTO\Serialization\SerializationInfo\MethodGenerator\DTODeserializeMethodGenerator.cs:行号 86
   在 CodeArt.DTO.DTODeserializeMethodGenerator.GenerateMethod(TypeSerializationInfo typeInfo) 位置 D:\Workspace\Projects\CodeArt Framework\CodeArt\CodeArt\DTO\Serialization\SerializationInfo\MethodGenerator\DTODeserializeMethodGenerator.cs:行号 34
   在 CodeArt.DTO.TypeSerializationInfo.CreateDeserializeMethod() 位置 D:\Workspace\Projects\CodeArt Framework\CodeArt\CodeArt\DTO\Serialization\SerializationInfo\TypeSerializationInfo.cs:行号 172
   在 CodeArt.DTO.TypeSerializationInfo.Initialize() 位置 D:\Workspace\Projects\CodeArt Framework\CodeArt\CodeArt\DTO\Serialization\SerializationInfo\TypeSerializationInfo.cs:行号 79
   在 CodeArt.DTO.TypeSchemaCodeInfo..ctor(Type classType, String schemaCode) 位置 D:\Workspace\Projects\CodeArt Framework\CodeArt\CodeArt\DTO\Serialization\SchemaCode\TypeSchemaCodeInfo.cs:行号 29
   在 CodeArt.DTO.TypeSchemaCodeInfo.<>c__DisplayClass10_0.<.cctor>b__1(String schemaCode) 位置 D:\Workspace\Projects\CodeArt Framework\CodeArt\CodeArt\DTO\Serialization\SchemaCode\TypeSchemaCodeInfo.cs:行号 116
   在 CodeArt.Util.LazyIndexer.<>c__DisplayClass2_0`2.<Init>b__0(TKey key) 位置 D:\Workspace\Projects\CodeArt Framework\CodeArt\CodeArt\Util\LazyIndexer.cs:行号 56
   在 CodeArt.DTO.TypeSchemaCodeInfo.GetTypeInfo(Type classType, String schemaCode) 位置 D:\Workspace\Projects\CodeArt Framework\CodeArt\CodeArt\DTO\Serialization\SchemaCode\TypeSchemaCodeInfo.cs:行号 123
   在 CodeArt.DTO.DTObjectMapper.Load(String schemaCode, Object instance, Boolean isPinned) 位置 D:\Workspace\Projects\CodeArt Framework\CodeArt\CodeArt\DTO\Serialization\SchemaCode\DTObjectMapper.cs:行号 55
   在 CodeArt.DTO.SchemaCodeWriter.Write(String name, Object value) 位置 D:\Workspace\Projects\CodeArt Framework\CodeArt\CodeArt\DTO\Serialization\SchemaCode\SchemaCodeWriter.cs:行号 56
   在 DTOSerialize_302d1070129347bcaa92f336d13961a8(Object , IDTOWriter )
   在 CodeArt.DTO.TypeSchemaCodeInfo.Serialize(Object instance, DTObject dto) 位置 D:\Workspace\Projects\CodeArt Framework\CodeArt\CodeArt\DTO\Serialization\SchemaCode\TypeSchemaCodeInfo.cs:行号 57
   在 CodeArt.DTO.TypeSerializationInfo.Serialize(Object instance, Boolean isPinned) 位置 D:\Workspace\Projects\CodeArt Framework\CodeArt\CodeArt\DTO\Serialization\SerializationInfo\TypeSerializationInfo.cs:行号 180
   在 CodeArt.DTO.DTObjectMapper.Load(String schemaCode, Object instance, Boolean isPinned) 位置 D:\Workspace\Projects\CodeArt Framework\CodeArt\CodeArt\DTO\Serialization\SchemaCode\DTObjectMapper.cs:行号 56
   在 CodeArt.DTO.DTObject.CreateReusable(String schemaCode, Object target) 位置 D:\Workspace\Projects\CodeArt Framework\CodeArt\CodeArt\DTO\DTObject.cs:行号 1094
   在 PortalService.Application.Login.DynamicInvoke(Object arg) 位置 D:\Workspace\Projects\Services Framework\PortalService\PortalService.Application\Identity\Login.cs:行号 27
   在 CodeArt.ServiceModel.ServiceProvider.Invoke(DTObject arg) 位置 D:\Workspace\Projects\CodeArt Framework\CodeArt\CodeArt.ServiceModel\ServiceProvider\ServiceProvider.cs:行号 19
   在 CodeArt.ServiceModel.ServiceProvider.Invoke(ServiceRequest request) 位置 D:\Workspace\Projects\CodeArt Framework\CodeArt\CodeArt.ServiceModel\ServiceProvider\ServiceProvider.cs:行号 14
   在 CodeArt.ServiceModel.MQServiceHandler.ProcessService(ServiceRequest request) 位置 D:\Workspace\Projects\CodeArt Framework\CodeArt\CodeArt.ServiceModel.MQ\MQServiceHandler.cs:行号 58
   在 CodeArt.ServiceModel.MQServiceHandler.Process(String method, DTObject args) 位置 D:\Workspace\Projects\CodeArt Framework\CodeArt\CodeArt.ServiceModel.MQ\MQServiceHandler.cs:行号 34
2018-03-03 11:21:45.6930 FATAL 消息：未找到成员“IEnumerable`1..ctor()”。；堆栈：   在 CodeArt.Runtime.IL.MethodGenerator.NewObject(Type declaringType, Type[] parameterTypes) 位置 D:\Workspace\Projects\CodeArt Framework\CodeArt\CodeArt\Runtime\IL\DynamicMethod\MethodGenerator\MGNewObject.cs:行号 83
   在 CodeArt.Runtime.IL.MethodGenerator.NewObject(Type declaringType) 位置 D:\Workspace\Projects\CodeArt Framework\CodeArt\CodeArt\Runtime\IL\DynamicMethod\MethodGenerator\MGNewObject.cs:行号 90
   在 CodeArt.DTO.CollectionSerializationInfo.<>c__DisplayClass3_0.<GenerateDeserializeIL>b__5() 位置 D:\Workspace\Projects\CodeArt Framework\CodeArt\CodeArt\DTO\Serialization\SerializationInfo\Member\CollectionSerializationInfo.cs:行号 84
   在 CodeArt.Runtime.IL.MethodGenerator.Assign(IVariable variable, Action loadValue) 位置 D:\Workspace\Projects\CodeArt Framework\CodeArt\CodeArt\Runtime\IL\DynamicMethod\MethodGenerator\MGAssign.cs:行号 31
   在 CodeArt.DTO.CollectionSerializationInfo.<>c__DisplayClass3_1.<GenerateDeserializeIL>b__3() 位置 D:\Workspace\Projects\CodeArt Framework\CodeArt\CodeArt\DTO\Serialization\SerializationInfo\Member\CollectionSerializationInfo.cs:行号 82
   在 CodeArt.Runtime.IL.MethodGenerator.If(Func`1 condition, Action trueAction, Action falseAction) 位置 D:\Workspace\Projects\CodeArt Framework\CodeArt\CodeArt\Runtime\IL\DynamicMethod\MethodGenerator\MGIf.cs:行号 26
   在 CodeArt.DTO.CollectionSerializationInfo.<>c__DisplayClass3_0.<GenerateDeserializeIL>b__0() 位置 D:\Workspace\Projects\CodeArt Framework\CodeArt\CodeArt\DTO\Serialization\SerializationInfo\Member\CollectionSerializationInfo.cs:行号 72
   在 CodeArt.Runtime.IL.MethodGenerator.Assign(PropertyInfo property, Action loadValue) 位置 D:\Workspace\Projects\CodeArt Framework\CodeArt\CodeArt\Runtime\IL\DynamicMethod\MethodGenerator\MGAssign.cs:行号 67
   在 CodeArt.DTO.MemberSerializationInfo.SetMember(MethodGenerator g, Action loadValue) 位置 D:\Workspace\Projects\CodeArt Framework\CodeArt\CodeArt\DTO\Serialization\SerializationInfo\Member\MemberSerializationInfo.cs:行号 252
   在 CodeArt.DTO.CollectionSerializationInfo.GenerateDeserializeIL(MethodGenerator g) 位置 D:\Workspace\Projects\CodeArt Framework\CodeArt\CodeArt\DTO\Serialization\SerializationInfo\Member\CollectionSerializationInfo.cs:行号 62
   在 CodeArt.DTO.DTODeserializeMethodGenerator.ReadMembers(MethodGenerator g, TypeSerializationInfo typeInfo) 位置 D:\Workspace\Projects\CodeArt Framework\CodeArt\CodeArt\DTO\Serialization\SerializationInfo\MethodGenerator\DTODeserializeMethodGenerator.cs:行号 86
   在 CodeArt.DTO.DTODeserializeMethodGenerator.GenerateMethod(TypeSerializationInfo typeInfo) 位置 D:\Workspace\Projects\CodeArt Framework\CodeArt\CodeArt\DTO\Serialization\SerializationInfo\MethodGenerator\DTODeserializeMethodGenerator.cs:行号 34
   在 CodeArt.DTO.TypeSerializationInfo.CreateDeserializeMethod() 位置 D:\Workspace\Projects\CodeArt Framework\CodeArt\CodeArt\DTO\Serialization\SerializationInfo\TypeSerializationInfo.cs:行号 172
   在 CodeArt.DTO.TypeSerializationInfo.Initialize() 位置 D:\Workspace\Projects\CodeArt Framework\CodeArt\CodeArt\DTO\Serialization\SerializationInfo\TypeSerializationInfo.cs:行号 79
   在 CodeArt.DTO.TypeSchemaCodeInfo..ctor(Type classType, String schemaCode) 位置 D:\Workspace\Projects\CodeArt Framework\CodeArt\CodeArt\DTO\Serialization\SchemaCode\TypeSchemaCodeInfo.cs:行号 29
   在 CodeArt.DTO.TypeSchemaCodeInfo.<>c__DisplayClass10_0.<.cctor>b__1(String schemaCode) 位置 D:\Workspace\Projects\CodeArt Framework\CodeArt\CodeArt\DTO\Serialization\SchemaCode\TypeSchemaCodeInfo.cs:行号 116
   在 CodeArt.Util.LazyIndexer.<>c__DisplayClass2_0`2.<Init>b__0(TKey key) 位置 D:\Workspace\Projects\CodeArt Framework\CodeArt\CodeArt\Util\LazyIndexer.cs:行号 56
   在 CodeArt.DTO.TypeSchemaCodeInfo.GetTypeInfo(Type classType, String schemaCode) 位置 D:\Workspace\Projects\CodeArt Framework\CodeArt\CodeArt\DTO\Serialization\SchemaCode\TypeSchemaCodeInfo.cs:行号 123
   在 CodeArt.DTO.DTObjectMapper.Load(String schemaCode, Object instance, Boolean isPinned) 位置 D:\Workspace\Projects\CodeArt Framework\CodeArt\CodeArt\DTO\Serialization\SchemaCode\DTObjectMapper.cs:行号 55
   在 CodeArt.DTO.SchemaCodeWriter.Write(String name, Object value) 位置 D:\Workspace\Projects\CodeArt Framework\CodeArt\CodeArt\DTO\Serialization\SchemaCode\SchemaCodeWriter.cs:行号 56
   在 DTOSerialize_302d1070129347bcaa92f336d13961a8(Object , IDTOWriter )
   在 CodeArt.DTO.TypeSchemaCodeInfo.Serialize(Object instance, DTObject dto) 位置 D:\Workspace\Projects\CodeArt Framework\CodeArt\CodeArt\DTO\Serialization\SchemaCode\TypeSchemaCodeInfo.cs:行号 57
   在 CodeArt.DTO.TypeSerializationInfo.Serialize(Object instance, Boolean isPinned) 位置 D:\Workspace\Projects\CodeArt Framework\CodeArt\CodeArt\DTO\Serialization\SerializationInfo\TypeSerializationInfo.cs:行号 180
   在 CodeArt.DTO.DTObjectMapper.Load(String schemaCode, Object instance, Boolean isPinned) 位置 D:\Workspace\Projects\CodeArt Framework\CodeArt\CodeArt\DTO\Serialization\SchemaCode\DTObjectMapper.cs:行号 56
   在 CodeArt.DTO.DTObject.CreateReusable(String schemaCode, Object target) 位置 D:\Workspace\Projects\CodeArt Framework\CodeArt\CodeArt\DTO\DTObject.cs:行号 1094
   在 PortalService.Application.Login.DynamicInvoke(Object arg) 位置 D:\Workspace\Projects\Services Framework\PortalService\PortalService.Application\Identity\Login.cs:行号 27
   在 CodeArt.ServiceModel.ServiceProvider.Invoke(DTObject arg) 位置 D:\Workspace\Projects\CodeArt Framework\CodeArt\CodeArt.ServiceModel\ServiceProvider\ServiceProvider.cs:行号 19
   在 CodeArt.ServiceModel.ServiceProvider.Invoke(ServiceRequest request) 位置 D:\Workspace\Projects\CodeArt Framework\CodeArt\CodeArt.ServiceModel\ServiceProvider\ServiceProvider.cs:行号 14
   在 CodeArt.ServiceModel.MQServiceHandler.ProcessService(ServiceRequest request) 位置 D:\Workspace\Projects\CodeArt Framework\CodeArt\CodeArt.ServiceModel.MQ\MQServiceHandler.cs:行号 58
   在 CodeArt.ServiceModel.MQServiceHandler.Process(String method, DTObject args) 位置 D:\Workspace\Projects\CodeArt Framework\CodeArt\CodeArt.ServiceModel.MQ\MQServiceHandler.cs:行号 34
2018-03-03 11:22:32.7228 FATAL 消息：未找到成员“IEnumerable`1..ctor()”。；堆栈：   在 CodeArt.Runtime.IL.MethodGenerator.NewObject(Type declaringType, Type[] parameterTypes) 位置 D:\Workspace\Projects\CodeArt Framework\CodeArt\CodeArt\Runtime\IL\DynamicMethod\MethodGenerator\MGNewObject.cs:行号 83
   在 CodeArt.Runtime.IL.MethodGenerator.NewObject(Type declaringType) 位置 D:\Workspace\Projects\CodeArt Framework\CodeArt\CodeArt\Runtime\IL\DynamicMethod\MethodGenerator\MGNewObject.cs:行号 90
   在 CodeArt.DTO.CollectionSerializationInfo.<>c__DisplayClass3_0.<GenerateDeserializeIL>b__5() 位置 D:\Workspace\Projects\CodeArt Framework\CodeArt\CodeArt\DTO\Serialization\SerializationInfo\Member\CollectionSerializationInfo.cs:行号 84
   在 CodeArt.Runtime.IL.MethodGenerator.Assign(IVariable variable, Action loadValue) 位置 D:\Workspace\Projects\CodeArt Framework\CodeArt\CodeArt\Runtime\IL\DynamicMethod\MethodGenerator\MGAssign.cs:行号 31
   在 CodeArt.DTO.CollectionSerializationInfo.<>c__DisplayClass3_1.<GenerateDeserializeIL>b__3() 位置 D:\Workspace\Projects\CodeArt Framework\CodeArt\CodeArt\DTO\Serialization\SerializationInfo\Member\CollectionSerializationInfo.cs:行号 82
   在 CodeArt.Runtime.IL.MethodGenerator.If(Func`1 condition, Action trueAction, Action falseAction) 位置 D:\Workspace\Projects\CodeArt Framework\CodeArt\CodeArt\Runtime\IL\DynamicMethod\MethodGenerator\MGIf.cs:行号 26
   在 CodeArt.DTO.CollectionSerializationInfo.<>c__DisplayClass3_0.<GenerateDeserializeIL>b__0() 位置 D:\Workspace\Projects\CodeArt Framework\CodeArt\CodeArt\DTO\Serialization\SerializationInfo\Member\CollectionSerializationInfo.cs:行号 72
   在 CodeArt.Runtime.IL.MethodGenerator.Assign(PropertyInfo property, Action loadValue) 位置 D:\Workspace\Projects\CodeArt Framework\CodeArt\CodeArt\Runtime\IL\DynamicMethod\MethodGenerator\MGAssign.cs:行号 67
   在 CodeArt.DTO.MemberSerializationInfo.SetMember(MethodGenerator g, Action loadValue) 位置 D:\Workspace\Projects\CodeArt Framework\CodeArt\CodeArt\DTO\Serialization\SerializationInfo\Member\MemberSerializationInfo.cs:行号 252
   在 CodeArt.DTO.CollectionSerializationInfo.GenerateDeserializeIL(MethodGenerator g) 位置 D:\Workspace\Projects\CodeArt Framework\CodeArt\CodeArt\DTO\Serialization\SerializationInfo\Member\CollectionSerializationInfo.cs:行号 62
   在 CodeArt.DTO.DTODeserializeMethodGenerator.ReadMembers(MethodGenerator g, TypeSerializationInfo typeInfo) 位置 D:\Workspace\Projects\CodeArt Framework\CodeArt\CodeArt\DTO\Serialization\SerializationInfo\MethodGenerator\DTODeserializeMethodGenerator.cs:行号 86
   在 CodeArt.DTO.DTODeserializeMethodGenerator.GenerateMethod(TypeSerializationInfo typeInfo) 位置 D:\Workspace\Projects\CodeArt Framework\CodeArt\CodeArt\DTO\Serialization\SerializationInfo\MethodGenerator\DTODeserializeMethodGenerator.cs:行号 34
   在 CodeArt.DTO.TypeSerializationInfo.CreateDeserializeMethod() 位置 D:\Workspace\Projects\CodeArt Framework\CodeArt\CodeArt\DTO\Serialization\SerializationInfo\TypeSerializationInfo.cs:行号 172
   在 CodeArt.DTO.TypeSerializationInfo.Initialize() 位置 D:\Workspace\Projects\CodeArt Framework\CodeArt\CodeArt\DTO\Serialization\SerializationInfo\TypeSerializationInfo.cs:行号 79
   在 CodeArt.DTO.TypeSchemaCodeInfo..ctor(Type classType, String schemaCode) 位置 D:\Workspace\Projects\CodeArt Framework\CodeArt\CodeArt\DTO\Serialization\SchemaCode\TypeSchemaCodeInfo.cs:行号 29
   在 CodeArt.DTO.TypeSchemaCodeInfo.<>c__DisplayClass10_0.<.cctor>b__1(String schemaCode) 位置 D:\Workspace\Projects\CodeArt Framework\CodeArt\CodeArt\DTO\Serialization\SchemaCode\TypeSchemaCodeInfo.cs:行号 116
   在 CodeArt.Util.LazyIndexer.<>c__DisplayClass2_0`2.<Init>b__0(TKey key) 位置 D:\Workspace\Projects\CodeArt Framework\CodeArt\CodeArt\Util\LazyIndexer.cs:行号 56
   在 CodeArt.DTO.TypeSchemaCodeInfo.GetTypeInfo(Type classType, String schemaCode) 位置 D:\Workspace\Projects\CodeArt Framework\CodeArt\CodeArt\DTO\Serialization\SchemaCode\TypeSchemaCodeInfo.cs:行号 123
   在 CodeArt.DTO.DTObjectMapper.Load(String schemaCode, Object instance, Boolean isPinned) 位置 D:\Workspace\Projects\CodeArt Framework\CodeArt\CodeArt\DTO\Serialization\SchemaCode\DTObjectMapper.cs:行号 55
   在 CodeArt.DTO.SchemaCodeWriter.Write(String name, Object value) 位置 D:\Workspace\Projects\CodeArt Framework\CodeArt\CodeArt\DTO\Serialization\SchemaCode\SchemaCodeWriter.cs:行号 56
   在 DTOSerialize_302d1070129347bcaa92f336d13961a8(Object , IDTOWriter )
   在 CodeArt.DTO.TypeSchemaCodeInfo.Serialize(Object instance, DTObject dto) 位置 D:\Workspace\Projects\CodeArt Framework\CodeArt\CodeArt\DTO\Serialization\SchemaCode\TypeSchemaCodeInfo.cs:行号 57
   在 CodeArt.DTO.TypeSerializationInfo.Serialize(Object instance, Boolean isPinned) 位置 D:\Workspace\Projects\CodeArt Framework\CodeArt\CodeArt\DTO\Serialization\SerializationInfo\TypeSerializationInfo.cs:行号 180
   在 CodeArt.DTO.DTObjectMapper.Load(String schemaCode, Object instance, Boolean isPinned) 位置 D:\Workspace\Projects\CodeArt Framework\CodeArt\CodeArt\DTO\Serialization\SchemaCode\DTObjectMapper.cs:行号 56
   在 CodeArt.DTO.DTObject.CreateReusable(String schemaCode, Object target) 位置 D:\Workspace\Projects\CodeArt Framework\CodeArt\CodeArt\DTO\DTObject.cs:行号 1094
   在 PortalService.Application.Login.DynamicInvoke(Object arg) 位置 D:\Workspace\Projects\Services Framework\PortalService\PortalService.Application\Identity\Login.cs:行号 27
   在 CodeArt.ServiceModel.ServiceProvider.Invoke(DTObject arg) 位置 D:\Workspace\Projects\CodeArt Framework\CodeArt\CodeArt.ServiceModel\ServiceProvider\ServiceProvider.cs:行号 19
   在 CodeArt.ServiceModel.ServiceProvider.Invoke(ServiceRequest request) 位置 D:\Workspace\Projects\CodeArt Framework\CodeArt\CodeArt.ServiceModel\ServiceProvider\ServiceProvider.cs:行号 14
   在 CodeArt.ServiceModel.MQServiceHandler.ProcessService(ServiceRequest request) 位置 D:\Workspace\Projects\CodeArt Framework\CodeArt\CodeArt.ServiceModel.MQ\MQServiceHandler.cs:行号 58
   在 CodeArt.ServiceModel.MQServiceHandler.Process(String method, DTObject args) 位置 D:\Workspace\Projects\CodeArt Framework\CodeArt\CodeArt.ServiceModel.MQ\MQServiceHandler.cs:行号 34
2018-03-03 11:53:07.4886 FATAL 消息：
账号名或密码错误
；堆栈：
