2018-03-20 03:29:57.9768 FATAL 消息：没有找到arg对应的DTO实体！；堆栈：   在 CodeArt.DTO.DTObject.FindEntity(String findExp, Boolean throwError) 位置 D:\Workspace\Projects\CodeArt Framework\CodeArt\CodeArt\DTO\DTObject.cs:行号 888
   在 CodeArt.DTO.DTObject.FindEntity[T](String findExp, Boolean throwError) 位置 D:\Workspace\Projects\CodeArt Framework\CodeArt\CodeArt\DTO\DTObject.cs:行号 933
   在 CodeArt.DTO.DTObject.GetObject(String findExp, Boolean throwError) 位置 D:\Workspace\Projects\CodeArt Framework\CodeArt\CodeArt\DTO\DTObject.cs:行号 699
   在 CodeArt.DTO.DTObject.GetObject(String findExp) 位置 D:\Workspace\Projects\CodeArt Framework\CodeArt\CodeArt\DTO\DTObject.cs:行号 687
   在 CodeArt.RabbitMQ.RPCServer.<>c__DisplayClass5_0.<CodeArt.RabbitMQ.IMessageHandler.Handle>b__0() 位置 D:\Workspace\Projects\CodeArt Framework\CodeArt\CodeArt.RabbitMQ\RPC\RPCServer.cs:行号 55
2018-03-20 03:30:34.0662 FATAL 消息：没有找到名称为db-Account或 db-default 的连接配置；堆栈：   at CodeArt.Data.SqlConnectionProvider.<>c.<.cctor>b__4_0(String connName) in D:\Workspace\Projects\CodeArt Framework\CodeArt\CodeArt\Data\SqlConnectionProvider.cs:line 29
   at CodeArt.Util.LazyIndexer.<>c__DisplayClass2_0`2.<Init>b__0(TKey key) in D:\Workspace\Projects\CodeArt Framework\CodeArt\CodeArt\Util\LazyIndexer.cs:line 56
   at CodeArt.Data.SqlConnectionProvider.GetConnectionString(String connName) in D:\Workspace\Projects\CodeArt Framework\CodeArt\CodeArt\Data\SqlConnectionProvider.cs:line 19
   at CodeArt.DomainDriven.SqlSessionConnectionProvider.GetConnectionString(String connName) in D:\Workspace\Projects\CodeArt Framework\CodeArt\CodeArt.DomainDriven.Extensions\SqlSessionConnectionProvider.cs:line 25
   at CodeArt.DomainDriven.DataAccess.SqlHelper.GetConnectionString(String connName) in D:\Workspace\Projects\CodeArt Framework\CodeArt\CodeArt.DomainDriven.DataAccess\SqlHelper.cs:line 93
   at CodeArt.DomainDriven.DataAccess.SqlHelper.Execute(String connName, String sql, Object param) in D:\Workspace\Projects\CodeArt Framework\CodeArt\CodeArt.DomainDriven.DataAccess\SqlHelper.cs:line 26
   at CodeArt.DomainDriven.DataAccess.DataTable.<Build>b__246_0() in D:\Workspace\Projects\CodeArt Framework\CodeArt\CodeArt.DomainDriven.DataAccess\DataModel\Table\Life.cs:line 21
   at CodeArt.DomainDriven.DataAccess.DataTable.IfUnBuilt(String name, Action action) in D:\Workspace\Projects\CodeArt Framework\CodeArt\CodeArt.DomainDriven.DataAccess\DataModel\Table\Life.cs:line 35
   at CodeArt.DomainDriven.DataAccess.DataTable.Build() in D:\Workspace\Projects\CodeArt Framework\CodeArt\CodeArt.DomainDriven.DataAccess\DataModel\Table\Life.cs:line 18
   at CodeArt.DomainDriven.DataAccess.DataTable..ctor(Type objectType, Boolean isSnapshot, DataTable chainRoot, DataTable master, DataTableType type, String name, IEnumerable`1 tableFields, IEnumerable`1 objectFields, IDataField memberField) in D:\Workspace\Projects\CodeArt Framework\CodeArt\CodeArt.DomainDriven.DataAccess\DataModel\Table\Factory.cs:line 384
   at CodeArt.DomainDriven.DataAccess.DataTable.Create(DataTable root, DataTable master, Type objectType, Boolean isSnapshot, DataTableType tableType, String tableName, IEnumerable`1 objectFields, IDataField memberField) in D:\Workspace\Projects\CodeArt Framework\CodeArt\CodeArt.DomainDriven.DataAccess\DataModel\Table\Factory.cs:line 653
   at CodeArt.DomainDriven.DataAccess.DataTable.Create(DataTable root, DataTable master, Type objectType, Boolean isSnapshot, DataTableType tableType, IEnumerable`1 objectFields, IDataField memberField) in D:\Workspace\Projects\CodeArt Framework\CodeArt\CodeArt.DomainDriven.DataAccess\DataModel\Table\Factory.cs:line 605
   at CodeArt.DomainDriven.DataAccess.DataTable.CreateValueObjectTable(DataTable root, DataTable master, IDataField memberField, Type objectType) in D:\Workspace\Projects\CodeArt Framework\CodeArt\CodeArt.DomainDriven.DataAccess\DataModel\Table\Childs.cs:line 175
   at CodeArt.DomainDriven.DataAccess.DataTable.CreateChildTable(DataTable master, IDataField memberField, Type objectType) in D:\Workspace\Projects\CodeArt Framework\CodeArt\CodeArt.DomainDriven.DataAccess\DataModel\Table\Childs.cs:line 93
   at CodeArt.DomainDriven.DataAccess.DataTable.InitBuildtimeChilds() in D:\Workspace\Projects\CodeArt Framework\CodeArt\CodeArt.DomainDriven.DataAccess\DataModel\Table\Childs.cs:line 77
   at CodeArt.DomainDriven.DataAccess.DataTable.InitChilds() in D:\Workspace\Projects\CodeArt Framework\CodeArt\CodeArt.DomainDriven.DataAccess\DataModel\Table\Childs.cs:line 57
   at CodeArt.DomainDriven.DataAccess.DataTable..ctor(Type objectType, Boolean isSnapshot, DataTable chainRoot, DataTable master, DataTableType type, String name, IEnumerable`1 tableFields, IEnumerable`1 objectFields, IDataField memberField) in D:\Workspace\Projects\CodeArt Framework\CodeArt\CodeArt.DomainDriven.DataAccess\DataModel\Table\Factory.cs:line 379
   at CodeArt.DomainDriven.DataAccess.DataTable.Create(DataTable root, DataTable master, Type objectType, Boolean isSnapshot, DataTableType tableType, String tableName, IEnumerable`1 objectFields, IDataField memberField) in D:\Workspace\Projects\CodeArt Framework\CodeArt\CodeArt.DomainDriven.DataAccess\DataModel\Table\Factory.cs:line 653
   at CodeArt.DomainDriven.DataAccess.DataTable.Create(DataTable root, DataTable master, Type objectType, Boolean isSnapshot, DataTableType tableType, IEnumerable`1 objectFields, IDataField memberField) in D:\Workspace\Projects\CodeArt Framework\CodeArt\CodeArt.DomainDriven.DataAccess\DataModel\Table\Factory.cs:line 605
   at CodeArt.DomainDriven.DataAccess.DataTable.CreateEntityObjectTable(DataTable root, DataTable master, IDataField memberField, Type objectType) in D:\Workspace\Projects\CodeArt Framework\CodeArt\CodeArt.DomainDriven.DataAccess\DataModel\Table\Childs.cs:line 207
   at CodeArt.DomainDriven.DataAccess.DataTable.CreateChildTable(DataTable master, IDataField memberField, Type objectType) in D:\Workspace\Projects\CodeArt Framework\CodeArt\CodeArt.DomainDriven.DataAccess\DataModel\Table\Childs.cs:line 98
   at CodeArt.DomainDriven.DataAccess.DataTable.InitBuildtimeChilds() in D:\Workspace\Projects\CodeArt Framework\CodeArt\CodeArt.DomainDriven.DataAccess\DataModel\Table\Childs.cs:line 77
   at CodeArt.DomainDriven.DataAccess.DataTable.InitChilds() in D:\Workspace\Projects\CodeArt Framework\CodeArt\CodeArt.DomainDriven.DataAccess\DataModel\Table\Childs.cs:line 57
   at CodeArt.DomainDriven.DataAccess.DataTable..ctor(Type objectType, Boolean isSnapshot, DataTable chainRoot, DataTable master, DataTableType type, String name, IEnumerable`1 tableFields, IEnumerable`1 objectFields, IDataField memberField) in D:\Workspace\Projects\CodeArt Framework\CodeArt\CodeArt.DomainDriven.DataAccess\DataModel\Table\Factory.cs:line 379
   at CodeArt.DomainDriven.DataAccess.DataTable.Create(DataTable root, DataTable master, Type objectType, Boolean isSnapshot, DataTableType tableType, String tableName, IEnumerable`1 objectFields, IDataField memberField) in D:\Workspace\Projects\CodeArt Framework\CodeArt\CodeArt.DomainDriven.DataAccess\DataModel\Table\Factory.cs:line 653
   at CodeArt.DomainDriven.DataAccess.DataTable.Create(DataTable root, DataTable master, Type objectType, Boolean isSnapshot, DataTableType tableType, IEnumerable`1 objectFields, IDataField memberField) in D:\Workspace\Projects\CodeArt Framework\CodeArt\CodeArt.DomainDriven.DataAccess\DataModel\Table\Factory.cs:line 605
   at CodeArt.DomainDriven.DataAccess.DataTable.Create(Type objectType, IEnumerable`1 objectFields) in D:\Workspace\Projects\CodeArt Framework\CodeArt\CodeArt.DomainDriven.DataAccess\DataModel\Table\Factory.cs:line 574
   at CodeArt.DomainDriven.DataAccess.DataModel.CreateNew(Type objectType) in D:\Workspace\Projects\CodeArt Framework\CodeArt\CodeArt.DomainDriven.DataAccess\DataModel\DataModel.cs:line 150
   at CodeArt.DomainDriven.DataAccess.DataModel.<>c.<.cctor>b__32_0(Type objectType) in D:\Workspace\Projects\CodeArt Framework\CodeArt\CodeArt.DomainDriven.DataAccess\DataModel\DataModel.cs:line 137
   at CodeArt.Util.LazyIndexer.<>c__DisplayClass2_0`2.<Init>b__0(TKey key) in D:\Workspace\Projects\CodeArt Framework\CodeArt\CodeArt\Util\LazyIndexer.cs:line 56
   at CodeArt.DomainDriven.DataAccess.DataModel.Create(Type objectType) in D:\Workspace\Projects\CodeArt Framework\CodeArt\CodeArt.DomainDriven.DataAccess\DataModel\DataModel.cs:line 142
   at CodeArt.DomainDriven.DataAccess.DataPortal.QuerySingle[T](String expression, Action`1 fillArg, QueryLevel level) in D:\Workspace\Projects\CodeArt Framework\CodeArt\CodeArt.DomainDriven.DataAccess\DataPortal\DataPortal.cs:line 143
   at CodeArt.DomainDriven.DataAccess.DataContextExtensions.<>c__DisplayClass0_0`1.<QuerySingle>b__0() in D:\Workspace\Projects\CodeArt Framework\CodeArt\CodeArt.DomainDriven.DataAccess\Common\DataContextExtensions.cs:line 26
   at CodeArt.DomainDriven.DataContext.RegisterQueried[T](QueryLevel level, Func`1 persistQuery) in D:\Workspace\Projects\CodeArt Framework\CodeArt\CodeArt.DomainDriven\Repository\DataContext\DataContext.cs:line 183
   at CodeArt.DomainDriven.DataAccess.DataContextExtensions.QuerySingle[T](IDataContext dataContext, String expression, Action`1 fillArg, QueryLevel level) in D:\Workspace\Projects\CodeArt Framework\CodeArt\CodeArt.DomainDriven.DataAccess\Common\DataContextExtensions.cs:line 24
   at CodeArt.DomainDriven.DataAccess.SqlRepository`1.QuerySingle[T](String expression, Action`1 fillArg, QueryLevel level) in D:\Workspace\Projects\CodeArt Framework\CodeArt\CodeArt.DomainDriven.DataAccess\Common\SqlRepository.cs:line 49
   at AccountSubsystem.SqlAccountRepository.FindByFlag(String nameOrEmail, String password, QueryLevel level) in D:\Workspace\Projects\Subsystems Framework\AccountSubsystem\AccountSubsystem\Account\SqlAccountRepository.cs:line 45
   at AccountSubsystem.Login.ExecuteProcedure() in D:\Workspace\Projects\Subsystems Framework\AccountSubsystem\AccountSubsystem\Account\Application\Login.cs:line 27
   at CodeArt.DomainDriven.Command`1.<>c__DisplayClass0_0.<Execute>b__1() in D:\Workspace\Projects\CodeArt Framework\CodeArt\CodeArt.DomainDriven\Command\Command.cs:line 32
   at CodeArt.DomainDriven.DataContext.Using(DataContext dataContext, Action action, Boolean timely, Boolean newScope) in D:\Workspace\Projects\CodeArt Framework\CodeArt\CodeArt.DomainDriven\Repository\DataContext\DataContext.cs:line 707
   at CodeArt.DomainDriven.DataContext.Using(Action action, Boolean timely) in D:\Workspace\Projects\CodeArt Framework\CodeArt\CodeArt.DomainDriven\Repository\DataContext\DataContext.cs:line 714
   at CodeArt.DomainDriven.Command`1.<>c__DisplayClass0_0.<Execute>b__0() in D:\Workspace\Projects\CodeArt Framework\CodeArt\CodeArt.DomainDriven\Command\Command.cs:line 30
   at CodeArt.DomainDriven.CommandBase.ExecuteImpl(Action action) in D:\Workspace\Projects\CodeArt Framework\CodeArt\CodeArt.DomainDriven\Command\CommandBase.cs:line 29
   at CodeArt.DomainDriven.Command`1.Execute() in D:\Workspace\Projects\CodeArt Framework\CodeArt\CodeArt.DomainDriven\Command\Command.cs:line 28
   at PortalService.Application.Login.DynamicInvoke(Object arg) in D:\Workspace\Projects\Services Framework\PortalService\PortalService.Application\Identity\Login.cs:line 24
   at CodeArt.ServiceModel.ServiceProvider.Invoke(DTObject arg) in D:\Workspace\Projects\CodeArt Framework\CodeArt\CodeArt.ServiceModel\ServiceProvider\ServiceProvider.cs:line 19
   at CodeArt.ServiceModel.ServiceProvider.Invoke(ServiceRequest request) in D:\Workspace\Projects\CodeArt Framework\CodeArt\CodeArt.ServiceModel\ServiceProvider\ServiceProvider.cs:line 14
   at CodeArt.ServiceModel.MQServiceHandler.ProcessService(ServiceRequest request) in D:\Workspace\Projects\CodeArt Framework\CodeArt\CodeArt.ServiceModel.MQ\MQServiceHandler.cs:line 58
   at CodeArt.ServiceModel.MQServiceHandler.Process(String method, DTObject arg) in D:\Workspace\Projects\CodeArt Framework\CodeArt\CodeArt.ServiceModel.MQ\MQServiceHandler.cs:line 34
2018-03-20 03:32:30.8186 FATAL 消息：没有找到名称为db-Snapshot_Account或 db-default 的连接配置；堆栈：   at CodeArt.Data.SqlConnectionProvider.<>c.<.cctor>b__4_0(String connName) in D:\Workspace\Projects\CodeArt Framework\CodeArt\CodeArt\Data\SqlConnectionProvider.cs:line 29
   at CodeArt.Util.LazyIndexer.<>c__DisplayClass2_0`2.<Init>b__0(TKey key) in D:\Workspace\Projects\CodeArt Framework\CodeArt\CodeArt\Util\LazyIndexer.cs:line 56
   at CodeArt.Data.SqlConnectionProvider.GetConnectionString(String connName) in D:\Workspace\Projects\CodeArt Framework\CodeArt\CodeArt\Data\SqlConnectionProvider.cs:line 19
   at CodeArt.DomainDriven.SqlSessionConnectionProvider.GetConnectionString(String connName) in D:\Workspace\Projects\CodeArt Framework\CodeArt\CodeArt.DomainDriven.Extensions\SqlSessionConnectionProvider.cs:line 25
   at CodeArt.DomainDriven.DataAccess.SqlHelper.GetConnectionString(String connName) in D:\Workspace\Projects\CodeArt Framework\CodeArt\CodeArt.DomainDriven.DataAccess\SqlHelper.cs:line 93
   at CodeArt.DomainDriven.DataAccess.SqlHelper.Execute(String connName, String sql, Object param) in D:\Workspace\Projects\CodeArt Framework\CodeArt\CodeArt.DomainDriven.DataAccess\SqlHelper.cs:line 26
   at CodeArt.DomainDriven.DataAccess.DataTable.<Build>b__246_0() in D:\Workspace\Projects\CodeArt Framework\CodeArt\CodeArt.DomainDriven.DataAccess\DataModel\Table\Life.cs:line 21
   at CodeArt.DomainDriven.DataAccess.DataTable.IfUnBuilt(String name, Action action) in D:\Workspace\Projects\CodeArt Framework\CodeArt\CodeArt.DomainDriven.DataAccess\DataModel\Table\Life.cs:line 35
   at CodeArt.DomainDriven.DataAccess.DataTable.Build() in D:\Workspace\Projects\CodeArt Framework\CodeArt\CodeArt.DomainDriven.DataAccess\DataModel\Table\Life.cs:line 18
   at CodeArt.DomainDriven.DataAccess.DataTable..ctor(Type objectType, Boolean isSnapshot, DataTable chainRoot, DataTable master, DataTableType type, String name, IEnumerable`1 tableFields, IEnumerable`1 objectFields, IDataField memberField) in D:\Workspace\Projects\CodeArt Framework\CodeArt\CodeArt.DomainDriven.DataAccess\DataModel\Table\Factory.cs:line 384
   at CodeArt.DomainDriven.DataAccess.DataTable.Create(DataTable root, DataTable master, Type objectType, Boolean isSnapshot, DataTableType tableType, String tableName, IEnumerable`1 objectFields, IDataField memberField) in D:\Workspace\Projects\CodeArt Framework\CodeArt\CodeArt.DomainDriven.DataAccess\DataModel\Table\Factory.cs:line 653
   at CodeArt.DomainDriven.DataAccess.DataTable.Create(DataTable root, DataTable master, Type objectType, Boolean isSnapshot, DataTableType tableType, IEnumerable`1 objectFields, IDataField memberField) in D:\Workspace\Projects\CodeArt Framework\CodeArt\CodeArt.DomainDriven.DataAccess\DataModel\Table\Factory.cs:line 605
   at CodeArt.DomainDriven.DataAccess.DataTable.CreateSnapshot(Type objectType, IEnumerable`1 objectFields) in D:\Workspace\Projects\CodeArt Framework\CodeArt\CodeArt.DomainDriven.DataAccess\DataModel\Table\Factory.cs:line 591
   at CodeArt.DomainDriven.DataAccess.DataModel.CreateNew(Type objectType) in D:\Workspace\Projects\CodeArt Framework\CodeArt\CodeArt.DomainDriven.DataAccess\DataModel\DataModel.cs:line 153
   at CodeArt.DomainDriven.DataAccess.DataModel.<>c.<.cctor>b__32_0(Type objectType) in D:\Workspace\Projects\CodeArt Framework\CodeArt\CodeArt.DomainDriven.DataAccess\DataModel\DataModel.cs:line 137
   at CodeArt.Util.LazyIndexer.<>c__DisplayClass2_0`2.<Init>b__0(TKey key) in D:\Workspace\Projects\CodeArt Framework\CodeArt\CodeArt\Util\LazyIndexer.cs:line 56
   at CodeArt.DomainDriven.DataAccess.DataModel.Create(Type objectType) in D:\Workspace\Projects\CodeArt Framework\CodeArt\CodeArt.DomainDriven.DataAccess\DataModel\DataModel.cs:line 142
   at CodeArt.DomainDriven.DataAccess.DataPortal.QuerySingle[T](String expression, Action`1 fillArg, QueryLevel level) in D:\Workspace\Projects\CodeArt Framework\CodeArt\CodeArt.DomainDriven.DataAccess\DataPortal\DataPortal.cs:line 143
   at CodeArt.DomainDriven.DataAccess.DataContextExtensions.<>c__DisplayClass0_0`1.<QuerySingle>b__0() in D:\Workspace\Projects\CodeArt Framework\CodeArt\CodeArt.DomainDriven.DataAccess\Common\DataContextExtensions.cs:line 26
   at CodeArt.DomainDriven.DataContext.RegisterQueried[T](QueryLevel level, Func`1 persistQuery) in D:\Workspace\Projects\CodeArt Framework\CodeArt\CodeArt.DomainDriven\Repository\DataContext\DataContext.cs:line 183
   at CodeArt.DomainDriven.DataAccess.DataContextExtensions.QuerySingle[T](IDataContext dataContext, String expression, Action`1 fillArg, QueryLevel level) in D:\Workspace\Projects\CodeArt Framework\CodeArt\CodeArt.DomainDriven.DataAccess\Common\DataContextExtensions.cs:line 24
   at CodeArt.DomainDriven.DataAccess.SqlRepository`1.QuerySingle[T](String expression, Action`1 fillArg, QueryLevel level) in D:\Workspace\Projects\CodeArt Framework\CodeArt\CodeArt.DomainDriven.DataAccess\Common\SqlRepository.cs:line 49
   at AccountSubsystem.SqlAccountRepository.FindByFlag(String nameOrEmail, String password, QueryLevel level) in D:\Workspace\Projects\Subsystems Framework\AccountSubsystem\AccountSubsystem\Account\SqlAccountRepository.cs:line 45
   at AccountSubsystem.Login.ExecuteProcedure() in D:\Workspace\Projects\Subsystems Framework\AccountSubsystem\AccountSubsystem\Account\Application\Login.cs:line 27
   at CodeArt.DomainDriven.Command`1.<>c__DisplayClass0_0.<Execute>b__1() in D:\Workspace\Projects\CodeArt Framework\CodeArt\CodeArt.DomainDriven\Command\Command.cs:line 32
   at CodeArt.DomainDriven.DataContext.Using(DataContext dataContext, Action action, Boolean timely, Boolean newScope) in D:\Workspace\Projects\CodeArt Framework\CodeArt\CodeArt.DomainDriven\Repository\DataContext\DataContext.cs:line 707
   at CodeArt.DomainDriven.DataContext.Using(Action action, Boolean timely) in D:\Workspace\Projects\CodeArt Framework\CodeArt\CodeArt.DomainDriven\Repository\DataContext\DataContext.cs:line 714
   at CodeArt.DomainDriven.Command`1.<>c__DisplayClass0_0.<Execute>b__0() in D:\Workspace\Projects\CodeArt Framework\CodeArt\CodeArt.DomainDriven\Command\Command.cs:line 30
   at CodeArt.DomainDriven.CommandBase.ExecuteImpl(Action action) in D:\Workspace\Projects\CodeArt Framework\CodeArt\CodeArt.DomainDriven\Command\CommandBase.cs:line 29
   at CodeArt.DomainDriven.Command`1.Execute() in D:\Workspace\Projects\CodeArt Framework\CodeArt\CodeArt.DomainDriven\Command\Command.cs:line 28
   at PortalService.Application.Login.DynamicInvoke(Object arg) in D:\Workspace\Projects\Services Framework\PortalService\PortalService.Application\Identity\Login.cs:line 24
   at CodeArt.ServiceModel.ServiceProvider.Invoke(DTObject arg) in D:\Workspace\Projects\CodeArt Framework\CodeArt\CodeArt.ServiceModel\ServiceProvider\ServiceProvider.cs:line 19
   at CodeArt.ServiceModel.ServiceProvider.Invoke(ServiceRequest request) in D:\Workspace\Projects\CodeArt Framework\CodeArt\CodeArt.ServiceModel\ServiceProvider\ServiceProvider.cs:line 14
   at CodeArt.ServiceModel.MQServiceHandler.ProcessService(ServiceRequest request) in D:\Workspace\Projects\CodeArt Framework\CodeArt\CodeArt.ServiceModel.MQ\MQServiceHandler.cs:line 58
   at CodeArt.ServiceModel.MQServiceHandler.Process(String method, DTObject arg) in D:\Workspace\Projects\CodeArt Framework\CodeArt\CodeArt.ServiceModel.MQ\MQServiceHandler.cs:line 34
2018-03-20 03:33:05.8702 FATAL 消息：没有找到名称为db-Account或 db-default 的连接配置；堆栈：   at CodeArt.Data.SqlConnectionProvider.<>c.<.cctor>b__4_0(String connName) in D:\Workspace\Projects\CodeArt Framework\CodeArt\CodeArt\Data\SqlConnectionProvider.cs:line 29
   at CodeArt.Util.LazyIndexer.<>c__DisplayClass2_0`2.<Init>b__0(TKey key) in D:\Workspace\Projects\CodeArt Framework\CodeArt\CodeArt\Util\LazyIndexer.cs:line 56
   at CodeArt.Data.SqlConnectionProvider.GetConnectionString(String connName) in D:\Workspace\Projects\CodeArt Framework\CodeArt\CodeArt\Data\SqlConnectionProvider.cs:line 19
   at CodeArt.DomainDriven.SqlSessionConnectionProvider.GetConnectionString(String connName) in D:\Workspace\Projects\CodeArt Framework\CodeArt\CodeArt.DomainDriven.Extensions\SqlSessionConnectionProvider.cs:line 25
   at CodeArt.DomainDriven.DataAccess.SqlHelper.GetConnectionString(String connName) in D:\Workspace\Projects\CodeArt Framework\CodeArt\CodeArt.DomainDriven.DataAccess\SqlHelper.cs:line 93
   at CodeArt.DomainDriven.DataAccess.SqlHelper.QueryFirstOrDefault(String connName, String sql, Object param, DynamicData data) in D:\Workspace\Projects\CodeArt Framework\CodeArt\CodeArt.DomainDriven.DataAccess\SqlHelper.cs:line 67
   at CodeArt.DomainDriven.DataAccess.DataTable.ExecuteQueryEntry(IQueryBuilder query, Action`1 fillArg, DynamicData data) in D:\Workspace\Projects\CodeArt Framework\CodeArt\CodeArt.DomainDriven.DataAccess\DataModel\Table\Query.cs:line 303
   at CodeArt.DomainDriven.DataAccess.DataTable.UseDataEntry(IQueryBuilder exp, Action`1 fillArg, Action`1 action) in D:\Workspace\Projects\CodeArt Framework\CodeArt\CodeArt.DomainDriven.DataAccess\DataModel\Table\Query.cs:line 268
   at CodeArt.DomainDriven.DataAccess.DataTable.QuerySingle(String expression, Action`1 fillArg, QueryLevel level) in D:\Workspace\Projects\CodeArt Framework\CodeArt\CodeArt.DomainDriven.DataAccess\DataModel\Table\Query.cs:line 111
   at CodeArt.DomainDriven.DataAccess.DataTable.QuerySingle[T](String expression, Action`1 fillArg, QueryLevel level) in D:\Workspace\Projects\CodeArt Framework\CodeArt\CodeArt.DomainDriven.DataAccess\DataModel\Table\Query.cs:line 102
   at CodeArt.DomainDriven.DataAccess.DataModel.QuerySingle[T](String expression, Action`1 fillArg, QueryLevel level) in D:\Workspace\Projects\CodeArt Framework\CodeArt\CodeArt.DomainDriven.DataAccess\DataModel\DataModel.cs:line 97
   at CodeArt.DomainDriven.DataAccess.DataPortal.QuerySingle[T](String expression, Action`1 fillArg, QueryLevel level) in D:\Workspace\Projects\CodeArt Framework\CodeArt\CodeArt.DomainDriven.DataAccess\DataPortal\DataPortal.cs:line 144
   at CodeArt.DomainDriven.DataAccess.DataContextExtensions.<>c__DisplayClass0_0`1.<QuerySingle>b__0() in D:\Workspace\Projects\CodeArt Framework\CodeArt\CodeArt.DomainDriven.DataAccess\Common\DataContextExtensions.cs:line 26
   at CodeArt.DomainDriven.DataContext.RegisterQueried[T](QueryLevel level, Func`1 persistQuery) in D:\Workspace\Projects\CodeArt Framework\CodeArt\CodeArt.DomainDriven\Repository\DataContext\DataContext.cs:line 183
   at CodeArt.DomainDriven.DataAccess.DataContextExtensions.QuerySingle[T](IDataContext dataContext, String expression, Action`1 fillArg, QueryLevel level) in D:\Workspace\Projects\CodeArt Framework\CodeArt\CodeArt.DomainDriven.DataAccess\Common\DataContextExtensions.cs:line 24
   at CodeArt.DomainDriven.DataAccess.SqlRepository`1.QuerySingle[T](String expression, Action`1 fillArg, QueryLevel level) in D:\Workspace\Projects\CodeArt Framework\CodeArt\CodeArt.DomainDriven.DataAccess\Common\SqlRepository.cs:line 49
   at AccountSubsystem.SqlAccountRepository.FindByFlag(String nameOrEmail, String password, QueryLevel level) in D:\Workspace\Projects\Subsystems Framework\AccountSubsystem\AccountSubsystem\Account\SqlAccountRepository.cs:line 45
   at AccountSubsystem.Login.ExecuteProcedure() in D:\Workspace\Projects\Subsystems Framework\AccountSubsystem\AccountSubsystem\Account\Application\Login.cs:line 27
   at CodeArt.DomainDriven.Command`1.<>c__DisplayClass0_0.<Execute>b__1() in D:\Workspace\Projects\CodeArt Framework\CodeArt\CodeArt.DomainDriven\Command\Command.cs:line 32
   at CodeArt.DomainDriven.DataContext.Using(DataContext dataContext, Action action, Boolean timely, Boolean newScope) in D:\Workspace\Projects\CodeArt Framework\CodeArt\CodeArt.DomainDriven\Repository\DataContext\DataContext.cs:line 707
   at CodeArt.DomainDriven.DataContext.Using(Action action, Boolean timely) in D:\Workspace\Projects\CodeArt Framework\CodeArt\CodeArt.DomainDriven\Repository\DataContext\DataContext.cs:line 714
   at CodeArt.DomainDriven.Command`1.<>c__DisplayClass0_0.<Execute>b__0() in D:\Workspace\Projects\CodeArt Framework\CodeArt\CodeArt.DomainDriven\Command\Command.cs:line 30
   at CodeArt.DomainDriven.CommandBase.ExecuteImpl(Action action) in D:\Workspace\Projects\CodeArt Framework\CodeArt\CodeArt.DomainDriven\Command\CommandBase.cs:line 29
   at CodeArt.DomainDriven.Command`1.Execute() in D:\Workspace\Projects\CodeArt Framework\CodeArt\CodeArt.DomainDriven\Command\Command.cs:line 28
   at PortalService.Application.Login.DynamicInvoke(Object arg) in D:\Workspace\Projects\Services Framework\PortalService\PortalService.Application\Identity\Login.cs:line 24
   at CodeArt.ServiceModel.ServiceProvider.Invoke(DTObject arg) in D:\Workspace\Projects\CodeArt Framework\CodeArt\CodeArt.ServiceModel\ServiceProvider\ServiceProvider.cs:line 19
   at CodeArt.ServiceModel.ServiceProvider.Invoke(ServiceRequest request) in D:\Workspace\Projects\CodeArt Framework\CodeArt\CodeArt.ServiceModel\ServiceProvider\ServiceProvider.cs:line 14
   at CodeArt.ServiceModel.MQServiceHandler.ProcessService(ServiceRequest request) in D:\Workspace\Projects\CodeArt Framework\CodeArt\CodeArt.ServiceModel.MQ\MQServiceHandler.cs:line 58
   at CodeArt.ServiceModel.MQServiceHandler.Process(String method, DTObject arg) in D:\Workspace\Projects\CodeArt Framework\CodeArt\CodeArt.ServiceModel.MQ\MQServiceHandler.cs:line 34
2018-03-20 03:33:11.3846 FATAL 消息：没有找到名称为db-Account或 db-default 的连接配置；堆栈：   at CodeArt.Data.SqlConnectionProvider.<>c.<.cctor>b__4_0(String connName) in D:\Workspace\Projects\CodeArt Framework\CodeArt\CodeArt\Data\SqlConnectionProvider.cs:line 29
   at CodeArt.Util.LazyIndexer.<>c__DisplayClass2_0`2.<Init>b__0(TKey key) in D:\Workspace\Projects\CodeArt Framework\CodeArt\CodeArt\Util\LazyIndexer.cs:line 56
   at CodeArt.Data.SqlConnectionProvider.GetConnectionString(String connName) in D:\Workspace\Projects\CodeArt Framework\CodeArt\CodeArt\Data\SqlConnectionProvider.cs:line 19
   at CodeArt.DomainDriven.SqlSessionConnectionProvider.GetConnectionString(String connName) in D:\Workspace\Projects\CodeArt Framework\CodeArt\CodeArt.DomainDriven.Extensions\SqlSessionConnectionProvider.cs:line 25
   at CodeArt.DomainDriven.DataAccess.SqlHelper.GetConnectionString(String connName) in D:\Workspace\Projects\CodeArt Framework\CodeArt\CodeArt.DomainDriven.DataAccess\SqlHelper.cs:line 93
   at CodeArt.DomainDriven.DataAccess.SqlHelper.QueryFirstOrDefault(String connName, String sql, Object param, DynamicData data) in D:\Workspace\Projects\CodeArt Framework\CodeArt\CodeArt.DomainDriven.DataAccess\SqlHelper.cs:line 67
   at CodeArt.DomainDriven.DataAccess.DataTable.ExecuteQueryEntry(IQueryBuilder query, Action`1 fillArg, DynamicData data) in D:\Workspace\Projects\CodeArt Framework\CodeArt\CodeArt.DomainDriven.DataAccess\DataModel\Table\Query.cs:line 303
   at CodeArt.DomainDriven.DataAccess.DataTable.UseDataEntry(IQueryBuilder exp, Action`1 fillArg, Action`1 action) in D:\Workspace\Projects\CodeArt Framework\CodeArt\CodeArt.DomainDriven.DataAccess\DataModel\Table\Query.cs:line 268
   at CodeArt.DomainDriven.DataAccess.DataTable.QuerySingle(String expression, Action`1 fillArg, QueryLevel level) in D:\Workspace\Projects\CodeArt Framework\CodeArt\CodeArt.DomainDriven.DataAccess\DataModel\Table\Query.cs:line 111
   at CodeArt.DomainDriven.DataAccess.DataTable.QuerySingle[T](String expression, Action`1 fillArg, QueryLevel level) in D:\Workspace\Projects\CodeArt Framework\CodeArt\CodeArt.DomainDriven.DataAccess\DataModel\Table\Query.cs:line 102
   at CodeArt.DomainDriven.DataAccess.DataModel.QuerySingle[T](String expression, Action`1 fillArg, QueryLevel level) in D:\Workspace\Projects\CodeArt Framework\CodeArt\CodeArt.DomainDriven.DataAccess\DataModel\DataModel.cs:line 97
   at CodeArt.DomainDriven.DataAccess.DataPortal.QuerySingle[T](String expression, Action`1 fillArg, QueryLevel level) in D:\Workspace\Projects\CodeArt Framework\CodeArt\CodeArt.DomainDriven.DataAccess\DataPortal\DataPortal.cs:line 144
   at CodeArt.DomainDriven.DataAccess.DataContextExtensions.<>c__DisplayClass0_0`1.<QuerySingle>b__0() in D:\Workspace\Projects\CodeArt Framework\CodeArt\CodeArt.DomainDriven.DataAccess\Common\DataContextExtensions.cs:line 26
   at CodeArt.DomainDriven.DataContext.RegisterQueried[T](QueryLevel level, Func`1 persistQuery) in D:\Workspace\Projects\CodeArt Framework\CodeArt\CodeArt.DomainDriven\Repository\DataContext\DataContext.cs:line 183
   at CodeArt.DomainDriven.DataAccess.DataContextExtensions.QuerySingle[T](IDataContext dataContext, String expression, Action`1 fillArg, QueryLevel level) in D:\Workspace\Projects\CodeArt Framework\CodeArt\CodeArt.DomainDriven.DataAccess\Common\DataContextExtensions.cs:line 24
   at CodeArt.DomainDriven.DataAccess.SqlRepository`1.QuerySingle[T](String expression, Action`1 fillArg, QueryLevel level) in D:\Workspace\Projects\CodeArt Framework\CodeArt\CodeArt.DomainDriven.DataAccess\Common\SqlRepository.cs:line 49
   at AccountSubsystem.SqlAccountRepository.FindByFlag(String nameOrEmail, String password, QueryLevel level) in D:\Workspace\Projects\Subsystems Framework\AccountSubsystem\AccountSubsystem\Account\SqlAccountRepository.cs:line 45
   at AccountSubsystem.Login.ExecuteProcedure() in D:\Workspace\Projects\Subsystems Framework\AccountSubsystem\AccountSubsystem\Account\Application\Login.cs:line 27
   at CodeArt.DomainDriven.Command`1.<>c__DisplayClass0_0.<Execute>b__1() in D:\Workspace\Projects\CodeArt Framework\CodeArt\CodeArt.DomainDriven\Command\Command.cs:line 32
   at CodeArt.DomainDriven.DataContext.Using(DataContext dataContext, Action action, Boolean timely, Boolean newScope) in D:\Workspace\Projects\CodeArt Framework\CodeArt\CodeArt.DomainDriven\Repository\DataContext\DataContext.cs:line 707
   at CodeArt.DomainDriven.DataContext.Using(Action action, Boolean timely) in D:\Workspace\Projects\CodeArt Framework\CodeArt\CodeArt.DomainDriven\Repository\DataContext\DataContext.cs:line 714
   at CodeArt.DomainDriven.Command`1.<>c__DisplayClass0_0.<Execute>b__0() in D:\Workspace\Projects\CodeArt Framework\CodeArt\CodeArt.DomainDriven\Command\Command.cs:line 30
   at CodeArt.DomainDriven.CommandBase.ExecuteImpl(Action action) in D:\Workspace\Projects\CodeArt Framework\CodeArt\CodeArt.DomainDriven\Command\CommandBase.cs:line 29
   at CodeArt.DomainDriven.Command`1.Execute() in D:\Workspace\Projects\CodeArt Framework\CodeArt\CodeArt.DomainDriven\Command\Command.cs:line 28
   at PortalService.Application.Login.DynamicInvoke(Object arg) in D:\Workspace\Projects\Services Framework\PortalService\PortalService.Application\Identity\Login.cs:line 24
   at CodeArt.ServiceModel.ServiceProvider.Invoke(DTObject arg) in D:\Workspace\Projects\CodeArt Framework\CodeArt\CodeArt.ServiceModel\ServiceProvider\ServiceProvider.cs:line 19
   at CodeArt.ServiceModel.ServiceProvider.Invoke(ServiceRequest request) in D:\Workspace\Projects\CodeArt Framework\CodeArt\CodeArt.ServiceModel\ServiceProvider\ServiceProvider.cs:line 14
   at CodeArt.ServiceModel.MQServiceHandler.ProcessService(ServiceRequest request) in D:\Workspace\Projects\CodeArt Framework\CodeArt\CodeArt.ServiceModel.MQ\MQServiceHandler.cs:line 58
   at CodeArt.ServiceModel.MQServiceHandler.Process(String method, DTObject arg) in D:\Workspace\Projects\CodeArt Framework\CodeArt\CodeArt.ServiceModel.MQ\MQServiceHandler.cs:line 34
2018-03-20 03:34:45.2629 FATAL 消息：没有找到名称为db-Account或 db-default 的连接配置；堆栈：   at CodeArt.Data.SqlConnectionProvider.<>c.<.cctor>b__4_0(String connName) in D:\Workspace\Projects\CodeArt Framework\CodeArt\CodeArt\Data\SqlConnectionProvider.cs:line 29
   at CodeArt.Util.LazyIndexer.<>c__DisplayClass2_0`2.<Init>b__0(TKey key) in D:\Workspace\Projects\CodeArt Framework\CodeArt\CodeArt\Util\LazyIndexer.cs:line 56
   at CodeArt.Data.SqlConnectionProvider.GetConnectionString(String connName) in D:\Workspace\Projects\CodeArt Framework\CodeArt\CodeArt\Data\SqlConnectionProvider.cs:line 19
   at CodeArt.DomainDriven.SqlSessionConnectionProvider.GetConnectionString(String connName) in D:\Workspace\Projects\CodeArt Framework\CodeArt\CodeArt.DomainDriven.Extensions\SqlSessionConnectionProvider.cs:line 25
   at CodeArt.DomainDriven.DataAccess.SqlHelper.GetConnectionString(String connName) in D:\Workspace\Projects\CodeArt Framework\CodeArt\CodeArt.DomainDriven.DataAccess\SqlHelper.cs:line 93
   at CodeArt.DomainDriven.DataAccess.SqlHelper.QueryFirstOrDefault(String connName, String sql, Object param, DynamicData data) in D:\Workspace\Projects\CodeArt Framework\CodeArt\CodeArt.DomainDriven.DataAccess\SqlHelper.cs:line 67
   at CodeArt.DomainDriven.DataAccess.DataTable.ExecuteQueryEntry(IQueryBuilder query, Action`1 fillArg, DynamicData data) in D:\Workspace\Projects\CodeArt Framework\CodeArt\CodeArt.DomainDriven.DataAccess\DataModel\Table\Query.cs:line 303
   at CodeArt.DomainDriven.DataAccess.DataTable.UseDataEntry(IQueryBuilder exp, Action`1 fillArg, Action`1 action) in D:\Workspace\Projects\CodeArt Framework\CodeArt\CodeArt.DomainDriven.DataAccess\DataModel\Table\Query.cs:line 268
   at CodeArt.DomainDriven.DataAccess.DataTable.QuerySingle(String expression, Action`1 fillArg, QueryLevel level) in D:\Workspace\Projects\CodeArt Framework\CodeArt\CodeArt.DomainDriven.DataAccess\DataModel\Table\Query.cs:line 111
   at CodeArt.DomainDriven.DataAccess.DataTable.QuerySingle[T](String expression, Action`1 fillArg, QueryLevel level) in D:\Workspace\Projects\CodeArt Framework\CodeArt\CodeArt.DomainDriven.DataAccess\DataModel\Table\Query.cs:line 102
   at CodeArt.DomainDriven.DataAccess.DataModel.QuerySingle[T](String expression, Action`1 fillArg, QueryLevel level) in D:\Workspace\Projects\CodeArt Framework\CodeArt\CodeArt.DomainDriven.DataAccess\DataModel\DataModel.cs:line 97
   at CodeArt.DomainDriven.DataAccess.DataPortal.QuerySingle[T](String expression, Action`1 fillArg, QueryLevel level) in D:\Workspace\Projects\CodeArt Framework\CodeArt\CodeArt.DomainDriven.DataAccess\DataPortal\DataPortal.cs:line 144
   at CodeArt.DomainDriven.DataAccess.DataContextExtensions.<>c__DisplayClass0_0`1.<QuerySingle>b__0() in D:\Workspace\Projects\CodeArt Framework\CodeArt\CodeArt.DomainDriven.DataAccess\Common\DataContextExtensions.cs:line 26
   at CodeArt.DomainDriven.DataContext.RegisterQueried[T](QueryLevel level, Func`1 persistQuery) in D:\Workspace\Projects\CodeArt Framework\CodeArt\CodeArt.DomainDriven\Repository\DataContext\DataContext.cs:line 183
   at CodeArt.DomainDriven.DataAccess.DataContextExtensions.QuerySingle[T](IDataContext dataContext, String expression, Action`1 fillArg, QueryLevel level) in D:\Workspace\Projects\CodeArt Framework\CodeArt\CodeArt.DomainDriven.DataAccess\Common\DataContextExtensions.cs:line 24
   at CodeArt.DomainDriven.DataAccess.SqlRepository`1.QuerySingle[T](String expression, Action`1 fillArg, QueryLevel level) in D:\Workspace\Projects\CodeArt Framework\CodeArt\CodeArt.DomainDriven.DataAccess\Common\SqlRepository.cs:line 49
   at AccountSubsystem.SqlAccountRepository.FindByFlag(String nameOrEmail, String password, QueryLevel level) in D:\Workspace\Projects\Subsystems Framework\AccountSubsystem\AccountSubsystem\Account\SqlAccountRepository.cs:line 45
   at AccountSubsystem.Login.ExecuteProcedure() in D:\Workspace\Projects\Subsystems Framework\AccountSubsystem\AccountSubsystem\Account\Application\Login.cs:line 27
   at CodeArt.DomainDriven.Command`1.<>c__DisplayClass0_0.<Execute>b__1() in D:\Workspace\Projects\CodeArt Framework\CodeArt\CodeArt.DomainDriven\Command\Command.cs:line 32
   at CodeArt.DomainDriven.DataContext.Using(DataContext dataContext, Action action, Boolean timely, Boolean newScope) in D:\Workspace\Projects\CodeArt Framework\CodeArt\CodeArt.DomainDriven\Repository\DataContext\DataContext.cs:line 707
   at CodeArt.DomainDriven.DataContext.Using(Action action, Boolean timely) in D:\Workspace\Projects\CodeArt Framework\CodeArt\CodeArt.DomainDriven\Repository\DataContext\DataContext.cs:line 714
   at CodeArt.DomainDriven.Command`1.<>c__DisplayClass0_0.<Execute>b__0() in D:\Workspace\Projects\CodeArt Framework\CodeArt\CodeArt.DomainDriven\Command\Command.cs:line 30
   at CodeArt.DomainDriven.CommandBase.ExecuteImpl(Action action) in D:\Workspace\Projects\CodeArt Framework\CodeArt\CodeArt.DomainDriven\Command\CommandBase.cs:line 29
   at CodeArt.DomainDriven.Command`1.Execute() in D:\Workspace\Projects\CodeArt Framework\CodeArt\CodeArt.DomainDriven\Command\Command.cs:line 28
   at PortalService.Application.Login.DynamicInvoke(Object arg) in D:\Workspace\Projects\Services Framework\PortalService\PortalService.Application\Identity\Login.cs:line 24
   at CodeArt.ServiceModel.ServiceProvider.Invoke(DTObject arg) in D:\Workspace\Projects\CodeArt Framework\CodeArt\CodeArt.ServiceModel\ServiceProvider\ServiceProvider.cs:line 19
   at CodeArt.ServiceModel.ServiceProvider.Invoke(ServiceRequest request) in D:\Workspace\Projects\CodeArt Framework\CodeArt\CodeArt.ServiceModel\ServiceProvider\ServiceProvider.cs:line 14
   at CodeArt.ServiceModel.MQServiceHandler.ProcessService(ServiceRequest request) in D:\Workspace\Projects\CodeArt Framework\CodeArt\CodeArt.ServiceModel.MQ\MQServiceHandler.cs:line 58
   at CodeArt.ServiceModel.MQServiceHandler.Process(String method, DTObject arg) in D:\Workspace\Projects\CodeArt Framework\CodeArt\CodeArt.ServiceModel.MQ\MQServiceHandler.cs:line 34
2018-03-20 03:36:49.1225 FATAL 消息：没有找到名称为db-Account或 db-default 的连接配置；堆栈：   at CodeArt.Data.SqlConnectionProvider.<>c.<.cctor>b__4_0(String connName) in D:\Workspace\Projects\CodeArt Framework\CodeArt\CodeArt\Data\SqlConnectionProvider.cs:line 29
   at CodeArt.Util.LazyIndexer.<>c__DisplayClass2_0`2.<Init>b__0(TKey key) in D:\Workspace\Projects\CodeArt Framework\CodeArt\CodeArt\Util\LazyIndexer.cs:line 56
   at CodeArt.Data.SqlConnectionProvider.GetConnectionString(String connName) in D:\Workspace\Projects\CodeArt Framework\CodeArt\CodeArt\Data\SqlConnectionProvider.cs:line 19
   at CodeArt.DomainDriven.SqlSessionConnectionProvider.GetConnectionString(String connName) in D:\Workspace\Projects\CodeArt Framework\CodeArt\CodeArt.DomainDriven.Extensions\SqlSessionConnectionProvider.cs:line 25
   at CodeArt.DomainDriven.DataAccess.SqlHelper.GetConnectionString(String connName) in D:\Workspace\Projects\CodeArt Framework\CodeArt\CodeArt.DomainDriven.DataAccess\SqlHelper.cs:line 93
   at CodeArt.DomainDriven.DataAccess.SqlHelper.Execute(String connName, String sql, Object param) in D:\Workspace\Projects\CodeArt Framework\CodeArt\CodeArt.DomainDriven.DataAccess\SqlHelper.cs:line 26
   at CodeArt.DomainDriven.DataAccess.DataTable.<Build>b__246_0() in D:\Workspace\Projects\CodeArt Framework\CodeArt\CodeArt.DomainDriven.DataAccess\DataModel\Table\Life.cs:line 21
   at CodeArt.DomainDriven.DataAccess.DataTable.IfUnBuilt(String name, Action action) in D:\Workspace\Projects\CodeArt Framework\CodeArt\CodeArt.DomainDriven.DataAccess\DataModel\Table\Life.cs:line 35
   at CodeArt.DomainDriven.DataAccess.DataTable.Build() in D:\Workspace\Projects\CodeArt Framework\CodeArt\CodeArt.DomainDriven.DataAccess\DataModel\Table\Life.cs:line 18
   at CodeArt.DomainDriven.DataAccess.DataTable..ctor(Type objectType, Boolean isSnapshot, DataTable chainRoot, DataTable master, DataTableType type, String name, IEnumerable`1 tableFields, IEnumerable`1 objectFields, IDataField memberField) in D:\Workspace\Projects\CodeArt Framework\CodeArt\CodeArt.DomainDriven.DataAccess\DataModel\Table\Factory.cs:line 384
   at CodeArt.DomainDriven.DataAccess.DataTable.Create(DataTable root, DataTable master, Type objectType, Boolean isSnapshot, DataTableType tableType, String tableName, IEnumerable`1 objectFields, IDataField memberField) in D:\Workspace\Projects\CodeArt Framework\CodeArt\CodeArt.DomainDriven.DataAccess\DataModel\Table\Factory.cs:line 653
   at CodeArt.DomainDriven.DataAccess.DataTable.Create(DataTable root, DataTable master, Type objectType, Boolean isSnapshot, DataTableType tableType, IEnumerable`1 objectFields, IDataField memberField) in D:\Workspace\Projects\CodeArt Framework\CodeArt\CodeArt.DomainDriven.DataAccess\DataModel\Table\Factory.cs:line 605
   at CodeArt.DomainDriven.DataAccess.DataTable.CreateValueObjectTable(DataTable root, DataTable master, IDataField memberField, Type objectType) in D:\Workspace\Projects\CodeArt Framework\CodeArt\CodeArt.DomainDriven.DataAccess\DataModel\Table\Childs.cs:line 175
   at CodeArt.DomainDriven.DataAccess.DataTable.CreateChildTable(DataTable master, IDataField memberField, Type objectType) in D:\Workspace\Projects\CodeArt Framework\CodeArt\CodeArt.DomainDriven.DataAccess\DataModel\Table\Childs.cs:line 93
   at CodeArt.DomainDriven.DataAccess.DataTable.InitBuildtimeChilds() in D:\Workspace\Projects\CodeArt Framework\CodeArt\CodeArt.DomainDriven.DataAccess\DataModel\Table\Childs.cs:line 77
   at CodeArt.DomainDriven.DataAccess.DataTable.InitChilds() in D:\Workspace\Projects\CodeArt Framework\CodeArt\CodeArt.DomainDriven.DataAccess\DataModel\Table\Childs.cs:line 57
   at CodeArt.DomainDriven.DataAccess.DataTable..ctor(Type objectType, Boolean isSnapshot, DataTable chainRoot, DataTable master, DataTableType type, String name, IEnumerable`1 tableFields, IEnumerable`1 objectFields, IDataField memberField) in D:\Workspace\Projects\CodeArt Framework\CodeArt\CodeArt.DomainDriven.DataAccess\DataModel\Table\Factory.cs:line 379
   at CodeArt.DomainDriven.DataAccess.DataTable.Create(DataTable root, DataTable master, Type objectType, Boolean isSnapshot, DataTableType tableType, String tableName, IEnumerable`1 objectFields, IDataField memberField) in D:\Workspace\Projects\CodeArt Framework\CodeArt\CodeArt.DomainDriven.DataAccess\DataModel\Table\Factory.cs:line 653
   at CodeArt.DomainDriven.DataAccess.DataTable.Create(DataTable root, DataTable master, Type objectType, Boolean isSnapshot, DataTableType tableType, IEnumerable`1 objectFields, IDataField memberField) in D:\Workspace\Projects\CodeArt Framework\CodeArt\CodeArt.DomainDriven.DataAccess\DataModel\Table\Factory.cs:line 605
   at CodeArt.DomainDriven.DataAccess.DataTable.CreateEntityObjectTable(DataTable root, DataTable master, IDataField memberField, Type objectType) in D:\Workspace\Projects\CodeArt Framework\CodeArt\CodeArt.DomainDriven.DataAccess\DataModel\Table\Childs.cs:line 207
   at CodeArt.DomainDriven.DataAccess.DataTable.CreateChildTable(DataTable master, IDataField memberField, Type objectType) in D:\Workspace\Projects\CodeArt Framework\CodeArt\CodeArt.DomainDriven.DataAccess\DataModel\Table\Childs.cs:line 98
   at CodeArt.DomainDriven.DataAccess.DataTable.InitBuildtimeChilds() in D:\Workspace\Projects\CodeArt Framework\CodeArt\CodeArt.DomainDriven.DataAccess\DataModel\Table\Childs.cs:line 77
   at CodeArt.DomainDriven.DataAccess.DataTable.InitChilds() in D:\Workspace\Projects\CodeArt Framework\CodeArt\CodeArt.DomainDriven.DataAccess\DataModel\Table\Childs.cs:line 57
   at CodeArt.DomainDriven.DataAccess.DataTable..ctor(Type objectType, Boolean isSnapshot, DataTable chainRoot, DataTable master, DataTableType type, String name, IEnumerable`1 tableFields, IEnumerable`1 objectFields, IDataField memberField) in D:\Workspace\Projects\CodeArt Framework\CodeArt\CodeArt.DomainDriven.DataAccess\DataModel\Table\Factory.cs:line 379
   at CodeArt.DomainDriven.DataAccess.DataTable.Create(DataTable root, DataTable master, Type objectType, Boolean isSnapshot, DataTableType tableType, String tableName, IEnumerable`1 objectFields, IDataField memberField) in D:\Workspace\Projects\CodeArt Framework\CodeArt\CodeArt.DomainDriven.DataAccess\DataModel\Table\Factory.cs:line 653
   at CodeArt.DomainDriven.DataAccess.DataTable.Create(DataTable root, DataTable master, Type objectType, Boolean isSnapshot, DataTableType tableType, IEnumerable`1 objectFields, IDataField memberField) in D:\Workspace\Projects\CodeArt Framework\CodeArt\CodeArt.DomainDriven.DataAccess\DataModel\Table\Factory.cs:line 605
   at CodeArt.DomainDriven.DataAccess.DataTable.Create(Type objectType, IEnumerable`1 objectFields) in D:\Workspace\Projects\CodeArt Framework\CodeArt\CodeArt.DomainDriven.DataAccess\DataModel\Table\Factory.cs:line 574
   at CodeArt.DomainDriven.DataAccess.DataModel.CreateNew(Type objectType) in D:\Workspace\Projects\CodeArt Framework\CodeArt\CodeArt.DomainDriven.DataAccess\DataModel\DataModel.cs:line 150
   at CodeArt.DomainDriven.DataAccess.DataModel.<>c.<.cctor>b__32_0(Type objectType) in D:\Workspace\Projects\CodeArt Framework\CodeArt\CodeArt.DomainDriven.DataAccess\DataModel\DataModel.cs:line 137
   at CodeArt.Util.LazyIndexer.<>c__DisplayClass2_0`2.<Init>b__0(TKey key) in D:\Workspace\Projects\CodeArt Framework\CodeArt\CodeArt\Util\LazyIndexer.cs:line 56
   at CodeArt.DomainDriven.DataAccess.DataModel.Create(Type objectType) in D:\Workspace\Projects\CodeArt Framework\CodeArt\CodeArt.DomainDriven.DataAccess\DataModel\DataModel.cs:line 142
   at CodeArt.DomainDriven.DataAccess.DataPortal.QuerySingle[T](String expression, Action`1 fillArg, QueryLevel level) in D:\Workspace\Projects\CodeArt Framework\CodeArt\CodeArt.DomainDriven.DataAccess\DataPortal\DataPortal.cs:line 143
   at CodeArt.DomainDriven.DataAccess.DataContextExtensions.<>c__DisplayClass0_0`1.<QuerySingle>b__0() in D:\Workspace\Projects\CodeArt Framework\CodeArt\CodeArt.DomainDriven.DataAccess\Common\DataContextExtensions.cs:line 26
   at CodeArt.DomainDriven.DataContext.RegisterQueried[T](QueryLevel level, Func`1 persistQuery) in D:\Workspace\Projects\CodeArt Framework\CodeArt\CodeArt.DomainDriven\Repository\DataContext\DataContext.cs:line 183
   at CodeArt.DomainDriven.DataAccess.DataContextExtensions.QuerySingle[T](IDataContext dataContext, String expression, Action`1 fillArg, QueryLevel level) in D:\Workspace\Projects\CodeArt Framework\CodeArt\CodeArt.DomainDriven.DataAccess\Common\DataContextExtensions.cs:line 24
   at CodeArt.DomainDriven.DataAccess.SqlRepository`1.QuerySingle[T](String expression, Action`1 fillArg, QueryLevel level) in D:\Workspace\Projects\CodeArt Framework\CodeArt\CodeArt.DomainDriven.DataAccess\Common\SqlRepository.cs:line 49
   at AccountSubsystem.SqlAccountRepository.FindByFlag(String nameOrEmail, String password, QueryLevel level) in D:\Workspace\Projects\Subsystems Framework\AccountSubsystem\AccountSubsystem\Account\SqlAccountRepository.cs:line 45
   at AccountSubsystem.Login.ExecuteProcedure() in D:\Workspace\Projects\Subsystems Framework\AccountSubsystem\AccountSubsystem\Account\Application\Login.cs:line 27
   at CodeArt.DomainDriven.Command`1.<>c__DisplayClass0_0.<Execute>b__1() in D:\Workspace\Projects\CodeArt Framework\CodeArt\CodeArt.DomainDriven\Command\Command.cs:line 32
   at CodeArt.DomainDriven.DataContext.Using(DataContext dataContext, Action action, Boolean timely, Boolean newScope) in D:\Workspace\Projects\CodeArt Framework\CodeArt\CodeArt.DomainDriven\Repository\DataContext\DataContext.cs:line 707
   at CodeArt.DomainDriven.DataContext.Using(Action action, Boolean timely) in D:\Workspace\Projects\CodeArt Framework\CodeArt\CodeArt.DomainDriven\Repository\DataContext\DataContext.cs:line 714
   at CodeArt.DomainDriven.Command`1.<>c__DisplayClass0_0.<Execute>b__0() in D:\Workspace\Projects\CodeArt Framework\CodeArt\CodeArt.DomainDriven\Command\Command.cs:line 30
   at CodeArt.DomainDriven.CommandBase.ExecuteImpl(Action action) in D:\Workspace\Projects\CodeArt Framework\CodeArt\CodeArt.DomainDriven\Command\CommandBase.cs:line 29
   at CodeArt.DomainDriven.Command`1.Execute() in D:\Workspace\Projects\CodeArt Framework\CodeArt\CodeArt.DomainDriven\Command\Command.cs:line 28
   at PortalService.Application.Login.DynamicInvoke(Object arg) in D:\Workspace\Projects\Services Framework\PortalService\PortalService.Application\Identity\Login.cs:line 24
   at CodeArt.ServiceModel.ServiceProvider.Invoke(DTObject arg) in D:\Workspace\Projects\CodeArt Framework\CodeArt\CodeArt.ServiceModel\ServiceProvider\ServiceProvider.cs:line 19
   at CodeArt.ServiceModel.ServiceProvider.Invoke(ServiceRequest request) in D:\Workspace\Projects\CodeArt Framework\CodeArt\CodeArt.ServiceModel\ServiceProvider\ServiceProvider.cs:line 14
   at CodeArt.ServiceModel.MQServiceHandler.ProcessService(ServiceRequest request) in D:\Workspace\Projects\CodeArt Framework\CodeArt\CodeArt.ServiceModel.MQ\MQServiceHandler.cs:line 58
   at CodeArt.ServiceModel.MQServiceHandler.Process(String method, DTObject arg) in D:\Workspace\Projects\CodeArt Framework\CodeArt\CodeArt.ServiceModel.MQ\MQServiceHandler.cs:line 34
2018-03-20 03:37:08.9714 FATAL 消息：没有找到名称为db-Snapshot_Account或 db-default 的连接配置；堆栈：   at CodeArt.Data.SqlConnectionProvider.<>c.<.cctor>b__4_0(String connName) in D:\Workspace\Projects\CodeArt Framework\CodeArt\CodeArt\Data\SqlConnectionProvider.cs:line 29
   at CodeArt.Util.LazyIndexer.<>c__DisplayClass2_0`2.<Init>b__0(TKey key) in D:\Workspace\Projects\CodeArt Framework\CodeArt\CodeArt\Util\LazyIndexer.cs:line 56
   at CodeArt.Data.SqlConnectionProvider.GetConnectionString(String connName) in D:\Workspace\Projects\CodeArt Framework\CodeArt\CodeArt\Data\SqlConnectionProvider.cs:line 19
   at CodeArt.DomainDriven.SqlSessionConnectionProvider.GetConnectionString(String connName) in D:\Workspace\Projects\CodeArt Framework\CodeArt\CodeArt.DomainDriven.Extensions\SqlSessionConnectionProvider.cs:line 25
   at CodeArt.DomainDriven.DataAccess.SqlHelper.GetConnectionString(String connName) in D:\Workspace\Projects\CodeArt Framework\CodeArt\CodeArt.DomainDriven.DataAccess\SqlHelper.cs:line 93
   at CodeArt.DomainDriven.DataAccess.SqlHelper.Execute(String connName, String sql, Object param) in D:\Workspace\Projects\CodeArt Framework\CodeArt\CodeArt.DomainDriven.DataAccess\SqlHelper.cs:line 26
   at CodeArt.DomainDriven.DataAccess.DataTable.<Build>b__246_0() in D:\Workspace\Projects\CodeArt Framework\CodeArt\CodeArt.DomainDriven.DataAccess\DataModel\Table\Life.cs:line 21
   at CodeArt.DomainDriven.DataAccess.DataTable.IfUnBuilt(String name, Action action) in D:\Workspace\Projects\CodeArt Framework\CodeArt\CodeArt.DomainDriven.DataAccess\DataModel\Table\Life.cs:line 35
   at CodeArt.DomainDriven.DataAccess.DataTable.Build() in D:\Workspace\Projects\CodeArt Framework\CodeArt\CodeArt.DomainDriven.DataAccess\DataModel\Table\Life.cs:line 18
   at CodeArt.DomainDriven.DataAccess.DataTable..ctor(Type objectType, Boolean isSnapshot, DataTable chainRoot, DataTable master, DataTableType type, String name, IEnumerable`1 tableFields, IEnumerable`1 objectFields, IDataField memberField) in D:\Workspace\Projects\CodeArt Framework\CodeArt\CodeArt.DomainDriven.DataAccess\DataModel\Table\Factory.cs:line 384
   at CodeArt.DomainDriven.DataAccess.DataTable.Create(DataTable root, DataTable master, Type objectType, Boolean isSnapshot, DataTableType tableType, String tableName, IEnumerable`1 objectFields, IDataField memberField) in D:\Workspace\Projects\CodeArt Framework\CodeArt\CodeArt.DomainDriven.DataAccess\DataModel\Table\Factory.cs:line 653
   at CodeArt.DomainDriven.DataAccess.DataTable.Create(DataTable root, DataTable master, Type objectType, Boolean isSnapshot, DataTableType tableType, IEnumerable`1 objectFields, IDataField memberField) in D:\Workspace\Projects\CodeArt Framework\CodeArt\CodeArt.DomainDriven.DataAccess\DataModel\Table\Factory.cs:line 605
   at CodeArt.DomainDriven.DataAccess.DataTable.CreateSnapshot(Type objectType, IEnumerable`1 objectFields) in D:\Workspace\Projects\CodeArt Framework\CodeArt\CodeArt.DomainDriven.DataAccess\DataModel\Table\Factory.cs:line 591
   at CodeArt.DomainDriven.DataAccess.DataModel.CreateNew(Type objectType) in D:\Workspace\Projects\CodeArt Framework\CodeArt\CodeArt.DomainDriven.DataAccess\DataModel\DataModel.cs:line 153
   at CodeArt.DomainDriven.DataAccess.DataModel.<>c.<.cctor>b__32_0(Type objectType) in D:\Workspace\Projects\CodeArt Framework\CodeArt\CodeArt.DomainDriven.DataAccess\DataModel\DataModel.cs:line 137
   at CodeArt.Util.LazyIndexer.<>c__DisplayClass2_0`2.<Init>b__0(TKey key) in D:\Workspace\Projects\CodeArt Framework\CodeArt\CodeArt\Util\LazyIndexer.cs:line 56
   at CodeArt.DomainDriven.DataAccess.DataModel.Create(Type objectType) in D:\Workspace\Projects\CodeArt Framework\CodeArt\CodeArt.DomainDriven.DataAccess\DataModel\DataModel.cs:line 142
   at CodeArt.DomainDriven.DataAccess.DataPortal.QuerySingle[T](String expression, Action`1 fillArg, QueryLevel level) in D:\Workspace\Projects\CodeArt Framework\CodeArt\CodeArt.DomainDriven.DataAccess\DataPortal\DataPortal.cs:line 143
   at CodeArt.DomainDriven.DataAccess.DataContextExtensions.<>c__DisplayClass0_0`1.<QuerySingle>b__0() in D:\Workspace\Projects\CodeArt Framework\CodeArt\CodeArt.DomainDriven.DataAccess\Common\DataContextExtensions.cs:line 26
   at CodeArt.DomainDriven.DataContext.RegisterQueried[T](QueryLevel level, Func`1 persistQuery) in D:\Workspace\Projects\CodeArt Framework\CodeArt\CodeArt.DomainDriven\Repository\DataContext\DataContext.cs:line 183
   at CodeArt.DomainDriven.DataAccess.DataContextExtensions.QuerySingle[T](IDataContext dataContext, String expression, Action`1 fillArg, QueryLevel level) in D:\Workspace\Projects\CodeArt Framework\CodeArt\CodeArt.DomainDriven.DataAccess\Common\DataContextExtensions.cs:line 24
   at CodeArt.DomainDriven.DataAccess.SqlRepository`1.QuerySingle[T](String expression, Action`1 fillArg, QueryLevel level) in D:\Workspace\Projects\CodeArt Framework\CodeArt\CodeArt.DomainDriven.DataAccess\Common\SqlRepository.cs:line 49
   at AccountSubsystem.SqlAccountRepository.FindByFlag(String nameOrEmail, String password, QueryLevel level) in D:\Workspace\Projects\Subsystems Framework\AccountSubsystem\AccountSubsystem\Account\SqlAccountRepository.cs:line 45
   at AccountSubsystem.Login.ExecuteProcedure() in D:\Workspace\Projects\Subsystems Framework\AccountSubsystem\AccountSubsystem\Account\Application\Login.cs:line 27
   at CodeArt.DomainDriven.Command`1.<>c__DisplayClass0_0.<Execute>b__1() in D:\Workspace\Projects\CodeArt Framework\CodeArt\CodeArt.DomainDriven\Command\Command.cs:line 32
   at CodeArt.DomainDriven.DataContext.Using(DataContext dataContext, Action action, Boolean timely, Boolean newScope) in D:\Workspace\Projects\CodeArt Framework\CodeArt\CodeArt.DomainDriven\Repository\DataContext\DataContext.cs:line 707
   at CodeArt.DomainDriven.DataContext.Using(Action action, Boolean timely) in D:\Workspace\Projects\CodeArt Framework\CodeArt\CodeArt.DomainDriven\Repository\DataContext\DataContext.cs:line 714
   at CodeArt.DomainDriven.Command`1.<>c__DisplayClass0_0.<Execute>b__0() in D:\Workspace\Projects\CodeArt Framework\CodeArt\CodeArt.DomainDriven\Command\Command.cs:line 30
   at CodeArt.DomainDriven.CommandBase.ExecuteImpl(Action action) in D:\Workspace\Projects\CodeArt Framework\CodeArt\CodeArt.DomainDriven\Command\CommandBase.cs:line 29
   at CodeArt.DomainDriven.Command`1.Execute() in D:\Workspace\Projects\CodeArt Framework\CodeArt\CodeArt.DomainDriven\Command\Command.cs:line 28
   at PortalService.Application.Login.DynamicInvoke(Object arg) in D:\Workspace\Projects\Services Framework\PortalService\PortalService.Application\Identity\Login.cs:line 24
   at CodeArt.ServiceModel.ServiceProvider.Invoke(DTObject arg) in D:\Workspace\Projects\CodeArt Framework\CodeArt\CodeArt.ServiceModel\ServiceProvider\ServiceProvider.cs:line 19
   at CodeArt.ServiceModel.ServiceProvider.Invoke(ServiceRequest request) in D:\Workspace\Projects\CodeArt Framework\CodeArt\CodeArt.ServiceModel\ServiceProvider\ServiceProvider.cs:line 14
   at CodeArt.ServiceModel.MQServiceHandler.ProcessService(ServiceRequest request) in D:\Workspace\Projects\CodeArt Framework\CodeArt\CodeArt.ServiceModel.MQ\MQServiceHandler.cs:line 58
   at CodeArt.ServiceModel.MQServiceHandler.Process(String method, DTObject arg) in D:\Workspace\Projects\CodeArt Framework\CodeArt\CodeArt.ServiceModel.MQ\MQServiceHandler.cs:line 34
2018-03-20 16:16:41.3213 FATAL 消息：账号名或密码错误；堆栈：
2018-03-20 16:19:00.4675 FATAL 消息：账号名或密码错误；堆栈：
2018-03-20 16:21:19.4573 FATAL 消息：账号名或密码错误；堆栈：
2018-03-20 16:21:33.4446 FATAL 消息：不能将值 NULL 插入列 'OrganizationId'，表 'CS.dbo.Role'；列不允许有 Null 值。INSERT 失败。
语句已终止。；堆栈：   在 System.Data.SqlClient.SqlConnection.OnError(SqlException exception, Boolean breakConnection, Action`1 wrapCloseInAction)
   在 System.Data.SqlClient.SqlInternalConnection.OnError(SqlException exception, Boolean breakConnection, Action`1 wrapCloseInAction)
   在 System.Data.SqlClient.TdsParser.ThrowExceptionAndWarning(TdsParserStateObject stateObj, Boolean callerHasConnectionLock, Boolean asyncClose)
   在 System.Data.SqlClient.TdsParser.TryRun(RunBehavior runBehavior, SqlCommand cmdHandler, SqlDataReader dataStream, BulkCopySimpleResultSet bulkCopyHandler, TdsParserStateObject stateObj, Boolean& dataReady)
   在 System.Data.SqlClient.SqlCommand.FinishExecuteReader(SqlDataReader ds, RunBehavior runBehavior, String resetOptionsString, Boolean isInternal, Boolean forDescribeParameterEncryption)
   在 System.Data.SqlClient.SqlCommand.RunExecuteReaderTds(CommandBehavior cmdBehavior, RunBehavior runBehavior, Boolean returnStream, Boolean async, Int32 timeout, Task& task, Boolean asyncWrite, Boolean inRetry, SqlDataReader ds, Boolean describeParameterEncryptionRequest)
   在 System.Data.SqlClient.SqlCommand.RunExecuteReader(CommandBehavior cmdBehavior, RunBehavior runBehavior, Boolean returnStream, String method, TaskCompletionSource`1 completion, Int32 timeout, Task& task, Boolean& usedCache, Boolean asyncWrite, Boolean inRetry)
   在 System.Data.SqlClient.SqlCommand.InternalExecuteNonQuery(TaskCompletionSource`1 completion, String methodName, Boolean sendToPipe, Int32 timeout, Boolean& usedCache, Boolean asyncWrite, Boolean inRetry)
   在 System.Data.SqlClient.SqlCommand.ExecuteNonQuery()
   在 Dapper.SqlMapper.ExecuteCommand(IDbConnection cnn, CommandDefinition& command, Action`2 paramReader)
   在 Dapper.SqlMapper.ExecuteImpl(IDbConnection cnn, CommandDefinition& command)
   在 Dapper.SqlMapper.Execute(IDbConnection cnn, String sql, Object param, IDbTransaction transaction, Nullable`1 commandTimeout, Nullable`1 commandType)
   在 CodeArt.DomainDriven.DataAccess.SqlHelper.Execute(String connName, String sql, Object param) 位置 D:\Workspace\Projects\CodeArt Framework\CodeArt\CodeArt.DomainDriven.DataAccess\SqlHelper.cs:行号 29
   在 CodeArt.DomainDriven.DataAccess.DataTable.InsertData(DomainObject root, DomainObject parent, DomainObject obj) 位置 D:\Workspace\Projects\CodeArt Framework\CodeArt\CodeArt.DomainDriven.DataAccess\DataModel\Table\Insert.cs:行号 43
   在 CodeArt.DomainDriven.DataAccess.DataTable.Insert(DomainObject obj) 位置 D:\Workspace\Projects\CodeArt Framework\CodeArt\CodeArt.DomainDriven.DataAccess\DataModel\Table\Insert.cs:行号 31
   在 CodeArt.DomainDriven.DataAccess.DataModel.Insert(DomainObject obj) 位置 D:\Workspace\Projects\CodeArt Framework\CodeArt\CodeArt.DomainDriven.DataAccess\DataModel\DataModel.cs:行号 72
   在 CodeArt.DomainDriven.DataAccess.DataPortal.Create(DomainObject obj) 位置 D:\Workspace\Projects\CodeArt Framework\CodeArt\CodeArt.DomainDriven.DataAccess\DataPortal\DataPortal.cs:行号 93
   在 CodeArt.DomainDriven.DataAccess.SqlRepository`1.PersistAddRoot(TRoot obj) 位置 D:\Workspace\Projects\CodeArt Framework\CodeArt\CodeArt.DomainDriven.DataAccess\Common\SqlRepository.cs:行号 20
   在 CodeArt.DomainDriven.Repository`1.PersistAdd(IAggregateRoot obj) 位置 D:\Workspace\Projects\CodeArt Framework\CodeArt\CodeArt.DomainDriven\Repository\RepositoryBase.cs:行号 47
   在 CodeArt.DomainDriven.DataContext.ExecuteAction(ScheduledAction action) 位置 D:\Workspace\Projects\CodeArt Framework\CodeArt\CodeArt.DomainDriven\Repository\DataContext\DataContext.cs:行号 352
   在 CodeArt.DomainDriven.DataContext.ProcessAction(ScheduledAction action) 位置 D:\Workspace\Projects\CodeArt Framework\CodeArt\CodeArt.DomainDriven\Repository\DataContext\DataContext.cs:行号 245
   在 CodeArt.DomainDriven.DataContext.RegisterAdded[T](T item, IPersistRepository repository) 位置 D:\Workspace\Projects\CodeArt Framework\CodeArt\CodeArt.DomainDriven\Repository\DataContext\DataContext.cs:行号 137
   在 CodeArt.DomainDriven.Repository`1.RegisterAdded(IAggregateRoot obj) 位置 D:\Workspace\Projects\CodeArt Framework\CodeArt\CodeArt.DomainDriven\Repository\RepositoryBase.cs:行号 19
   在 CodeArt.DomainDriven.Repository`1.Add(TRoot obj) 位置 D:\Workspace\Projects\CodeArt Framework\CodeArt\CodeArt.DomainDriven\Repository\RepositoryBase.cs:行号 33
   在 AccountSubsystem.CreateRole.AddRole(Role role) 位置 D:\Workspace\Projects\Subsystems Framework\AccountSubsystem\AccountSubsystem\Role\Application\CreateRole.cs:行号 74
   在 AccountSubsystem.CreateRole.ExecuteProcedure() 位置 D:\Workspace\Projects\Subsystems Framework\AccountSubsystem\AccountSubsystem\Role\Application\CreateRole.cs:行号 48
   在 CodeArt.DomainDriven.Command`1.<>c__DisplayClass0_0.<Execute>b__1() 位置 D:\Workspace\Projects\CodeArt Framework\CodeArt\CodeArt.DomainDriven\Command\Command.cs:行号 32
   在 CodeArt.DomainDriven.DataContext.Using(DataContext dataContext, Action action, Boolean timely, Boolean newScope) 位置 D:\Workspace\Projects\CodeArt Framework\CodeArt\CodeArt.DomainDriven\Repository\DataContext\DataContext.cs:行号 707
   在 CodeArt.DomainDriven.DataContext.Using(Action action, Boolean timely) 位置 D:\Workspace\Projects\CodeArt Framework\CodeArt\CodeArt.DomainDriven\Repository\DataContext\DataContext.cs:行号 714
   在 CodeArt.DomainDriven.Command`1.<>c__DisplayClass0_0.<Execute>b__0() 位置 D:\Workspace\Projects\CodeArt Framework\CodeArt\CodeArt.DomainDriven\Command\Command.cs:行号 30
   在 CodeArt.DomainDriven.CommandBase.ExecuteImpl(Action action) 位置 D:\Workspace\Projects\CodeArt Framework\CodeArt\CodeArt.DomainDriven\Command\CommandBase.cs:行号 29
   在 CodeArt.DomainDriven.Command`1.Execute() 位置 D:\Workspace\Projects\CodeArt Framework\CodeArt\CodeArt.DomainDriven\Command\Command.cs:行号 28
   在 UserSubsystem.InitSA.GetOrCreateSARole() 位置 D:\Workspace\Projects\Subsystems Framework\UserSubsystem\UserSubsystem\SA\InitSA.cs:行号 37
   在 UserSubsystem.InitSA.ExecuteProcedure() 位置 D:\Workspace\Projects\Subsystems Framework\UserSubsystem\UserSubsystem\SA\InitSA.cs:行号 22
   在 CodeArt.DomainDriven.Command`1.<>c__DisplayClass0_0.<Execute>b__1() 位置 D:\Workspace\Projects\CodeArt Framework\CodeArt\CodeArt.DomainDriven\Command\Command.cs:行号 32
   在 CodeArt.DomainDriven.DataContext.Using(DataContext dataContext, Action action, Boolean timely, Boolean newScope) 位置 D:\Workspace\Projects\CodeArt Framework\CodeArt\CodeArt.DomainDriven\Repository\DataContext\DataContext.cs:行号 707
   在 CodeArt.DomainDriven.DataContext.Using(Action action, Boolean timely) 位置 D:\Workspace\Projects\CodeArt Framework\CodeArt\CodeArt.DomainDriven\Repository\DataContext\DataContext.cs:行号 714
   在 CodeArt.DomainDriven.Command`1.<>c__DisplayClass0_0.<Execute>b__0() 位置 D:\Workspace\Projects\CodeArt Framework\CodeArt\CodeArt.DomainDriven\Command\Command.cs:行号 30
   在 CodeArt.DomainDriven.CommandBase.ExecuteImpl(Action action) 位置 D:\Workspace\Projects\CodeArt Framework\CodeArt\CodeArt.DomainDriven\Command\CommandBase.cs:行号 29
   在 CodeArt.DomainDriven.Command`1.Execute() 位置 D:\Workspace\Projects\CodeArt Framework\CodeArt\CodeArt.DomainDriven\Command\Command.cs:行号 28
   在 PortalService.Application.InitSA.DynamicInvoke(Object arg) 位置 D:\Workspace\Projects\Services Framework\PortalService\PortalService.Application\Identity\InitSA.cs:行号 26
   在 CodeArt.ServiceModel.ServiceProvider.Invoke(DTObject arg) 位置 D:\Workspace\Projects\CodeArt Framework\CodeArt\CodeArt.ServiceModel\ServiceProvider\ServiceProvider.cs:行号 19
   在 CodeArt.ServiceModel.ServiceProvider.Invoke(ServiceRequest request) 位置 D:\Workspace\Projects\CodeArt Framework\CodeArt\CodeArt.ServiceModel\ServiceProvider\ServiceProvider.cs:行号 14
   在 CodeArt.ServiceModel.MQServiceHandler.ProcessService(ServiceRequest request) 位置 D:\Workspace\Projects\CodeArt Framework\CodeArt\CodeArt.ServiceModel.MQ\MQServiceHandler.cs:行号 58
   在 CodeArt.ServiceModel.MQServiceHandler.Process(String method, DTObject arg) 位置 D:\Workspace\Projects\CodeArt Framework\CodeArt\CodeArt.ServiceModel.MQ\MQServiceHandler.cs:行号 34
2018-03-20 16:22:32.6013 FATAL 消息：对象名 'Role' 无效。；堆栈：   在 System.Data.SqlClient.SqlConnection.OnError(SqlException exception, Boolean breakConnection, Action`1 wrapCloseInAction)
   在 System.Data.SqlClient.SqlInternalConnection.OnError(SqlException exception, Boolean breakConnection, Action`1 wrapCloseInAction)
   在 System.Data.SqlClient.TdsParser.ThrowExceptionAndWarning(TdsParserStateObject stateObj, Boolean callerHasConnectionLock, Boolean asyncClose)
   在 System.Data.SqlClient.TdsParser.TryRun(RunBehavior runBehavior, SqlCommand cmdHandler, SqlDataReader dataStream, BulkCopySimpleResultSet bulkCopyHandler, TdsParserStateObject stateObj, Boolean& dataReady)
   在 System.Data.SqlClient.SqlDataReader.TryConsumeMetaData()
   在 System.Data.SqlClient.SqlDataReader.get_MetaData()
   在 System.Data.SqlClient.SqlCommand.FinishExecuteReader(SqlDataReader ds, RunBehavior runBehavior, String resetOptionsString, Boolean isInternal, Boolean forDescribeParameterEncryption)
   在 System.Data.SqlClient.SqlCommand.RunExecuteReaderTds(CommandBehavior cmdBehavior, RunBehavior runBehavior, Boolean returnStream, Boolean async, Int32 timeout, Task& task, Boolean asyncWrite, Boolean inRetry, SqlDataReader ds, Boolean describeParameterEncryptionRequest)
   在 System.Data.SqlClient.SqlCommand.RunExecuteReader(CommandBehavior cmdBehavior, RunBehavior runBehavior, Boolean returnStream, String method, TaskCompletionSource`1 completion, Int32 timeout, Task& task, Boolean& usedCache, Boolean asyncWrite, Boolean inRetry)
   在 System.Data.SqlClient.SqlCommand.RunExecuteReader(CommandBehavior cmdBehavior, RunBehavior runBehavior, Boolean returnStream, String method)
   在 System.Data.SqlClient.SqlCommand.ExecuteReader(CommandBehavior behavior, String method)
   在 System.Data.SqlClient.SqlCommand.ExecuteDbDataReader(CommandBehavior behavior)
   在 System.Data.Common.DbCommand.System.Data.IDbCommand.ExecuteReader(CommandBehavior behavior)
   在 Dapper.SqlMapper.ExecuteReaderWithFlagsFallback(IDbCommand cmd, Boolean wasClosed, CommandBehavior behavior)
   在 Dapper.SqlMapper.ExecuteReaderImpl(IDbConnection cnn, CommandDefinition& command, CommandBehavior commandBehavior, IDbCommand& cmd)
   在 Dapper.SqlMapper.ExecuteReader(IDbConnection cnn, String sql, Object param, IDbTransaction transaction, Nullable`1 commandTimeout, Nullable`1 commandType)
   在 CodeArt.DomainDriven.DataAccess.SqlHelper.QueryFirstOrDefault(String connName, String sql, Object param, DynamicData data) 位置 D:\Workspace\Projects\CodeArt Framework\CodeArt\CodeArt.DomainDriven.DataAccess\SqlHelper.cs:行号 70
   在 CodeArt.DomainDriven.DataAccess.DataTable.ExecuteQueryEntry(IQueryBuilder query, Action`1 fillArg, DynamicData data) 位置 D:\Workspace\Projects\CodeArt Framework\CodeArt\CodeArt.DomainDriven.DataAccess\DataModel\Table\Query.cs:行号 303
   在 CodeArt.DomainDriven.DataAccess.DataTable.UseDataEntry(IQueryBuilder exp, Action`1 fillArg, Action`1 action) 位置 D:\Workspace\Projects\CodeArt Framework\CodeArt\CodeArt.DomainDriven.DataAccess\DataModel\Table\Query.cs:行号 268
   在 CodeArt.DomainDriven.DataAccess.DataTable.QuerySingle(String expression, Action`1 fillArg, QueryLevel level) 位置 D:\Workspace\Projects\CodeArt Framework\CodeArt\CodeArt.DomainDriven.DataAccess\DataModel\Table\Query.cs:行号 111
   在 CodeArt.DomainDriven.DataAccess.DataTable.QuerySingle[T](String expression, Action`1 fillArg, QueryLevel level) 位置 D:\Workspace\Projects\CodeArt Framework\CodeArt\CodeArt.DomainDriven.DataAccess\DataModel\Table\Query.cs:行号 102
   在 CodeArt.DomainDriven.DataAccess.DataModel.QuerySingle[T](String expression, Action`1 fillArg, QueryLevel level) 位置 D:\Workspace\Projects\CodeArt Framework\CodeArt\CodeArt.DomainDriven.DataAccess\DataModel\DataModel.cs:行号 97
   在 CodeArt.DomainDriven.DataAccess.DataPortal.QuerySingle[T](String expression, Action`1 fillArg, QueryLevel level) 位置 D:\Workspace\Projects\CodeArt Framework\CodeArt\CodeArt.DomainDriven.DataAccess\DataPortal\DataPortal.cs:行号 144
   在 CodeArt.DomainDriven.DataAccess.DataContextExtensions.<>c__DisplayClass0_0`1.<QuerySingle>b__0() 位置 D:\Workspace\Projects\CodeArt Framework\CodeArt\CodeArt.DomainDriven.DataAccess\Common\DataContextExtensions.cs:行号 26
   在 CodeArt.DomainDriven.DataContext.RegisterQueried[T](QueryLevel level, Func`1 persistQuery) 位置 D:\Workspace\Projects\CodeArt Framework\CodeArt\CodeArt.DomainDriven\Repository\DataContext\DataContext.cs:行号 183
   在 CodeArt.DomainDriven.DataAccess.DataContextExtensions.QuerySingle[T](IDataContext dataContext, String expression, Action`1 fillArg, QueryLevel level) 位置 D:\Workspace\Projects\CodeArt Framework\CodeArt\CodeArt.DomainDriven.DataAccess\Common\DataContextExtensions.cs:行号 24
   在 CodeArt.DomainDriven.DataAccess.SqlRepository`1.QuerySingle[T](String expression, Action`1 fillArg, QueryLevel level) 位置 D:\Workspace\Projects\CodeArt Framework\CodeArt\CodeArt.DomainDriven.DataAccess\Common\SqlRepository.cs:行号 49
   在 AccountSubsystem.SqlRoleRepository.FindByMarkedCode(String markedCode, QueryLevel level) 位置 D:\Workspace\Projects\Subsystems Framework\AccountSubsystem\AccountSubsystem\Role\SqlRoleRepository.cs:行号 26
   在 AccountSubsystem.RoleCommon.FindByMarkedCode(String markedCode, QueryLevel level) 位置 D:\Workspace\Projects\Subsystems Framework\AccountSubsystem\AccountSubsystem\Role\Application\RoleCommon.cs:行号 23
   在 UserSubsystem.InitSA.GetOrCreateSARole() 位置 D:\Workspace\Projects\Subsystems Framework\UserSubsystem\UserSubsystem\SA\InitSA.cs:行号 30
   在 UserSubsystem.InitSA.ExecuteProcedure() 位置 D:\Workspace\Projects\Subsystems Framework\UserSubsystem\UserSubsystem\SA\InitSA.cs:行号 22
   在 CodeArt.DomainDriven.Command`1.<>c__DisplayClass0_0.<Execute>b__1() 位置 D:\Workspace\Projects\CodeArt Framework\CodeArt\CodeArt.DomainDriven\Command\Command.cs:行号 32
   在 CodeArt.DomainDriven.DataContext.Using(DataContext dataContext, Action action, Boolean timely, Boolean newScope) 位置 D:\Workspace\Projects\CodeArt Framework\CodeArt\CodeArt.DomainDriven\Repository\DataContext\DataContext.cs:行号 707
   在 CodeArt.DomainDriven.DataContext.Using(Action action, Boolean timely) 位置 D:\Workspace\Projects\CodeArt Framework\CodeArt\CodeArt.DomainDriven\Repository\DataContext\DataContext.cs:行号 714
   在 CodeArt.DomainDriven.Command`1.<>c__DisplayClass0_0.<Execute>b__0() 位置 D:\Workspace\Projects\CodeArt Framework\CodeArt\CodeArt.DomainDriven\Command\Command.cs:行号 30
   在 CodeArt.DomainDriven.CommandBase.ExecuteImpl(Action action) 位置 D:\Workspace\Projects\CodeArt Framework\CodeArt\CodeArt.DomainDriven\Command\CommandBase.cs:行号 29
   在 CodeArt.DomainDriven.Command`1.Execute() 位置 D:\Workspace\Projects\CodeArt Framework\CodeArt\CodeArt.DomainDriven\Command\Command.cs:行号 28
   在 PortalService.Application.InitSA.DynamicInvoke(Object arg) 位置 D:\Workspace\Projects\Services Framework\PortalService\PortalService.Application\Identity\InitSA.cs:行号 26
   在 CodeArt.ServiceModel.ServiceProvider.Invoke(DTObject arg) 位置 D:\Workspace\Projects\CodeArt Framework\CodeArt\CodeArt.ServiceModel\ServiceProvider\ServiceProvider.cs:行号 19
   在 CodeArt.ServiceModel.ServiceProvider.Invoke(ServiceRequest request) 位置 D:\Workspace\Projects\CodeArt Framework\CodeArt\CodeArt.ServiceModel\ServiceProvider\ServiceProvider.cs:行号 14
   在 CodeArt.ServiceModel.MQServiceHandler.ProcessService(ServiceRequest request) 位置 D:\Workspace\Projects\CodeArt Framework\CodeArt\CodeArt.ServiceModel.MQ\MQServiceHandler.cs:行号 58
   在 CodeArt.ServiceModel.MQServiceHandler.Process(String method, DTObject arg) 位置 D:\Workspace\Projects\CodeArt Framework\CodeArt\CodeArt.ServiceModel.MQ\MQServiceHandler.cs:行号 34
