2018-03-15 02:47:47.8384 FATAL 消息：
属性 Name 的值 123123 重复
；堆栈：
2018-03-15 22:21:44.5507 FATAL 消息：无法将 null 转换为“System.Guid”，因为后者是不可以为 null 的值类型；堆栈：   在 CallSite.Target(Closure , CallSite , Object )
   在 System.Dynamic.UpdateDelegates.UpdateAndExecute1[T0,TRet](CallSite site, T0 arg0)
   在 PortalService.Application.AddUser.DynamicInvoke(Object arg) 位置 D:\Workspace\Projects\Services Framework\PortalService\PortalService.Application\User\AddUser.cs:行号 22
   在 CodeArt.ServiceModel.ServiceProvider.Invoke(DTObject arg) 位置 D:\Workspace\Projects\CodeArt Framework\CodeArt\CodeArt.ServiceModel\ServiceProvider\ServiceProvider.cs:行号 19
   在 CodeArt.ServiceModel.ServiceProvider.Invoke(ServiceRequest request) 位置 D:\Workspace\Projects\CodeArt Framework\CodeArt\CodeArt.ServiceModel\ServiceProvider\ServiceProvider.cs:行号 14
   在 CodeArt.ServiceModel.MQServiceHandler.ProcessService(ServiceRequest request) 位置 D:\Workspace\Projects\CodeArt Framework\CodeArt\CodeArt.ServiceModel.MQ\MQServiceHandler.cs:行号 58
   在 CodeArt.ServiceModel.MQServiceHandler.Process(String method, DTObject args) 位置 D:\Workspace\Projects\CodeArt Framework\CodeArt\CodeArt.ServiceModel.MQ\MQServiceHandler.cs:行号 34
2018-03-15 22:23:09.2375 FATAL 消息：无法将类型“string”隐式转换为“bool?”；堆栈：   在 CallSite.Target(Closure , CallSite , Object )
   在 System.Dynamic.UpdateDelegates.UpdateAndExecute1[T0,TRet](CallSite site, T0 arg0)
   在 PortalService.Application.AddUser.DynamicInvoke(Object arg) 位置 D:\Workspace\Projects\Services Framework\PortalService\PortalService.Application\User\AddUser.cs:行号 22
   在 CodeArt.ServiceModel.ServiceProvider.Invoke(DTObject arg) 位置 D:\Workspace\Projects\CodeArt Framework\CodeArt\CodeArt.ServiceModel\ServiceProvider\ServiceProvider.cs:行号 19
   在 CodeArt.ServiceModel.ServiceProvider.Invoke(ServiceRequest request) 位置 D:\Workspace\Projects\CodeArt Framework\CodeArt\CodeArt.ServiceModel\ServiceProvider\ServiceProvider.cs:行号 14
   在 CodeArt.ServiceModel.MQServiceHandler.ProcessService(ServiceRequest request) 位置 D:\Workspace\Projects\CodeArt Framework\CodeArt\CodeArt.ServiceModel.MQ\MQServiceHandler.cs:行号 58
   在 CodeArt.ServiceModel.MQServiceHandler.Process(String method, DTObject args) 位置 D:\Workspace\Projects\CodeArt Framework\CodeArt\CodeArt.ServiceModel.MQ\MQServiceHandler.cs:行号 34
2018-03-15 22:23:38.4126 FATAL 消息：无法将类型“string”隐式转换为“bool?”；堆栈：   在 CallSite.Target(Closure , CallSite , Object )
   在 PortalService.Application.AddUser.DynamicInvoke(Object arg) 位置 D:\Workspace\Projects\Services Framework\PortalService\PortalService.Application\User\AddUser.cs:行号 22
   在 CodeArt.ServiceModel.ServiceProvider.Invoke(DTObject arg) 位置 D:\Workspace\Projects\CodeArt Framework\CodeArt\CodeArt.ServiceModel\ServiceProvider\ServiceProvider.cs:行号 19
   在 CodeArt.ServiceModel.ServiceProvider.Invoke(ServiceRequest request) 位置 D:\Workspace\Projects\CodeArt Framework\CodeArt\CodeArt.ServiceModel\ServiceProvider\ServiceProvider.cs:行号 14
   在 CodeArt.ServiceModel.MQServiceHandler.ProcessService(ServiceRequest request) 位置 D:\Workspace\Projects\CodeArt Framework\CodeArt\CodeArt.ServiceModel.MQ\MQServiceHandler.cs:行号 58
   在 CodeArt.ServiceModel.MQServiceHandler.Process(String method, DTObject args) 位置 D:\Workspace\Projects\CodeArt Framework\CodeArt\CodeArt.ServiceModel.MQ\MQServiceHandler.cs:行号 34
2018-03-15 22:27:54.9296 FATAL 消息：无法将类型“string”转换为“bool”；堆栈：   在 CallSite.Target(Closure , CallSite , Object )
   在 System.Dynamic.UpdateDelegates.UpdateAndExecute1[T0,TRet](CallSite site, T0 arg0)
   在 PortalService.Application.AddUser.DynamicInvoke(Object arg) 位置 D:\Workspace\Projects\Services Framework\PortalService\PortalService.Application\User\AddUser.cs:行号 22
   在 CodeArt.ServiceModel.ServiceProvider.Invoke(DTObject arg) 位置 D:\Workspace\Projects\CodeArt Framework\CodeArt\CodeArt.ServiceModel\ServiceProvider\ServiceProvider.cs:行号 19
   在 CodeArt.ServiceModel.ServiceProvider.Invoke(ServiceRequest request) 位置 D:\Workspace\Projects\CodeArt Framework\CodeArt\CodeArt.ServiceModel\ServiceProvider\ServiceProvider.cs:行号 14
   在 CodeArt.ServiceModel.MQServiceHandler.ProcessService(ServiceRequest request) 位置 D:\Workspace\Projects\CodeArt Framework\CodeArt\CodeArt.ServiceModel.MQ\MQServiceHandler.cs:行号 58
   在 CodeArt.ServiceModel.MQServiceHandler.Process(String method, DTObject args) 位置 D:\Workspace\Projects\CodeArt Framework\CodeArt\CodeArt.ServiceModel.MQ\MQServiceHandler.cs:行号 34
2018-03-15 22:28:02.5305 FATAL 消息：无法将类型“string”转换为“bool”；堆栈：   在 CallSite.Target(Closure , CallSite , Object )
   在 PortalService.Application.AddUser.DynamicInvoke(Object arg) 位置 D:\Workspace\Projects\Services Framework\PortalService\PortalService.Application\User\AddUser.cs:行号 22
   在 CodeArt.ServiceModel.ServiceProvider.Invoke(DTObject arg) 位置 D:\Workspace\Projects\CodeArt Framework\CodeArt\CodeArt.ServiceModel\ServiceProvider\ServiceProvider.cs:行号 19
   在 CodeArt.ServiceModel.ServiceProvider.Invoke(ServiceRequest request) 位置 D:\Workspace\Projects\CodeArt Framework\CodeArt\CodeArt.ServiceModel\ServiceProvider\ServiceProvider.cs:行号 14
   在 CodeArt.ServiceModel.MQServiceHandler.ProcessService(ServiceRequest request) 位置 D:\Workspace\Projects\CodeArt Framework\CodeArt\CodeArt.ServiceModel.MQ\MQServiceHandler.cs:行号 58
   在 CodeArt.ServiceModel.MQServiceHandler.Process(String method, DTObject args) 位置 D:\Workspace\Projects\CodeArt Framework\CodeArt\CodeArt.ServiceModel.MQ\MQServiceHandler.cs:行号 34
2018-03-15 22:37:02.9298 FATAL 消息：
在领域设计中所有对象都不应该为null，错误源：Name
；堆栈：   在 CodeArt.DomainDriven.CommandBase.OnFailed(Exception ex) 位置 D:\Workspace\Projects\CodeArt Framework\CodeArt\CodeArt.DomainDriven\Command\CommandBase.cs:行号 47
   在 CodeArt.DomainDriven.CommandBase.ExecuteImpl(Action action) 位置 D:\Workspace\Projects\CodeArt Framework\CodeArt\CodeArt.DomainDriven\Command\CommandBase.cs:行号 28
   在 CodeArt.DomainDriven.Command`1.Execute() 位置 D:\Workspace\Projects\CodeArt Framework\CodeArt\CodeArt.DomainDriven\Command\Command.cs:行号 28
   在 PortalService.Application.AddUser.DynamicInvoke(Object arg) 位置 D:\Workspace\Projects\Services Framework\PortalService\PortalService.Application\User\AddUser.cs:行号 35
   在 CodeArt.ServiceModel.ServiceProvider.Invoke(DTObject arg) 位置 D:\Workspace\Projects\CodeArt Framework\CodeArt\CodeArt.ServiceModel\ServiceProvider\ServiceProvider.cs:行号 19
   在 CodeArt.ServiceModel.ServiceProvider.Invoke(ServiceRequest request) 位置 D:\Workspace\Projects\CodeArt Framework\CodeArt\CodeArt.ServiceModel\ServiceProvider\ServiceProvider.cs:行号 14
   在 CodeArt.ServiceModel.MQServiceHandler.ProcessService(ServiceRequest request) 位置 D:\Workspace\Projects\CodeArt Framework\CodeArt\CodeArt.ServiceModel.MQ\MQServiceHandler.cs:行号 58
   在 CodeArt.ServiceModel.MQServiceHandler.Process(String method, DTObject args) 位置 D:\Workspace\Projects\CodeArt Framework\CodeArt\CodeArt.ServiceModel.MQ\MQServiceHandler.cs:行号 34
   在 CodeArt.DomainDriven.DataContext.Commit() 位置 D:\Workspace\Projects\CodeArt Framework\CodeArt\CodeArt.DomainDriven\Repository\DataContext\DataContext.cs:行号 501
   在 CodeArt.DomainDriven.DataContext.Using(DataContext dataContext, Action action, Boolean timely, Boolean newScope) 位置 D:\Workspace\Projects\CodeArt Framework\CodeArt\CodeArt.DomainDriven\Repository\DataContext\DataContext.cs:行号 699

2018-03-15 22:38:00.3890 FATAL 消息：
在领域设计中所有对象都不应该为null，错误源：Name
；堆栈：   在 CodeArt.DomainDriven.CommandBase.OnFailed(Exception ex) 位置 D:\Workspace\Projects\CodeArt Framework\CodeArt\CodeArt.DomainDriven\Command\CommandBase.cs:行号 47
   在 CodeArt.DomainDriven.CommandBase.ExecuteImpl(Action action) 位置 D:\Workspace\Projects\CodeArt Framework\CodeArt\CodeArt.DomainDriven\Command\CommandBase.cs:行号 28
   在 CodeArt.DomainDriven.Command`1.Execute() 位置 D:\Workspace\Projects\CodeArt Framework\CodeArt\CodeArt.DomainDriven\Command\Command.cs:行号 28
   在 PortalService.Application.AddUser.DynamicInvoke(Object arg) 位置 D:\Workspace\Projects\Services Framework\PortalService\PortalService.Application\User\AddUser.cs:行号 35
   在 CodeArt.ServiceModel.ServiceProvider.Invoke(DTObject arg) 位置 D:\Workspace\Projects\CodeArt Framework\CodeArt\CodeArt.ServiceModel\ServiceProvider\ServiceProvider.cs:行号 19
   在 CodeArt.ServiceModel.ServiceProvider.Invoke(ServiceRequest request) 位置 D:\Workspace\Projects\CodeArt Framework\CodeArt\CodeArt.ServiceModel\ServiceProvider\ServiceProvider.cs:行号 14
   在 CodeArt.ServiceModel.MQServiceHandler.ProcessService(ServiceRequest request) 位置 D:\Workspace\Projects\CodeArt Framework\CodeArt\CodeArt.ServiceModel.MQ\MQServiceHandler.cs:行号 58
   在 CodeArt.ServiceModel.MQServiceHandler.Process(String method, DTObject args) 位置 D:\Workspace\Projects\CodeArt Framework\CodeArt\CodeArt.ServiceModel.MQ\MQServiceHandler.cs:行号 34
   在 CodeArt.DomainDriven.DataContext.Commit() 位置 D:\Workspace\Projects\CodeArt Framework\CodeArt\CodeArt.DomainDriven\Repository\DataContext\DataContext.cs:行号 501
   在 CodeArt.DomainDriven.DataContext.Using(DataContext dataContext, Action action, Boolean timely, Boolean newScope) 位置 D:\Workspace\Projects\CodeArt Framework\CodeArt\CodeArt.DomainDriven\Repository\DataContext\DataContext.cs:行号 699

2018-03-15 22:40:01.5993 FATAL 消息：
账户名 123 无效
；堆栈：
2018-03-15 22:40:08.4391 FATAL 消息：
账户名 1231 无效
；堆栈：
2018-03-15 22:41:53.6045 FATAL 消息：
账户名 1231 无效
；堆栈：
