2018-03-24 03:17:02.0237 FATAL 消息：恢复领域事件失败，事件队列编号41dfa102-0078-40c3-a941-f3769e17e44d
列名 'IsReversed' 无效。
；堆栈：
   在 System.Data.SqlClient.SqlConnection.OnError(SqlException exception, Boolean breakConnection, Action`1 wrapCloseInAction)
   在 System.Data.SqlClient.SqlInternalConnection.OnError(SqlException exception, Boolean breakConnection, Action`1 wrapCloseInAction)
   在 System.Data.SqlClient.TdsParser.ThrowExceptionAndWarning(TdsParserStateObject stateObj, Boolean callerHasConnectionLock, Boolean asyncClose)
   在 System.Data.SqlClient.TdsParser.TryRun(RunBehavior runBehavior, SqlCommand cmdHandler, SqlDataReader dataStream, BulkCopySimpleResultSet bulkCopyHandler, TdsParserStateObject stateObj, Boolean& dataReady)
   在 System.Data.SqlClient.SqlDataReader.TryConsumeMetaData()
   在 System.Data.SqlClient.SqlDataReader.get_MetaData()
   在 System.Data.SqlClient.SqlCommand.FinishExecuteReader(SqlDataReader ds, RunBehavior runBehavior, String resetOptionsString, Boolean isInternal, Boolean forDescribeParameterEncryption)
   在 System.Data.SqlClient.SqlCommand.RunExecuteReaderTds(CommandBehavior cmdBehavior, RunBehavior runBehavior, Boolean returnStream, Boolean async, Int32 timeout, Task& task, Boolean asyncWrite, Boolean inRetry, SqlDataReader ds, Boolean describeParameterEncryptionRequest)
   在 System.Data.SqlClient.SqlCommand.RunExecuteReader(CommandBehavior cmdBehavior, RunBehavior runBehavior, Boolean returnStream, String method, TaskCompletionSource`1 completion, Int32 timeout, Task& task, Boolean& usedCache, Boolean asyncWrite, Boolean inRetry)
   在 System.Data.SqlClient.SqlCommand.RunExecuteReader(CommandBehavior cmdBehavior, RunBehavior runBehavior, Boolean returnStream, String method)
   在 System.Data.SqlClient.SqlCommand.ExecuteReader(CommandBehavior behavior, String method)
   在 System.Data.SqlClient.SqlCommand.ExecuteDbDataReader(CommandBehavior behavior)
   在 System.Data.Common.DbCommand.System.Data.IDbCommand.ExecuteReader(CommandBehavior behavior)
   在 Dapper.SqlMapper.ExecuteReaderWithFlagsFallback(IDbCommand cmd, Boolean wasClosed, CommandBehavior behavior)
   在 Dapper.SqlMapper.ExecuteReaderImpl(IDbConnection cnn, CommandDefinition& command, CommandBehavior commandBehavior, IDbCommand& cmd)
   在 Dapper.SqlMapper.ExecuteReader(IDbConnection cnn, String sql, Object param, IDbTransaction transaction, Nullable`1 commandTimeout, Nullable`1 commandType)
   在 CodeArt.DomainDriven.DataAccess.SqlHelper.QueryFirstOrDefault(String connName, String sql, Object param) 位置 D:\Workspace\Projects\CodeArt Framework\CodeArt\CodeArt.DomainDriven.DataAccess\SqlHelper.cs:行号 56
   在 CodeArt.DomainDriven.DataAccess.DataTable.ExecuteQueryObject(Type objectType, IQueryBuilder query, Action`1 fillArg, QueryLevel level) 位置 D:\Workspace\Projects\CodeArt Framework\CodeArt\CodeArt.DomainDriven.DataAccess\DataModel\Table\Query.cs:行号 430
   在 CodeArt.DomainDriven.DataAccess.DataTable.LoadObject(Object id, QueryLevel level) 位置 D:\Workspace\Projects\CodeArt Framework\CodeArt\CodeArt.DomainDriven.DataAccess\DataModel\Table\Query.cs:行号 386
   在 CodeArt.DomainDriven.DataAccess.DataTable.<>c__DisplayClass271_0.<GetObjectFromEntry>b__1() 位置 D:\Workspace\Projects\CodeArt Framework\CodeArt\CodeArt.DomainDriven.DataAccess\DataModel\Table\Query.cs:行号 149
   在 CodeArt.DomainDriven.DomainBuffer.GetOrCreateImpl(String uniqueKey, Int32 dataVersion, Func`1 load) 位置 D:\Workspace\Projects\CodeArt Framework\CodeArt\CodeArt.DomainDriven\DomainBuffer\DomainBuffer.cs:行号 89
   在 CodeArt.DomainDriven.DomainBuffer.GetOrCreate(Type objectType, Object id, Int32 dataVersion, Func`1 load) 位置 D:\Workspace\Projects\CodeArt Framework\CodeArt\CodeArt.DomainDriven\DomainBuffer\DomainBuffer.cs:行号 68
   在 CodeArt.DomainDriven.DataAccess.DataTable.GetObjectFromEntry(DynamicData entry, QueryLevel level) 位置 D:\Workspace\Projects\CodeArt Framework\CodeArt\CodeArt.DomainDriven.DataAccess\DataModel\Table\Query.cs:行号 147
   在 CodeArt.DomainDriven.DataAccess.DataTable.<>c__DisplayClass278_0`1.<GetObjectsFromEntries>b__1(DynamicData entry) 位置 D:\Workspace\Projects\CodeArt Framework\CodeArt\CodeArt.DomainDriven.DataAccess\DataModel\Table\Query.cs:行号 246
   在 CodeArt.DomainDriven.DataAccess.DataTable.UseDataEntries(IQueryBuilder exp, Action`1 fillArg, Action`1 action) 位置 D:\Workspace\Projects\CodeArt Framework\CodeArt\CodeArt.DomainDriven.DataAccess\DataModel\Table\Query.cs:行号 290
   在 CodeArt.DomainDriven.DataAccess.DataTable.GetObjectsFromEntries[T](IQueryBuilder exp, Action`1 fillArg, QueryLevel level) 位置 D:\Workspace\Projects\CodeArt Framework\CodeArt\CodeArt.DomainDriven.DataAccess\DataModel\Table\Query.cs:行号 244
   在 CodeArt.DomainDriven.DataAccess.DataTable.Query[T](String expression, Action`1 fillArg, QueryLevel level) 位置 D:\Workspace\Projects\CodeArt Framework\CodeArt\CodeArt.DomainDriven.DataAccess\DataModel\Table\Query.cs:行号 172
   在 CodeArt.DomainDriven.DataAccess.DataModel.Query[T](String expression, Action`1 fillArg, QueryLevel level) 位置 D:\Workspace\Projects\CodeArt Framework\CodeArt\CodeArt.DomainDriven.DataAccess\DataModel\DataModel.cs:行号 102
   在 CodeArt.DomainDriven.DataAccess.DataPortal.Query[T](String expression, Action`1 fillArg, QueryLevel level) 位置 D:\Workspace\Projects\CodeArt Framework\CodeArt\CodeArt.DomainDriven.DataAccess\DataPortal\DataPortal.cs:行号 159
   在 CodeArt.DomainDriven.DataAccess.DataContextExtensions.<>c__DisplayClass1_0`1.<Query>b__0() 位置 D:\Workspace\Projects\CodeArt Framework\CodeArt\CodeArt.DomainDriven.DataAccess\Common\DataContextExtensions.cs:行号 42
   在 CodeArt.DomainDriven.DataContext.RegisterQueried[T](QueryLevel level, Func`1 persistQuery) 位置 D:\Workspace\Projects\CodeArt Framework\CodeArt\CodeArt.DomainDriven\Repository\DataContext\DataContext.cs:行号 194
   在 CodeArt.DomainDriven.DataAccess.DataContextExtensions.Query[T](IDataContext dataContext, String expression, Action`1 fillArg, QueryLevel level) 位置 D:\Workspace\Projects\CodeArt Framework\CodeArt\CodeArt.DomainDriven.DataAccess\Common\DataContextExtensions.cs:行号 40
   在 CodeArt.DomainDriven.DataAccess.SqlEventLogEntryRepository.FindByReverseOrder(Guid logId) 位置 D:\Workspace\Projects\CodeArt Framework\CodeArt\CodeArt.DomainDriven.DataAccess\DomainEvent\SqlEventLogEntryRepository.cs:行号 20
   在 CodeArt.DomainDriven.EventLog.<>c__DisplayClass23_0.<Restore>b__0() 位置 D:\Workspace\Projects\CodeArt Framework\CodeArt\CodeArt.DomainDriven\DomainEvent\Restorer\EventLog.cs:行号 207
   在 CodeArt.DomainDriven.DataContext.Using(DataContext dataContext, Action action, Boolean timely, Boolean newScope) 位置 D:\Workspace\Projects\CodeArt Framework\CodeArt\CodeArt.DomainDriven\Repository\DataContext\DataContext.cs:行号 707
   在 CodeArt.DomainDriven.DataContext.NewScope(Action action, Boolean timely) 位置 D:\Workspace\Projects\CodeArt Framework\CodeArt\CodeArt.DomainDriven\Repository\DataContext\DataContext.cs:行号 741
   在 CodeArt.DomainDriven.EventLog.Restore(Guid logId, Action`2 process) 位置 D:\Workspace\Projects\CodeArt Framework\CodeArt\CodeArt.DomainDriven\DomainEvent\Restorer\EventLog.cs:行号 199
   在 CodeArt.DomainDriven.EventRestorer.Restore(Guid queueId, Exception reason) 位置 D:\Workspace\Projects\CodeArt Framework\CodeArt\CodeArt.DomainDriven\DomainEvent\Restorer\EventRestorer.cs:行号 100

2018-03-24 03:19:44.6454 FATAL 消息：没有找到message对应的DTO实体！；堆栈：   在 CodeArt.DTO.DTObject.FindEntity(String findExp, Boolean throwError) 位置 D:\Workspace\Projects\CodeArt Framework\CodeArt\CodeArt\DTO\DTObject.cs:行号 888
   在 CodeArt.DTO.DTObject.GetValue(String findExp, Boolean throwError) 位置 D:\Workspace\Projects\CodeArt Framework\CodeArt\CodeArt\DTO\DTObject.cs:行号 212
   在 CodeArt.DTO.DTObject.GetValue(String findExp) 位置 D:\Workspace\Projects\CodeArt Framework\CodeArt\CodeArt\DTO\DTObject.cs:行号 207
   在 CodeArt.DTO.DTObject.GetValue[T](String findExp) 位置 D:\Workspace\Projects\CodeArt Framework\CodeArt\CodeArt\DTO\DTObject.cs:行号 226
   在 CodeArt.DomainDriven.EventListener.AskedToReverse(DTObject event) 位置 D:\Workspace\Projects\CodeArt Framework\CodeArt\CodeArt.DomainDriven\DomainEvent\Trigger\EventListener.cs:行号 78
   在 CodeArt.DomainDriven.ReverseEventHandler.Handle(DTObject arg) 位置 D:\Workspace\Projects\CodeArt Framework\CodeArt\CodeArt.DomainDriven\DomainEvent\Host\ReverseEventHandler.cs:行号 30
