2018-03-18 19:01:42.0539 FATAL 消息：没有找到名称为db-Location或 db-default 的连接配置；堆栈：   在 CodeArt.Data.SqlConnectionProvider.<>c.<.cctor>b__4_0(String connName) 位置 D:\Workspace\Projects\CodeArt Framework\CodeArt\CodeArt\Data\SqlConnectionProvider.cs:行号 29
   在 CodeArt.Util.LazyIndexer.<>c__DisplayClass2_0`2.<Init>b__0(TKey key) 位置 D:\Workspace\Projects\CodeArt Framework\CodeArt\CodeArt\Util\LazyIndexer.cs:行号 56
   在 CodeArt.Data.SqlConnectionProvider.GetConnectionString(String connName) 位置 D:\Workspace\Projects\CodeArt Framework\CodeArt\CodeArt\Data\SqlConnectionProvider.cs:行号 19
   在 CodeArt.DomainDriven.SqlClientConnectionProvider.GetConnectionString(String connName) 位置 D:\Workspace\Projects\CodeArt Framework\CodeArt\CodeArt.DomainDriven.Extensions\SqlClientConnectionProvider.cs:行号 25
   在 CodeArt.DomainDriven.DataAccess.SqlHelper.GetConnectionString(String connName) 位置 D:\Workspace\Projects\CodeArt Framework\CodeArt\CodeArt.DomainDriven.DataAccess\SqlHelper.cs:行号 93
   在 CodeArt.DomainDriven.DataAccess.SqlHelper.Execute(String connName, String sql, Object param) 位置 D:\Workspace\Projects\CodeArt Framework\CodeArt\CodeArt.DomainDriven.DataAccess\SqlHelper.cs:行号 26
   在 CodeArt.DomainDriven.DataAccess.DataTable.<Build>b__246_0() 位置 D:\Workspace\Projects\CodeArt Framework\CodeArt\CodeArt.DomainDriven.DataAccess\DataModel\Table\Life.cs:行号 21
   在 CodeArt.DomainDriven.DataAccess.DataTable.IfUnBuilt(String name, Action action) 位置 D:\Workspace\Projects\CodeArt Framework\CodeArt\CodeArt.DomainDriven.DataAccess\DataModel\Table\Life.cs:行号 35
   在 CodeArt.DomainDriven.DataAccess.DataTable.Build() 位置 D:\Workspace\Projects\CodeArt Framework\CodeArt\CodeArt.DomainDriven.DataAccess\DataModel\Table\Life.cs:行号 18
   在 CodeArt.DomainDriven.DataAccess.DataTable..ctor(Type objectType, Boolean isSnapshot, DataTable chainRoot, DataTable master, DataTableType type, String name, IEnumerable`1 tableFields, IEnumerable`1 objectFields, IDataField memberField) 位置 D:\Workspace\Projects\CodeArt Framework\CodeArt\CodeArt.DomainDriven.DataAccess\DataModel\Table\Factory.cs:行号 384
   在 CodeArt.DomainDriven.DataAccess.DataTable.Create(DataTable root, DataTable master, Type objectType, Boolean isSnapshot, DataTableType tableType, String tableName, IEnumerable`1 objectFields, IDataField memberField) 位置 D:\Workspace\Projects\CodeArt Framework\CodeArt\CodeArt.DomainDriven.DataAccess\DataModel\Table\Factory.cs:行号 653
   在 CodeArt.DomainDriven.DataAccess.DataTable.CreateMiddle(DataTable root, DataTable master, String tableName, DataTableType tableType, IEnumerable`1 objectFields, IDataField memberField) 位置 D:\Workspace\Projects\CodeArt Framework\CodeArt\CodeArt.DomainDriven.DataAccess\DataModel\Table\Factory.cs:行号 625
   在 CodeArt.DomainDriven.DataAccess.DataTable.CreateMiddleTable(DataTable slave, IDataField memberField) 位置 D:\Workspace\Projects\CodeArt Framework\CodeArt\CodeArt.DomainDriven.DataAccess\DataModel\Table\Childs.cs:行号 311
   在 CodeArt.DomainDriven.DataAccess.DataTable.CreateAggregateRootListTable(DataTable root, DataTable master, IDataField memberField, Type objectType) 位置 D:\Workspace\Projects\CodeArt Framework\CodeArt\CodeArt.DomainDriven.DataAccess\DataModel\Table\Childs.cs:行号 264
   在 CodeArt.DomainDriven.DataAccess.DataTable.CreateChildTable(DataTable master, IDataField memberField, Type objectType) 位置 D:\Workspace\Projects\CodeArt Framework\CodeArt\CodeArt.DomainDriven.DataAccess\DataModel\Table\Childs.cs:行号 118
   在 CodeArt.DomainDriven.DataAccess.DataTable.InitBuildtimeChilds() 位置 D:\Workspace\Projects\CodeArt Framework\CodeArt\CodeArt.DomainDriven.DataAccess\DataModel\Table\Childs.cs:行号 77
   在 CodeArt.DomainDriven.DataAccess.DataTable.InitChilds() 位置 D:\Workspace\Projects\CodeArt Framework\CodeArt\CodeArt.DomainDriven.DataAccess\DataModel\Table\Childs.cs:行号 57
   在 CodeArt.DomainDriven.DataAccess.DataTable..ctor(Type objectType, Boolean isSnapshot, DataTable chainRoot, DataTable master, DataTableType type, String name, IEnumerable`1 tableFields, IEnumerable`1 objectFields, IDataField memberField) 位置 D:\Workspace\Projects\CodeArt Framework\CodeArt\CodeArt.DomainDriven.DataAccess\DataModel\Table\Factory.cs:行号 379
   在 CodeArt.DomainDriven.DataAccess.DataTable.Create(DataTable root, DataTable master, Type objectType, Boolean isSnapshot, DataTableType tableType, String tableName, IEnumerable`1 objectFields, IDataField memberField) 位置 D:\Workspace\Projects\CodeArt Framework\CodeArt\CodeArt.DomainDriven.DataAccess\DataModel\Table\Factory.cs:行号 653
   在 CodeArt.DomainDriven.DataAccess.DataTable.Create(DataTable root, DataTable master, Type objectType, Boolean isSnapshot, DataTableType tableType, IEnumerable`1 objectFields, IDataField memberField) 位置 D:\Workspace\Projects\CodeArt Framework\CodeArt\CodeArt.DomainDriven.DataAccess\DataModel\Table\Factory.cs:行号 605
   在 CodeArt.DomainDriven.DataAccess.DataTable.CreateAggregateRootTable(DataTable root, DataTable master, IDataField memberField, Type objectType) 位置 D:\Workspace\Projects\CodeArt Framework\CodeArt\CodeArt.DomainDriven.DataAccess\DataModel\Table\Childs.cs:行号 232
   在 CodeArt.DomainDriven.DataAccess.DataTable.CreateAggregateRootListTable(DataTable root, DataTable master, IDataField memberField, Type objectType) 位置 D:\Workspace\Projects\CodeArt Framework\CodeArt\CodeArt.DomainDriven.DataAccess\DataModel\Table\Childs.cs:行号 259
   在 CodeArt.DomainDriven.DataAccess.DataTable.CreateChildTable(DataTable master, IDataField memberField, Type objectType) 位置 D:\Workspace\Projects\CodeArt Framework\CodeArt\CodeArt.DomainDriven.DataAccess\DataModel\Table\Childs.cs:行号 118
   在 CodeArt.DomainDriven.DataAccess.DataTable.InitBuildtimeChilds() 位置 D:\Workspace\Projects\CodeArt Framework\CodeArt\CodeArt.DomainDriven.DataAccess\DataModel\Table\Childs.cs:行号 77
   在 CodeArt.DomainDriven.DataAccess.DataTable.InitChilds() 位置 D:\Workspace\Projects\CodeArt Framework\CodeArt\CodeArt.DomainDriven.DataAccess\DataModel\Table\Childs.cs:行号 57
   在 CodeArt.DomainDriven.DataAccess.DataTable..ctor(Type objectType, Boolean isSnapshot, DataTable chainRoot, DataTable master, DataTableType type, String name, IEnumerable`1 tableFields, IEnumerable`1 objectFields, IDataField memberField) 位置 D:\Workspace\Projects\CodeArt Framework\CodeArt\CodeArt.DomainDriven.DataAccess\DataModel\Table\Factory.cs:行号 379
   在 CodeArt.DomainDriven.DataAccess.DataTable.Create(DataTable root, DataTable master, Type objectType, Boolean isSnapshot, DataTableType tableType, String tableName, IEnumerable`1 objectFields, IDataField memberField) 位置 D:\Workspace\Projects\CodeArt Framework\CodeArt\CodeArt.DomainDriven.DataAccess\DataModel\Table\Factory.cs:行号 653
   在 CodeArt.DomainDriven.DataAccess.DataTable.Create(DataTable root, DataTable master, Type objectType, Boolean isSnapshot, DataTableType tableType, IEnumerable`1 objectFields, IDataField memberField) 位置 D:\Workspace\Projects\CodeArt Framework\CodeArt\CodeArt.DomainDriven.DataAccess\DataModel\Table\Factory.cs:行号 605
   在 CodeArt.DomainDriven.DataAccess.DataTable.CreateAggregateRootTable(DataTable root, DataTable master, IDataField memberField, Type objectType) 位置 D:\Workspace\Projects\CodeArt Framework\CodeArt\CodeArt.DomainDriven.DataAccess\DataModel\Table\Childs.cs:行号 232
   在 CodeArt.DomainDriven.DataAccess.DataTable.CreateChildTable(DataTable master, IDataField memberField, Type objectType) 位置 D:\Workspace\Projects\CodeArt Framework\CodeArt\CodeArt.DomainDriven.DataAccess\DataModel\Table\Childs.cs:行号 113
   在 CodeArt.DomainDriven.DataAccess.DataTable.InitBuildtimeChilds() 位置 D:\Workspace\Projects\CodeArt Framework\CodeArt\CodeArt.DomainDriven.DataAccess\DataModel\Table\Childs.cs:行号 77
   在 CodeArt.DomainDriven.DataAccess.DataTable.InitChilds() 位置 D:\Workspace\Projects\CodeArt Framework\CodeArt\CodeArt.DomainDriven.DataAccess\DataModel\Table\Childs.cs:行号 57
   在 CodeArt.DomainDriven.DataAccess.DataTable..ctor(Type objectType, Boolean isSnapshot, DataTable chainRoot, DataTable master, DataTableType type, String name, IEnumerable`1 tableFields, IEnumerable`1 objectFields, IDataField memberField) 位置 D:\Workspace\Projects\CodeArt Framework\CodeArt\CodeArt.DomainDriven.DataAccess\DataModel\Table\Factory.cs:行号 379
   在 CodeArt.DomainDriven.DataAccess.DataTable.Create(DataTable root, DataTable master, Type objectType, Boolean isSnapshot, DataTableType tableType, String tableName, IEnumerable`1 objectFields, IDataField memberField) 位置 D:\Workspace\Projects\CodeArt Framework\CodeArt\CodeArt.DomainDriven.DataAccess\DataModel\Table\Factory.cs:行号 653
   在 CodeArt.DomainDriven.DataAccess.DataTable.Create(DataTable root, DataTable master, Type objectType, Boolean isSnapshot, DataTableType tableType, IEnumerable`1 objectFields, IDataField memberField) 位置 D:\Workspace\Projects\CodeArt Framework\CodeArt\CodeArt.DomainDriven.DataAccess\DataModel\Table\Factory.cs:行号 605
   在 CodeArt.DomainDriven.DataAccess.DataTable.CreateAggregateRootTable(DataTable root, DataTable master, IDataField memberField, Type objectType) 位置 D:\Workspace\Projects\CodeArt Framework\CodeArt\CodeArt.DomainDriven.DataAccess\DataModel\Table\Childs.cs:行号 232
   在 CodeArt.DomainDriven.DataAccess.DataTable.CreateChildTable(DataTable master, IDataField memberField, Type objectType) 位置 D:\Workspace\Projects\CodeArt Framework\CodeArt\CodeArt.DomainDriven.DataAccess\DataModel\Table\Childs.cs:行号 113
   在 CodeArt.DomainDriven.DataAccess.DataTable.InitBuildtimeChilds() 位置 D:\Workspace\Projects\CodeArt Framework\CodeArt\CodeArt.DomainDriven.DataAccess\DataModel\Table\Childs.cs:行号 77
   在 CodeArt.DomainDriven.DataAccess.DataTable.InitChilds() 位置 D:\Workspace\Projects\CodeArt Framework\CodeArt\CodeArt.DomainDriven.DataAccess\DataModel\Table\Childs.cs:行号 57
   在 CodeArt.DomainDriven.DataAccess.DataTable..ctor(Type objectType, Boolean isSnapshot, DataTable chainRoot, DataTable master, DataTableType type, String name, IEnumerable`1 tableFields, IEnumerable`1 objectFields, IDataField memberField) 位置 D:\Workspace\Projects\CodeArt Framework\CodeArt\CodeArt.DomainDriven.DataAccess\DataModel\Table\Factory.cs:行号 379
   在 CodeArt.DomainDriven.DataAccess.DataTable.Create(DataTable root, DataTable master, Type objectType, Boolean isSnapshot, DataTableType tableType, String tableName, IEnumerable`1 objectFields, IDataField memberField) 位置 D:\Workspace\Projects\CodeArt Framework\CodeArt\CodeArt.DomainDriven.DataAccess\DataModel\Table\Factory.cs:行号 653
   在 CodeArt.DomainDriven.DataAccess.DataTable.Create(DataTable root, DataTable master, Type objectType, Boolean isSnapshot, DataTableType tableType, IEnumerable`1 objectFields, IDataField memberField) 位置 D:\Workspace\Projects\CodeArt Framework\CodeArt\CodeArt.DomainDriven.DataAccess\DataModel\Table\Factory.cs:行号 605
   在 CodeArt.DomainDriven.DataAccess.DataTable.CreateAggregateRootTable(DataTable root, DataTable master, IDataField memberField, Type objectType) 位置 D:\Workspace\Projects\CodeArt Framework\CodeArt\CodeArt.DomainDriven.DataAccess\DataModel\Table\Childs.cs:行号 232
   在 CodeArt.DomainDriven.DataAccess.DataTable.CreateChildTable(DataTable master, IDataField memberField, Type objectType) 位置 D:\Workspace\Projects\CodeArt Framework\CodeArt\CodeArt.DomainDriven.DataAccess\DataModel\Table\Childs.cs:行号 113
   在 CodeArt.DomainDriven.DataAccess.DataTable.InitBuildtimeChilds() 位置 D:\Workspace\Projects\CodeArt Framework\CodeArt\CodeArt.DomainDriven.DataAccess\DataModel\Table\Childs.cs:行号 77
   在 CodeArt.DomainDriven.DataAccess.DataTable.InitChilds() 位置 D:\Workspace\Projects\CodeArt Framework\CodeArt\CodeArt.DomainDriven.DataAccess\DataModel\Table\Childs.cs:行号 57
   在 CodeArt.DomainDriven.DataAccess.DataTable..ctor(Type objectType, Boolean isSnapshot, DataTable chainRoot, DataTable master, DataTableType type, String name, IEnumerable`1 tableFields, IEnumerable`1 objectFields, IDataField memberField) 位置 D:\Workspace\Projects\CodeArt Framework\CodeArt\CodeArt.DomainDriven.DataAccess\DataModel\Table\Factory.cs:行号 379
   在 CodeArt.DomainDriven.DataAccess.DataTable.Create(DataTable root, DataTable master, Type objectType, Boolean isSnapshot, DataTableType tableType, String tableName, IEnumerable`1 objectFields, IDataField memberField) 位置 D:\Workspace\Projects\CodeArt Framework\CodeArt\CodeArt.DomainDriven.DataAccess\DataModel\Table\Factory.cs:行号 653
   在 CodeArt.DomainDriven.DataAccess.DataTable.Create(DataTable root, DataTable master, Type objectType, Boolean isSnapshot, DataTableType tableType, IEnumerable`1 objectFields, IDataField memberField) 位置 D:\Workspace\Projects\CodeArt Framework\CodeArt\CodeArt.DomainDriven.DataAccess\DataModel\Table\Factory.cs:行号 605
   在 CodeArt.DomainDriven.DataAccess.DataTable.Create(Type objectType, IEnumerable`1 objectFields) 位置 D:\Workspace\Projects\CodeArt Framework\CodeArt\CodeArt.DomainDriven.DataAccess\DataModel\Table\Factory.cs:行号 574
   在 CodeArt.DomainDriven.DataAccess.DataModel.CreateNew(Type objectType) 位置 D:\Workspace\Projects\CodeArt Framework\CodeArt\CodeArt.DomainDriven.DataAccess\DataModel\DataModel.cs:行号 150
   在 CodeArt.DomainDriven.DataAccess.DataModel.<>c.<.cctor>b__32_0(Type objectType) 位置 D:\Workspace\Projects\CodeArt Framework\CodeArt\CodeArt.DomainDriven.DataAccess\DataModel\DataModel.cs:行号 137
   在 CodeArt.Util.LazyIndexer.<>c__DisplayClass2_0`2.<Init>b__0(TKey key) 位置 D:\Workspace\Projects\CodeArt Framework\CodeArt\CodeArt\Util\LazyIndexer.cs:行号 56
   在 CodeArt.DomainDriven.DataAccess.DataModel.Create(Type objectType) 位置 D:\Workspace\Projects\CodeArt Framework\CodeArt\CodeArt.DomainDriven.DataAccess\DataModel\DataModel.cs:行号 142
   在 CodeArt.DomainDriven.DataAccess.DataPortal.QuerySingle[T](Object id, QueryLevel level) 位置 D:\Workspace\Projects\CodeArt Framework\CodeArt\CodeArt.DomainDriven.DataAccess\DataPortal\DataPortal.cs:行号 128
   在 CodeArt.DomainDriven.DataAccess.SqlRepository`1.PersistFind(Object id, QueryLevel level) 位置 D:\Workspace\Projects\CodeArt Framework\CodeArt\CodeArt.DomainDriven.DataAccess\Common\SqlRepository.cs:行号 37
   在 CodeArt.DomainDriven.Repository`1.<>c__DisplayClass16_0.<Find>b__0() 位置 D:\Workspace\Projects\CodeArt Framework\CodeArt\CodeArt.DomainDriven\Repository\RepositoryBase.cs:行号 152
   在 CodeArt.DomainDriven.DataContext.RegisterQueried[T](QueryLevel level, Func`1 persistQuery) 位置 D:\Workspace\Projects\CodeArt Framework\CodeArt\CodeArt.DomainDriven\Repository\DataContext\DataContext.cs:行号 183
   在 CodeArt.DomainDriven.Repository`1.Find(Object id, QueryLevel level) 位置 D:\Workspace\Projects\CodeArt Framework\CodeArt\CodeArt.DomainDriven\Repository\RepositoryBase.cs:行号 150
   在 CodeArt.DomainDriven.Repository`1.CodeArt.DomainDriven.IRepository.Find(Object id, QueryLevel level) 位置 D:\Workspace\Projects\CodeArt Framework\CodeArt\CodeArt.DomainDriven\Repository\RepositoryBase.cs:行号 145
   在 CodeArt.DomainDriven.GetRemoteObject.FindObject(RemotableAttribute tip, DTObject arg) 位置 D:\Workspace\Projects\CodeArt Framework\CodeArt\CodeArt.DomainDriven\Remotable\RemotePortal\GetRemotableObject.cs:行号 40
   在 CodeArt.DomainDriven.GetRemoteObject.Process(String method, DTObject args) 位置 D:\Workspace\Projects\CodeArt Framework\CodeArt\CodeArt.DomainDriven\Remotable\RemotePortal\GetRemotableObject.cs:行号 24
   在 CodeArt.RabbitMQ.RPCServer.Process(String method, DTObject args, DTObject result) 位置 D:\Workspace\Projects\CodeArt Framework\CodeArt\CodeArt.RabbitMQ\RPC\RPCServer.cs:行号 85
2018-03-18 19:02:42.4105 FATAL 消息：没有找到名称为db-Snapshot_User或 db-default 的连接配置；堆栈：   在 CodeArt.Data.SqlConnectionProvider.<>c.<.cctor>b__4_0(String connName) 位置 D:\Workspace\Projects\CodeArt Framework\CodeArt\CodeArt\Data\SqlConnectionProvider.cs:行号 29
   在 CodeArt.Util.LazyIndexer.<>c__DisplayClass2_0`2.<Init>b__0(TKey key) 位置 D:\Workspace\Projects\CodeArt Framework\CodeArt\CodeArt\Util\LazyIndexer.cs:行号 56
   在 CodeArt.Data.SqlConnectionProvider.GetConnectionString(String connName) 位置 D:\Workspace\Projects\CodeArt Framework\CodeArt\CodeArt\Data\SqlConnectionProvider.cs:行号 19
   在 CodeArt.DomainDriven.SqlClientConnectionProvider.GetConnectionString(String connName) 位置 D:\Workspace\Projects\CodeArt Framework\CodeArt\CodeArt.DomainDriven.Extensions\SqlClientConnectionProvider.cs:行号 25
   在 CodeArt.DomainDriven.DataAccess.SqlHelper.GetConnectionString(String connName) 位置 D:\Workspace\Projects\CodeArt Framework\CodeArt\CodeArt.DomainDriven.DataAccess\SqlHelper.cs:行号 93
   在 CodeArt.DomainDriven.DataAccess.SqlHelper.Execute(String connName, String sql, Object param) 位置 D:\Workspace\Projects\CodeArt Framework\CodeArt\CodeArt.DomainDriven.DataAccess\SqlHelper.cs:行号 26
   在 CodeArt.DomainDriven.DataAccess.DataTable.<Build>b__246_0() 位置 D:\Workspace\Projects\CodeArt Framework\CodeArt\CodeArt.DomainDriven.DataAccess\DataModel\Table\Life.cs:行号 21
   在 CodeArt.DomainDriven.DataAccess.DataTable.IfUnBuilt(String name, Action action) 位置 D:\Workspace\Projects\CodeArt Framework\CodeArt\CodeArt.DomainDriven.DataAccess\DataModel\Table\Life.cs:行号 35
   在 CodeArt.DomainDriven.DataAccess.DataTable.Build() 位置 D:\Workspace\Projects\CodeArt Framework\CodeArt\CodeArt.DomainDriven.DataAccess\DataModel\Table\Life.cs:行号 18
   在 CodeArt.DomainDriven.DataAccess.DataTable..ctor(Type objectType, Boolean isSnapshot, DataTable chainRoot, DataTable master, DataTableType type, String name, IEnumerable`1 tableFields, IEnumerable`1 objectFields, IDataField memberField) 位置 D:\Workspace\Projects\CodeArt Framework\CodeArt\CodeArt.DomainDriven.DataAccess\DataModel\Table\Factory.cs:行号 384
   在 CodeArt.DomainDriven.DataAccess.DataTable.Create(DataTable root, DataTable master, Type objectType, Boolean isSnapshot, DataTableType tableType, String tableName, IEnumerable`1 objectFields, IDataField memberField) 位置 D:\Workspace\Projects\CodeArt Framework\CodeArt\CodeArt.DomainDriven.DataAccess\DataModel\Table\Factory.cs:行号 653
   在 CodeArt.DomainDriven.DataAccess.DataTable.Create(DataTable root, DataTable master, Type objectType, Boolean isSnapshot, DataTableType tableType, IEnumerable`1 objectFields, IDataField memberField) 位置 D:\Workspace\Projects\CodeArt Framework\CodeArt\CodeArt.DomainDriven.DataAccess\DataModel\Table\Factory.cs:行号 605
   在 CodeArt.DomainDriven.DataAccess.DataTable.CreateSnapshot(Type objectType, IEnumerable`1 objectFields) 位置 D:\Workspace\Projects\CodeArt Framework\CodeArt\CodeArt.DomainDriven.DataAccess\DataModel\Table\Factory.cs:行号 591
   在 CodeArt.DomainDriven.DataAccess.DataModel.CreateNew(Type objectType) 位置 D:\Workspace\Projects\CodeArt Framework\CodeArt\CodeArt.DomainDriven.DataAccess\DataModel\DataModel.cs:行号 153
   在 CodeArt.DomainDriven.DataAccess.DataModel.<>c.<.cctor>b__32_0(Type objectType) 位置 D:\Workspace\Projects\CodeArt Framework\CodeArt\CodeArt.DomainDriven.DataAccess\DataModel\DataModel.cs:行号 137
   在 CodeArt.Util.LazyIndexer.<>c__DisplayClass2_0`2.<Init>b__0(TKey key) 位置 D:\Workspace\Projects\CodeArt Framework\CodeArt\CodeArt\Util\LazyIndexer.cs:行号 56
   在 CodeArt.DomainDriven.DataAccess.DataModel.Create(Type objectType) 位置 D:\Workspace\Projects\CodeArt Framework\CodeArt\CodeArt.DomainDriven.DataAccess\DataModel\DataModel.cs:行号 142
   在 CodeArt.DomainDriven.DataAccess.DataPortal.QuerySingle[T](Object id, QueryLevel level) 位置 D:\Workspace\Projects\CodeArt Framework\CodeArt\CodeArt.DomainDriven.DataAccess\DataPortal\DataPortal.cs:行号 128
   在 CodeArt.DomainDriven.DataAccess.SqlRepository`1.PersistFind(Object id, QueryLevel level) 位置 D:\Workspace\Projects\CodeArt Framework\CodeArt\CodeArt.DomainDriven.DataAccess\Common\SqlRepository.cs:行号 37
   在 CodeArt.DomainDriven.Repository`1.<>c__DisplayClass16_0.<Find>b__0() 位置 D:\Workspace\Projects\CodeArt Framework\CodeArt\CodeArt.DomainDriven\Repository\RepositoryBase.cs:行号 152
   在 CodeArt.DomainDriven.DataContext.RegisterQueried[T](QueryLevel level, Func`1 persistQuery) 位置 D:\Workspace\Projects\CodeArt Framework\CodeArt\CodeArt.DomainDriven\Repository\DataContext\DataContext.cs:行号 183
   在 CodeArt.DomainDriven.Repository`1.Find(Object id, QueryLevel level) 位置 D:\Workspace\Projects\CodeArt Framework\CodeArt\CodeArt.DomainDriven\Repository\RepositoryBase.cs:行号 150
   在 CodeArt.DomainDriven.Repository`1.CodeArt.DomainDriven.IRepository.Find(Object id, QueryLevel level) 位置 D:\Workspace\Projects\CodeArt Framework\CodeArt\CodeArt.DomainDriven\Repository\RepositoryBase.cs:行号 145
   在 CodeArt.DomainDriven.GetRemoteObject.FindObject(RemotableAttribute tip, DTObject arg) 位置 D:\Workspace\Projects\CodeArt Framework\CodeArt\CodeArt.DomainDriven\Remotable\RemotePortal\GetRemotableObject.cs:行号 40
   在 CodeArt.DomainDriven.GetRemoteObject.Process(String method, DTObject args) 位置 D:\Workspace\Projects\CodeArt Framework\CodeArt\CodeArt.DomainDriven\Remotable\RemotePortal\GetRemotableObject.cs:行号 24
   在 CodeArt.RabbitMQ.RPCServer.Process(String method, DTObject args, DTObject result) 位置 D:\Workspace\Projects\CodeArt Framework\CodeArt\CodeArt.RabbitMQ\RPC\RPCServer.cs:行号 85
2018-03-18 19:21:24.9930 FATAL 消息：没有找到名称为db-User或 db-default 的连接配置；堆栈：   在 CodeArt.Data.SqlConnectionProvider.<>c.<.cctor>b__4_0(String connName) 位置 D:\Workspace\Projects\CodeArt Framework\CodeArt\CodeArt\Data\SqlConnectionProvider.cs:行号 29
   在 CodeArt.Util.LazyIndexer.<>c__DisplayClass2_0`2.<Init>b__0(TKey key) 位置 D:\Workspace\Projects\CodeArt Framework\CodeArt\CodeArt\Util\LazyIndexer.cs:行号 56
   在 CodeArt.Data.SqlConnectionProvider.GetConnectionString(String connName) 位置 D:\Workspace\Projects\CodeArt Framework\CodeArt\CodeArt\Data\SqlConnectionProvider.cs:行号 19
   在 CodeArt.DomainDriven.SqlClientConnectionProvider.GetConnectionString(String connName) 位置 D:\Workspace\Projects\CodeArt Framework\CodeArt\CodeArt.DomainDriven.Extensions\SqlClientConnectionProvider.cs:行号 25
   在 CodeArt.DomainDriven.DataAccess.SqlHelper.GetConnectionString(String connName) 位置 D:\Workspace\Projects\CodeArt Framework\CodeArt\CodeArt.DomainDriven.DataAccess\SqlHelper.cs:行号 93
   在 CodeArt.DomainDriven.DataAccess.SqlHelper.QueryFirstOrDefault(String connName, String sql, Object param, DynamicData data) 位置 D:\Workspace\Projects\CodeArt Framework\CodeArt\CodeArt.DomainDriven.DataAccess\SqlHelper.cs:行号 67
   在 CodeArt.DomainDriven.DataAccess.DataTable.ExecuteQueryEntry(IQueryBuilder query, Action`1 fillArg, DynamicData data) 位置 D:\Workspace\Projects\CodeArt Framework\CodeArt\CodeArt.DomainDriven.DataAccess\DataModel\Table\Query.cs:行号 303
   在 CodeArt.DomainDriven.DataAccess.DataTable.UseDataEntry(IQueryBuilder exp, Action`1 fillArg, Action`1 action) 位置 D:\Workspace\Projects\CodeArt Framework\CodeArt\CodeArt.DomainDriven.DataAccess\DataModel\Table\Query.cs:行号 268
   在 CodeArt.DomainDriven.DataAccess.DataTable.QuerySingle(String expression, Action`1 fillArg, QueryLevel level) 位置 D:\Workspace\Projects\CodeArt Framework\CodeArt\CodeArt.DomainDriven.DataAccess\DataModel\Table\Query.cs:行号 111
   在 CodeArt.DomainDriven.DataAccess.DataTable.QuerySingle(Object id, QueryLevel level) 位置 D:\Workspace\Projects\CodeArt Framework\CodeArt\CodeArt.DomainDriven.DataAccess\DataModel\Table\Query.cs:行号 33
   在 CodeArt.DomainDriven.DataAccess.DataModel.QuerySingle[T](Object id, QueryLevel level) 位置 D:\Workspace\Projects\CodeArt Framework\CodeArt\CodeArt.DomainDriven.DataAccess\DataModel\DataModel.cs:行号 92
   在 CodeArt.DomainDriven.DataAccess.DataPortal.QuerySingle[T](Object id, QueryLevel level) 位置 D:\Workspace\Projects\CodeArt Framework\CodeArt\CodeArt.DomainDriven.DataAccess\DataPortal\DataPortal.cs:行号 129
   在 CodeArt.DomainDriven.DataAccess.SqlRepository`1.PersistFind(Object id, QueryLevel level) 位置 D:\Workspace\Projects\CodeArt Framework\CodeArt\CodeArt.DomainDriven.DataAccess\Common\SqlRepository.cs:行号 37
   在 CodeArt.DomainDriven.Repository`1.<>c__DisplayClass16_0.<Find>b__0() 位置 D:\Workspace\Projects\CodeArt Framework\CodeArt\CodeArt.DomainDriven\Repository\RepositoryBase.cs:行号 152
   在 CodeArt.DomainDriven.DataContext.RegisterQueried[T](QueryLevel level, Func`1 persistQuery) 位置 D:\Workspace\Projects\CodeArt Framework\CodeArt\CodeArt.DomainDriven\Repository\DataContext\DataContext.cs:行号 183
   在 CodeArt.DomainDriven.Repository`1.Find(Object id, QueryLevel level) 位置 D:\Workspace\Projects\CodeArt Framework\CodeArt\CodeArt.DomainDriven\Repository\RepositoryBase.cs:行号 150
   在 CodeArt.DomainDriven.Repository`1.CodeArt.DomainDriven.IRepository.Find(Object id, QueryLevel level) 位置 D:\Workspace\Projects\CodeArt Framework\CodeArt\CodeArt.DomainDriven\Repository\RepositoryBase.cs:行号 145
   在 CodeArt.DomainDriven.GetRemoteObject.FindObject(RemotableAttribute tip, DTObject arg) 位置 D:\Workspace\Projects\CodeArt Framework\CodeArt\CodeArt.DomainDriven\Remotable\RemotePortal\GetRemotableObject.cs:行号 40
   在 CodeArt.DomainDriven.GetRemoteObject.Process(String method, DTObject args) 位置 D:\Workspace\Projects\CodeArt Framework\CodeArt\CodeArt.DomainDriven\Remotable\RemotePortal\GetRemotableObject.cs:行号 24
   在 CodeArt.RabbitMQ.RPCServer.Process(String method, DTObject args, DTObject result) 位置 D:\Workspace\Projects\CodeArt Framework\CodeArt\CodeArt.RabbitMQ\RPC\RPCServer.cs:行号 85
2018-03-18 19:22:38.7604 FATAL 消息：没有找到名称为db-User或 db-default 的连接配置；堆栈：   在 CodeArt.Data.SqlConnectionProvider.<>c.<.cctor>b__4_0(String connName) 位置 D:\Workspace\Projects\CodeArt Framework\CodeArt\CodeArt\Data\SqlConnectionProvider.cs:行号 29
   在 CodeArt.Util.LazyIndexer.<>c__DisplayClass2_0`2.<Init>b__0(TKey key) 位置 D:\Workspace\Projects\CodeArt Framework\CodeArt\CodeArt\Util\LazyIndexer.cs:行号 56
   在 CodeArt.Data.SqlConnectionProvider.GetConnectionString(String connName) 位置 D:\Workspace\Projects\CodeArt Framework\CodeArt\CodeArt\Data\SqlConnectionProvider.cs:行号 19
   在 CodeArt.DomainDriven.SqlClientConnectionProvider.GetConnectionString(String connName) 位置 D:\Workspace\Projects\CodeArt Framework\CodeArt\CodeArt.DomainDriven.Extensions\SqlClientConnectionProvider.cs:行号 25
   在 CodeArt.DomainDriven.DataAccess.SqlHelper.GetConnectionString(String connName) 位置 D:\Workspace\Projects\CodeArt Framework\CodeArt\CodeArt.DomainDriven.DataAccess\SqlHelper.cs:行号 93
   在 CodeArt.DomainDriven.DataAccess.SqlHelper.QueryFirstOrDefault(String connName, String sql, Object param, DynamicData data) 位置 D:\Workspace\Projects\CodeArt Framework\CodeArt\CodeArt.DomainDriven.DataAccess\SqlHelper.cs:行号 67
   在 CodeArt.DomainDriven.DataAccess.DataTable.ExecuteQueryEntry(IQueryBuilder query, Action`1 fillArg, DynamicData data) 位置 D:\Workspace\Projects\CodeArt Framework\CodeArt\CodeArt.DomainDriven.DataAccess\DataModel\Table\Query.cs:行号 303
   在 CodeArt.DomainDriven.DataAccess.DataTable.UseDataEntry(IQueryBuilder exp, Action`1 fillArg, Action`1 action) 位置 D:\Workspace\Projects\CodeArt Framework\CodeArt\CodeArt.DomainDriven.DataAccess\DataModel\Table\Query.cs:行号 268
   在 CodeArt.DomainDriven.DataAccess.DataTable.QuerySingle(String expression, Action`1 fillArg, QueryLevel level) 位置 D:\Workspace\Projects\CodeArt Framework\CodeArt\CodeArt.DomainDriven.DataAccess\DataModel\Table\Query.cs:行号 111
   在 CodeArt.DomainDriven.DataAccess.DataTable.QuerySingle(Object id, QueryLevel level) 位置 D:\Workspace\Projects\CodeArt Framework\CodeArt\CodeArt.DomainDriven.DataAccess\DataModel\Table\Query.cs:行号 33
   在 CodeArt.DomainDriven.DataAccess.DataModel.QuerySingle[T](Object id, QueryLevel level) 位置 D:\Workspace\Projects\CodeArt Framework\CodeArt\CodeArt.DomainDriven.DataAccess\DataModel\DataModel.cs:行号 92
   在 CodeArt.DomainDriven.DataAccess.DataPortal.QuerySingle[T](Object id, QueryLevel level) 位置 D:\Workspace\Projects\CodeArt Framework\CodeArt\CodeArt.DomainDriven.DataAccess\DataPortal\DataPortal.cs:行号 129
   在 CodeArt.DomainDriven.DataAccess.SqlRepository`1.PersistFind(Object id, QueryLevel level) 位置 D:\Workspace\Projects\CodeArt Framework\CodeArt\CodeArt.DomainDriven.DataAccess\Common\SqlRepository.cs:行号 37
   在 CodeArt.DomainDriven.Repository`1.<>c__DisplayClass16_0.<Find>b__0() 位置 D:\Workspace\Projects\CodeArt Framework\CodeArt\CodeArt.DomainDriven\Repository\RepositoryBase.cs:行号 152
   在 CodeArt.DomainDriven.DataContext.RegisterQueried[T](QueryLevel level, Func`1 persistQuery) 位置 D:\Workspace\Projects\CodeArt Framework\CodeArt\CodeArt.DomainDriven\Repository\DataContext\DataContext.cs:行号 183
   在 CodeArt.DomainDriven.Repository`1.Find(Object id, QueryLevel level) 位置 D:\Workspace\Projects\CodeArt Framework\CodeArt\CodeArt.DomainDriven\Repository\RepositoryBase.cs:行号 150
   在 CodeArt.DomainDriven.Repository`1.CodeArt.DomainDriven.IRepository.Find(Object id, QueryLevel level) 位置 D:\Workspace\Projects\CodeArt Framework\CodeArt\CodeArt.DomainDriven\Repository\RepositoryBase.cs:行号 145
   在 CodeArt.DomainDriven.GetRemoteObject.FindObject(RemotableAttribute tip, DTObject arg) 位置 D:\Workspace\Projects\CodeArt Framework\CodeArt\CodeArt.DomainDriven\Remotable\RemotePortal\GetRemotableObject.cs:行号 40
   在 CodeArt.DomainDriven.GetRemoteObject.Process(String method, DTObject args) 位置 D:\Workspace\Projects\CodeArt Framework\CodeArt\CodeArt.DomainDriven\Remotable\RemotePortal\GetRemotableObject.cs:行号 24
   在 CodeArt.RabbitMQ.RPCServer.Process(String method, DTObject args, DTObject result) 位置 D:\Workspace\Projects\CodeArt Framework\CodeArt\CodeArt.RabbitMQ\RPC\RPCServer.cs:行号 85
2018-03-18 19:25:02.8153 FATAL 消息：没有找到名称为db-Location或 db-default 的连接配置；堆栈：   在 CodeArt.Data.SqlConnectionProvider.<>c.<.cctor>b__4_0(String connName) 位置 D:\Workspace\Projects\CodeArt Framework\CodeArt\CodeArt\Data\SqlConnectionProvider.cs:行号 29
   在 CodeArt.Util.LazyIndexer.<>c__DisplayClass2_0`2.<Init>b__0(TKey key) 位置 D:\Workspace\Projects\CodeArt Framework\CodeArt\CodeArt\Util\LazyIndexer.cs:行号 56
   在 CodeArt.Data.SqlConnectionProvider.GetConnectionString(String connName) 位置 D:\Workspace\Projects\CodeArt Framework\CodeArt\CodeArt\Data\SqlConnectionProvider.cs:行号 19
   在 CodeArt.DomainDriven.SqlClientConnectionProvider.GetConnectionString(String connName) 位置 D:\Workspace\Projects\CodeArt Framework\CodeArt\CodeArt.DomainDriven.Extensions\SqlClientConnectionProvider.cs:行号 25
   在 CodeArt.DomainDriven.DataAccess.SqlHelper.GetConnectionString(String connName) 位置 D:\Workspace\Projects\CodeArt Framework\CodeArt\CodeArt.DomainDriven.DataAccess\SqlHelper.cs:行号 93
   在 CodeArt.DomainDriven.DataAccess.SqlHelper.Execute(String connName, String sql, Object param) 位置 D:\Workspace\Projects\CodeArt Framework\CodeArt\CodeArt.DomainDriven.DataAccess\SqlHelper.cs:行号 26
   在 CodeArt.DomainDriven.DataAccess.DataTable.<Build>b__246_0() 位置 D:\Workspace\Projects\CodeArt Framework\CodeArt\CodeArt.DomainDriven.DataAccess\DataModel\Table\Life.cs:行号 21
   在 CodeArt.DomainDriven.DataAccess.DataTable.IfUnBuilt(String name, Action action) 位置 D:\Workspace\Projects\CodeArt Framework\CodeArt\CodeArt.DomainDriven.DataAccess\DataModel\Table\Life.cs:行号 35
   在 CodeArt.DomainDriven.DataAccess.DataTable.Build() 位置 D:\Workspace\Projects\CodeArt Framework\CodeArt\CodeArt.DomainDriven.DataAccess\DataModel\Table\Life.cs:行号 18
   在 CodeArt.DomainDriven.DataAccess.DataTable..ctor(Type objectType, Boolean isSnapshot, DataTable chainRoot, DataTable master, DataTableType type, String name, IEnumerable`1 tableFields, IEnumerable`1 objectFields, IDataField memberField) 位置 D:\Workspace\Projects\CodeArt Framework\CodeArt\CodeArt.DomainDriven.DataAccess\DataModel\Table\Factory.cs:行号 384
   在 CodeArt.DomainDriven.DataAccess.DataTable.Create(DataTable root, DataTable master, Type objectType, Boolean isSnapshot, DataTableType tableType, String tableName, IEnumerable`1 objectFields, IDataField memberField) 位置 D:\Workspace\Projects\CodeArt Framework\CodeArt\CodeArt.DomainDriven.DataAccess\DataModel\Table\Factory.cs:行号 653
   在 CodeArt.DomainDriven.DataAccess.DataTable.CreateMiddle(DataTable root, DataTable master, String tableName, DataTableType tableType, IEnumerable`1 objectFields, IDataField memberField) 位置 D:\Workspace\Projects\CodeArt Framework\CodeArt\CodeArt.DomainDriven.DataAccess\DataModel\Table\Factory.cs:行号 625
   在 CodeArt.DomainDriven.DataAccess.DataTable.CreateMiddleTable(DataTable slave, IDataField memberField) 位置 D:\Workspace\Projects\CodeArt Framework\CodeArt\CodeArt.DomainDriven.DataAccess\DataModel\Table\Childs.cs:行号 311
   在 CodeArt.DomainDriven.DataAccess.DataTable.CreateAggregateRootListTable(DataTable root, DataTable master, IDataField memberField, Type objectType) 位置 D:\Workspace\Projects\CodeArt Framework\CodeArt\CodeArt.DomainDriven.DataAccess\DataModel\Table\Childs.cs:行号 264
   在 CodeArt.DomainDriven.DataAccess.DataTable.CreateChildTable(DataTable master, IDataField memberField, Type objectType) 位置 D:\Workspace\Projects\CodeArt Framework\CodeArt\CodeArt.DomainDriven.DataAccess\DataModel\Table\Childs.cs:行号 118
   在 CodeArt.DomainDriven.DataAccess.DataTable.InitBuildtimeChilds() 位置 D:\Workspace\Projects\CodeArt Framework\CodeArt\CodeArt.DomainDriven.DataAccess\DataModel\Table\Childs.cs:行号 77
   在 CodeArt.DomainDriven.DataAccess.DataTable.InitChilds() 位置 D:\Workspace\Projects\CodeArt Framework\CodeArt\CodeArt.DomainDriven.DataAccess\DataModel\Table\Childs.cs:行号 57
   在 CodeArt.DomainDriven.DataAccess.DataTable..ctor(Type objectType, Boolean isSnapshot, DataTable chainRoot, DataTable master, DataTableType type, String name, IEnumerable`1 tableFields, IEnumerable`1 objectFields, IDataField memberField) 位置 D:\Workspace\Projects\CodeArt Framework\CodeArt\CodeArt.DomainDriven.DataAccess\DataModel\Table\Factory.cs:行号 379
   在 CodeArt.DomainDriven.DataAccess.DataTable.Create(DataTable root, DataTable master, Type objectType, Boolean isSnapshot, DataTableType tableType, String tableName, IEnumerable`1 objectFields, IDataField memberField) 位置 D:\Workspace\Projects\CodeArt Framework\CodeArt\CodeArt.DomainDriven.DataAccess\DataModel\Table\Factory.cs:行号 653
   在 CodeArt.DomainDriven.DataAccess.DataTable.Create(DataTable root, DataTable master, Type objectType, Boolean isSnapshot, DataTableType tableType, IEnumerable`1 objectFields, IDataField memberField) 位置 D:\Workspace\Projects\CodeArt Framework\CodeArt\CodeArt.DomainDriven.DataAccess\DataModel\Table\Factory.cs:行号 605
   在 CodeArt.DomainDriven.DataAccess.DataTable.CreateAggregateRootTable(DataTable root, DataTable master, IDataField memberField, Type objectType) 位置 D:\Workspace\Projects\CodeArt Framework\CodeArt\CodeArt.DomainDriven.DataAccess\DataModel\Table\Childs.cs:行号 232
   在 CodeArt.DomainDriven.DataAccess.DataTable.CreateAggregateRootListTable(DataTable root, DataTable master, IDataField memberField, Type objectType) 位置 D:\Workspace\Projects\CodeArt Framework\CodeArt\CodeArt.DomainDriven.DataAccess\DataModel\Table\Childs.cs:行号 259
   在 CodeArt.DomainDriven.DataAccess.DataTable.CreateChildTable(DataTable master, IDataField memberField, Type objectType) 位置 D:\Workspace\Projects\CodeArt Framework\CodeArt\CodeArt.DomainDriven.DataAccess\DataModel\Table\Childs.cs:行号 118
   在 CodeArt.DomainDriven.DataAccess.DataTable.InitBuildtimeChilds() 位置 D:\Workspace\Projects\CodeArt Framework\CodeArt\CodeArt.DomainDriven.DataAccess\DataModel\Table\Childs.cs:行号 77
   在 CodeArt.DomainDriven.DataAccess.DataTable.InitChilds() 位置 D:\Workspace\Projects\CodeArt Framework\CodeArt\CodeArt.DomainDriven.DataAccess\DataModel\Table\Childs.cs:行号 57
   在 CodeArt.DomainDriven.DataAccess.DataTable..ctor(Type objectType, Boolean isSnapshot, DataTable chainRoot, DataTable master, DataTableType type, String name, IEnumerable`1 tableFields, IEnumerable`1 objectFields, IDataField memberField) 位置 D:\Workspace\Projects\CodeArt Framework\CodeArt\CodeArt.DomainDriven.DataAccess\DataModel\Table\Factory.cs:行号 379
   在 CodeArt.DomainDriven.DataAccess.DataTable.Create(DataTable root, DataTable master, Type objectType, Boolean isSnapshot, DataTableType tableType, String tableName, IEnumerable`1 objectFields, IDataField memberField) 位置 D:\Workspace\Projects\CodeArt Framework\CodeArt\CodeArt.DomainDriven.DataAccess\DataModel\Table\Factory.cs:行号 653
   在 CodeArt.DomainDriven.DataAccess.DataTable.Create(DataTable root, DataTable master, Type objectType, Boolean isSnapshot, DataTableType tableType, IEnumerable`1 objectFields, IDataField memberField) 位置 D:\Workspace\Projects\CodeArt Framework\CodeArt\CodeArt.DomainDriven.DataAccess\DataModel\Table\Factory.cs:行号 605
   在 CodeArt.DomainDriven.DataAccess.DataTable.CreateAggregateRootTable(DataTable root, DataTable master, IDataField memberField, Type objectType) 位置 D:\Workspace\Projects\CodeArt Framework\CodeArt\CodeArt.DomainDriven.DataAccess\DataModel\Table\Childs.cs:行号 232
   在 CodeArt.DomainDriven.DataAccess.DataTable.CreateChildTable(DataTable master, IDataField memberField, Type objectType) 位置 D:\Workspace\Projects\CodeArt Framework\CodeArt\CodeArt.DomainDriven.DataAccess\DataModel\Table\Childs.cs:行号 113
   在 CodeArt.DomainDriven.DataAccess.DataTable.InitBuildtimeChilds() 位置 D:\Workspace\Projects\CodeArt Framework\CodeArt\CodeArt.DomainDriven.DataAccess\DataModel\Table\Childs.cs:行号 77
   在 CodeArt.DomainDriven.DataAccess.DataTable.InitChilds() 位置 D:\Workspace\Projects\CodeArt Framework\CodeArt\CodeArt.DomainDriven.DataAccess\DataModel\Table\Childs.cs:行号 57
   在 CodeArt.DomainDriven.DataAccess.DataTable..ctor(Type objectType, Boolean isSnapshot, DataTable chainRoot, DataTable master, DataTableType type, String name, IEnumerable`1 tableFields, IEnumerable`1 objectFields, IDataField memberField) 位置 D:\Workspace\Projects\CodeArt Framework\CodeArt\CodeArt.DomainDriven.DataAccess\DataModel\Table\Factory.cs:行号 379
   在 CodeArt.DomainDriven.DataAccess.DataTable.Create(DataTable root, DataTable master, Type objectType, Boolean isSnapshot, DataTableType tableType, String tableName, IEnumerable`1 objectFields, IDataField memberField) 位置 D:\Workspace\Projects\CodeArt Framework\CodeArt\CodeArt.DomainDriven.DataAccess\DataModel\Table\Factory.cs:行号 653
   在 CodeArt.DomainDriven.DataAccess.DataTable.Create(DataTable root, DataTable master, Type objectType, Boolean isSnapshot, DataTableType tableType, IEnumerable`1 objectFields, IDataField memberField) 位置 D:\Workspace\Projects\CodeArt Framework\CodeArt\CodeArt.DomainDriven.DataAccess\DataModel\Table\Factory.cs:行号 605
   在 CodeArt.DomainDriven.DataAccess.DataTable.CreateAggregateRootTable(DataTable root, DataTable master, IDataField memberField, Type objectType) 位置 D:\Workspace\Projects\CodeArt Framework\CodeArt\CodeArt.DomainDriven.DataAccess\DataModel\Table\Childs.cs:行号 232
   在 CodeArt.DomainDriven.DataAccess.DataTable.CreateChildTable(DataTable master, IDataField memberField, Type objectType) 位置 D:\Workspace\Projects\CodeArt Framework\CodeArt\CodeArt.DomainDriven.DataAccess\DataModel\Table\Childs.cs:行号 113
   在 CodeArt.DomainDriven.DataAccess.DataTable.InitBuildtimeChilds() 位置 D:\Workspace\Projects\CodeArt Framework\CodeArt\CodeArt.DomainDriven.DataAccess\DataModel\Table\Childs.cs:行号 77
   在 CodeArt.DomainDriven.DataAccess.DataTable.InitChilds() 位置 D:\Workspace\Projects\CodeArt Framework\CodeArt\CodeArt.DomainDriven.DataAccess\DataModel\Table\Childs.cs:行号 57
   在 CodeArt.DomainDriven.DataAccess.DataTable..ctor(Type objectType, Boolean isSnapshot, DataTable chainRoot, DataTable master, DataTableType type, String name, IEnumerable`1 tableFields, IEnumerable`1 objectFields, IDataField memberField) 位置 D:\Workspace\Projects\CodeArt Framework\CodeArt\CodeArt.DomainDriven.DataAccess\DataModel\Table\Factory.cs:行号 379
   在 CodeArt.DomainDriven.DataAccess.DataTable.Create(DataTable root, DataTable master, Type objectType, Boolean isSnapshot, DataTableType tableType, String tableName, IEnumerable`1 objectFields, IDataField memberField) 位置 D:\Workspace\Projects\CodeArt Framework\CodeArt\CodeArt.DomainDriven.DataAccess\DataModel\Table\Factory.cs:行号 653
   在 CodeArt.DomainDriven.DataAccess.DataTable.Create(DataTable root, DataTable master, Type objectType, Boolean isSnapshot, DataTableType tableType, IEnumerable`1 objectFields, IDataField memberField) 位置 D:\Workspace\Projects\CodeArt Framework\CodeArt\CodeArt.DomainDriven.DataAccess\DataModel\Table\Factory.cs:行号 605
   在 CodeArt.DomainDriven.DataAccess.DataTable.CreateAggregateRootTable(DataTable root, DataTable master, IDataField memberField, Type objectType) 位置 D:\Workspace\Projects\CodeArt Framework\CodeArt\CodeArt.DomainDriven.DataAccess\DataModel\Table\Childs.cs:行号 232
   在 CodeArt.DomainDriven.DataAccess.DataTable.CreateChildTable(DataTable master, IDataField memberField, Type objectType) 位置 D:\Workspace\Projects\CodeArt Framework\CodeArt\CodeArt.DomainDriven.DataAccess\DataModel\Table\Childs.cs:行号 113
   在 CodeArt.DomainDriven.DataAccess.DataTable.InitBuildtimeChilds() 位置 D:\Workspace\Projects\CodeArt Framework\CodeArt\CodeArt.DomainDriven.DataAccess\DataModel\Table\Childs.cs:行号 77
   在 CodeArt.DomainDriven.DataAccess.DataTable.InitChilds() 位置 D:\Workspace\Projects\CodeArt Framework\CodeArt\CodeArt.DomainDriven.DataAccess\DataModel\Table\Childs.cs:行号 57
   在 CodeArt.DomainDriven.DataAccess.DataTable..ctor(Type objectType, Boolean isSnapshot, DataTable chainRoot, DataTable master, DataTableType type, String name, IEnumerable`1 tableFields, IEnumerable`1 objectFields, IDataField memberField) 位置 D:\Workspace\Projects\CodeArt Framework\CodeArt\CodeArt.DomainDriven.DataAccess\DataModel\Table\Factory.cs:行号 379
   在 CodeArt.DomainDriven.DataAccess.DataTable.Create(DataTable root, DataTable master, Type objectType, Boolean isSnapshot, DataTableType tableType, String tableName, IEnumerable`1 objectFields, IDataField memberField) 位置 D:\Workspace\Projects\CodeArt Framework\CodeArt\CodeArt.DomainDriven.DataAccess\DataModel\Table\Factory.cs:行号 653
   在 CodeArt.DomainDriven.DataAccess.DataTable.Create(DataTable root, DataTable master, Type objectType, Boolean isSnapshot, DataTableType tableType, IEnumerable`1 objectFields, IDataField memberField) 位置 D:\Workspace\Projects\CodeArt Framework\CodeArt\CodeArt.DomainDriven.DataAccess\DataModel\Table\Factory.cs:行号 605
   在 CodeArt.DomainDriven.DataAccess.DataTable.Create(Type objectType, IEnumerable`1 objectFields) 位置 D:\Workspace\Projects\CodeArt Framework\CodeArt\CodeArt.DomainDriven.DataAccess\DataModel\Table\Factory.cs:行号 574
   在 CodeArt.DomainDriven.DataAccess.DataModel.CreateNew(Type objectType) 位置 D:\Workspace\Projects\CodeArt Framework\CodeArt\CodeArt.DomainDriven.DataAccess\DataModel\DataModel.cs:行号 150
   在 CodeArt.DomainDriven.DataAccess.DataModel.<>c.<.cctor>b__32_0(Type objectType) 位置 D:\Workspace\Projects\CodeArt Framework\CodeArt\CodeArt.DomainDriven.DataAccess\DataModel\DataModel.cs:行号 137
   在 CodeArt.Util.LazyIndexer.<>c__DisplayClass2_0`2.<Init>b__0(TKey key) 位置 D:\Workspace\Projects\CodeArt Framework\CodeArt\CodeArt\Util\LazyIndexer.cs:行号 56
   在 CodeArt.DomainDriven.DataAccess.DataModel.Create(Type objectType) 位置 D:\Workspace\Projects\CodeArt Framework\CodeArt\CodeArt.DomainDriven.DataAccess\DataModel\DataModel.cs:行号 142
   在 CodeArt.DomainDriven.DataAccess.DataPortal.QuerySingle[T](Object id, QueryLevel level) 位置 D:\Workspace\Projects\CodeArt Framework\CodeArt\CodeArt.DomainDriven.DataAccess\DataPortal\DataPortal.cs:行号 128
   在 CodeArt.DomainDriven.DataAccess.SqlRepository`1.PersistFind(Object id, QueryLevel level) 位置 D:\Workspace\Projects\CodeArt Framework\CodeArt\CodeArt.DomainDriven.DataAccess\Common\SqlRepository.cs:行号 37
   在 CodeArt.DomainDriven.Repository`1.<>c__DisplayClass16_0.<Find>b__0() 位置 D:\Workspace\Projects\CodeArt Framework\CodeArt\CodeArt.DomainDriven\Repository\RepositoryBase.cs:行号 152
   在 CodeArt.DomainDriven.DataContext.RegisterQueried[T](QueryLevel level, Func`1 persistQuery) 位置 D:\Workspace\Projects\CodeArt Framework\CodeArt\CodeArt.DomainDriven\Repository\DataContext\DataContext.cs:行号 183
   在 CodeArt.DomainDriven.Repository`1.Find(Object id, QueryLevel level) 位置 D:\Workspace\Projects\CodeArt Framework\CodeArt\CodeArt.DomainDriven\Repository\RepositoryBase.cs:行号 150
   在 CodeArt.DomainDriven.Repository`1.CodeArt.DomainDriven.IRepository.Find(Object id, QueryLevel level) 位置 D:\Workspace\Projects\CodeArt Framework\CodeArt\CodeArt.DomainDriven\Repository\RepositoryBase.cs:行号 145
   在 CodeArt.DomainDriven.GetRemoteObject.FindObject(RemotableAttribute tip, DTObject arg) 位置 D:\Workspace\Projects\CodeArt Framework\CodeArt\CodeArt.DomainDriven\Remotable\RemotePortal\GetRemotableObject.cs:行号 40
   在 CodeArt.DomainDriven.GetRemoteObject.Process(String method, DTObject args) 位置 D:\Workspace\Projects\CodeArt Framework\CodeArt\CodeArt.DomainDriven\Remotable\RemotePortal\GetRemotableObject.cs:行号 24
   在 CodeArt.RabbitMQ.RPCServer.Process(String method, DTObject args, DTObject result) 位置 D:\Workspace\Projects\CodeArt Framework\CodeArt\CodeArt.RabbitMQ\RPC\RPCServer.cs:行号 85
2018-03-18 19:25:08.6739 FATAL 消息：没有找到名称为db-Snapshot_User或 db-default 的连接配置；堆栈：   在 CodeArt.Data.SqlConnectionProvider.<>c.<.cctor>b__4_0(String connName) 位置 D:\Workspace\Projects\CodeArt Framework\CodeArt\CodeArt\Data\SqlConnectionProvider.cs:行号 29
   在 CodeArt.Util.LazyIndexer.<>c__DisplayClass2_0`2.<Init>b__0(TKey key) 位置 D:\Workspace\Projects\CodeArt Framework\CodeArt\CodeArt\Util\LazyIndexer.cs:行号 56
   在 CodeArt.Data.SqlConnectionProvider.GetConnectionString(String connName) 位置 D:\Workspace\Projects\CodeArt Framework\CodeArt\CodeArt\Data\SqlConnectionProvider.cs:行号 19
   在 CodeArt.DomainDriven.SqlClientConnectionProvider.GetConnectionString(String connName) 位置 D:\Workspace\Projects\CodeArt Framework\CodeArt\CodeArt.DomainDriven.Extensions\SqlClientConnectionProvider.cs:行号 25
   在 CodeArt.DomainDriven.DataAccess.SqlHelper.GetConnectionString(String connName) 位置 D:\Workspace\Projects\CodeArt Framework\CodeArt\CodeArt.DomainDriven.DataAccess\SqlHelper.cs:行号 93
   在 CodeArt.DomainDriven.DataAccess.SqlHelper.Execute(String connName, String sql, Object param) 位置 D:\Workspace\Projects\CodeArt Framework\CodeArt\CodeArt.DomainDriven.DataAccess\SqlHelper.cs:行号 26
   在 CodeArt.DomainDriven.DataAccess.DataTable.<Build>b__246_0() 位置 D:\Workspace\Projects\CodeArt Framework\CodeArt\CodeArt.DomainDriven.DataAccess\DataModel\Table\Life.cs:行号 21
   在 CodeArt.DomainDriven.DataAccess.DataTable.IfUnBuilt(String name, Action action) 位置 D:\Workspace\Projects\CodeArt Framework\CodeArt\CodeArt.DomainDriven.DataAccess\DataModel\Table\Life.cs:行号 35
   在 CodeArt.DomainDriven.DataAccess.DataTable.Build() 位置 D:\Workspace\Projects\CodeArt Framework\CodeArt\CodeArt.DomainDriven.DataAccess\DataModel\Table\Life.cs:行号 18
   在 CodeArt.DomainDriven.DataAccess.DataTable..ctor(Type objectType, Boolean isSnapshot, DataTable chainRoot, DataTable master, DataTableType type, String name, IEnumerable`1 tableFields, IEnumerable`1 objectFields, IDataField memberField) 位置 D:\Workspace\Projects\CodeArt Framework\CodeArt\CodeArt.DomainDriven.DataAccess\DataModel\Table\Factory.cs:行号 384
   在 CodeArt.DomainDriven.DataAccess.DataTable.Create(DataTable root, DataTable master, Type objectType, Boolean isSnapshot, DataTableType tableType, String tableName, IEnumerable`1 objectFields, IDataField memberField) 位置 D:\Workspace\Projects\CodeArt Framework\CodeArt\CodeArt.DomainDriven.DataAccess\DataModel\Table\Factory.cs:行号 653
   在 CodeArt.DomainDriven.DataAccess.DataTable.Create(DataTable root, DataTable master, Type objectType, Boolean isSnapshot, DataTableType tableType, IEnumerable`1 objectFields, IDataField memberField) 位置 D:\Workspace\Projects\CodeArt Framework\CodeArt\CodeArt.DomainDriven.DataAccess\DataModel\Table\Factory.cs:行号 605
   在 CodeArt.DomainDriven.DataAccess.DataTable.CreateSnapshot(Type objectType, IEnumerable`1 objectFields) 位置 D:\Workspace\Projects\CodeArt Framework\CodeArt\CodeArt.DomainDriven.DataAccess\DataModel\Table\Factory.cs:行号 591
   在 CodeArt.DomainDriven.DataAccess.DataModel.CreateNew(Type objectType) 位置 D:\Workspace\Projects\CodeArt Framework\CodeArt\CodeArt.DomainDriven.DataAccess\DataModel\DataModel.cs:行号 153
   在 CodeArt.DomainDriven.DataAccess.DataModel.<>c.<.cctor>b__32_0(Type objectType) 位置 D:\Workspace\Projects\CodeArt Framework\CodeArt\CodeArt.DomainDriven.DataAccess\DataModel\DataModel.cs:行号 137
   在 CodeArt.Util.LazyIndexer.<>c__DisplayClass2_0`2.<Init>b__0(TKey key) 位置 D:\Workspace\Projects\CodeArt Framework\CodeArt\CodeArt\Util\LazyIndexer.cs:行号 56
   在 CodeArt.DomainDriven.DataAccess.DataModel.Create(Type objectType) 位置 D:\Workspace\Projects\CodeArt Framework\CodeArt\CodeArt.DomainDriven.DataAccess\DataModel\DataModel.cs:行号 142
   在 CodeArt.DomainDriven.DataAccess.DataPortal.QuerySingle[T](Object id, QueryLevel level) 位置 D:\Workspace\Projects\CodeArt Framework\CodeArt\CodeArt.DomainDriven.DataAccess\DataPortal\DataPortal.cs:行号 128
   在 CodeArt.DomainDriven.DataAccess.SqlRepository`1.PersistFind(Object id, QueryLevel level) 位置 D:\Workspace\Projects\CodeArt Framework\CodeArt\CodeArt.DomainDriven.DataAccess\Common\SqlRepository.cs:行号 37
   在 CodeArt.DomainDriven.Repository`1.<>c__DisplayClass16_0.<Find>b__0() 位置 D:\Workspace\Projects\CodeArt Framework\CodeArt\CodeArt.DomainDriven\Repository\RepositoryBase.cs:行号 152
   在 CodeArt.DomainDriven.DataContext.RegisterQueried[T](QueryLevel level, Func`1 persistQuery) 位置 D:\Workspace\Projects\CodeArt Framework\CodeArt\CodeArt.DomainDriven\Repository\DataContext\DataContext.cs:行号 183
   在 CodeArt.DomainDriven.Repository`1.Find(Object id, QueryLevel level) 位置 D:\Workspace\Projects\CodeArt Framework\CodeArt\CodeArt.DomainDriven\Repository\RepositoryBase.cs:行号 150
   在 CodeArt.DomainDriven.Repository`1.CodeArt.DomainDriven.IRepository.Find(Object id, QueryLevel level) 位置 D:\Workspace\Projects\CodeArt Framework\CodeArt\CodeArt.DomainDriven\Repository\RepositoryBase.cs:行号 145
   在 CodeArt.DomainDriven.GetRemoteObject.FindObject(RemotableAttribute tip, DTObject arg) 位置 D:\Workspace\Projects\CodeArt Framework\CodeArt\CodeArt.DomainDriven\Remotable\RemotePortal\GetRemotableObject.cs:行号 40
   在 CodeArt.DomainDriven.GetRemoteObject.Process(String method, DTObject args) 位置 D:\Workspace\Projects\CodeArt Framework\CodeArt\CodeArt.DomainDriven\Remotable\RemotePortal\GetRemotableObject.cs:行号 24
   在 CodeArt.RabbitMQ.RPCServer.Process(String method, DTObject args, DTObject result) 位置 D:\Workspace\Projects\CodeArt Framework\CodeArt\CodeArt.RabbitMQ\RPC\RPCServer.cs:行号 85
2018-03-18 19:26:00.4019 FATAL 消息：没有找到名称为db-User或 db-default 的连接配置；堆栈：   在 CodeArt.Data.SqlConnectionProvider.<>c.<.cctor>b__4_0(String connName) 位置 D:\Workspace\Projects\CodeArt Framework\CodeArt\CodeArt\Data\SqlConnectionProvider.cs:行号 29
   在 CodeArt.Util.LazyIndexer.<>c__DisplayClass2_0`2.<Init>b__0(TKey key) 位置 D:\Workspace\Projects\CodeArt Framework\CodeArt\CodeArt\Util\LazyIndexer.cs:行号 56
   在 CodeArt.Data.SqlConnectionProvider.GetConnectionString(String connName) 位置 D:\Workspace\Projects\CodeArt Framework\CodeArt\CodeArt\Data\SqlConnectionProvider.cs:行号 19
   在 CodeArt.DomainDriven.SqlClientConnectionProvider.GetConnectionString(String connName) 位置 D:\Workspace\Projects\CodeArt Framework\CodeArt\CodeArt.DomainDriven.Extensions\SqlClientConnectionProvider.cs:行号 25
   在 CodeArt.DomainDriven.DataAccess.SqlHelper.GetConnectionString(String connName) 位置 D:\Workspace\Projects\CodeArt Framework\CodeArt\CodeArt.DomainDriven.DataAccess\SqlHelper.cs:行号 93
   在 CodeArt.DomainDriven.DataAccess.SqlHelper.QueryFirstOrDefault(String connName, String sql, Object param, DynamicData data) 位置 D:\Workspace\Projects\CodeArt Framework\CodeArt\CodeArt.DomainDriven.DataAccess\SqlHelper.cs:行号 67
   在 CodeArt.DomainDriven.DataAccess.DataTable.ExecuteQueryEntry(IQueryBuilder query, Action`1 fillArg, DynamicData data) 位置 D:\Workspace\Projects\CodeArt Framework\CodeArt\CodeArt.DomainDriven.DataAccess\DataModel\Table\Query.cs:行号 303
   在 CodeArt.DomainDriven.DataAccess.DataTable.UseDataEntry(IQueryBuilder exp, Action`1 fillArg, Action`1 action) 位置 D:\Workspace\Projects\CodeArt Framework\CodeArt\CodeArt.DomainDriven.DataAccess\DataModel\Table\Query.cs:行号 268
   在 CodeArt.DomainDriven.DataAccess.DataTable.QuerySingle(String expression, Action`1 fillArg, QueryLevel level) 位置 D:\Workspace\Projects\CodeArt Framework\CodeArt\CodeArt.DomainDriven.DataAccess\DataModel\Table\Query.cs:行号 111
   在 CodeArt.DomainDriven.DataAccess.DataTable.QuerySingle(Object id, QueryLevel level) 位置 D:\Workspace\Projects\CodeArt Framework\CodeArt\CodeArt.DomainDriven.DataAccess\DataModel\Table\Query.cs:行号 33
   在 CodeArt.DomainDriven.DataAccess.DataModel.QuerySingle[T](Object id, QueryLevel level) 位置 D:\Workspace\Projects\CodeArt Framework\CodeArt\CodeArt.DomainDriven.DataAccess\DataModel\DataModel.cs:行号 92
   在 CodeArt.DomainDriven.DataAccess.DataPortal.QuerySingle[T](Object id, QueryLevel level) 位置 D:\Workspace\Projects\CodeArt Framework\CodeArt\CodeArt.DomainDriven.DataAccess\DataPortal\DataPortal.cs:行号 129
   在 CodeArt.DomainDriven.DataAccess.SqlRepository`1.PersistFind(Object id, QueryLevel level) 位置 D:\Workspace\Projects\CodeArt Framework\CodeArt\CodeArt.DomainDriven.DataAccess\Common\SqlRepository.cs:行号 37
   在 CodeArt.DomainDriven.Repository`1.<>c__DisplayClass16_0.<Find>b__0() 位置 D:\Workspace\Projects\CodeArt Framework\CodeArt\CodeArt.DomainDriven\Repository\RepositoryBase.cs:行号 152
   在 CodeArt.DomainDriven.DataContext.RegisterQueried[T](QueryLevel level, Func`1 persistQuery) 位置 D:\Workspace\Projects\CodeArt Framework\CodeArt\CodeArt.DomainDriven\Repository\DataContext\DataContext.cs:行号 183
   在 CodeArt.DomainDriven.Repository`1.Find(Object id, QueryLevel level) 位置 D:\Workspace\Projects\CodeArt Framework\CodeArt\CodeArt.DomainDriven\Repository\RepositoryBase.cs:行号 150
   在 CodeArt.DomainDriven.Repository`1.CodeArt.DomainDriven.IRepository.Find(Object id, QueryLevel level) 位置 D:\Workspace\Projects\CodeArt Framework\CodeArt\CodeArt.DomainDriven\Repository\RepositoryBase.cs:行号 145
   在 CodeArt.DomainDriven.GetRemoteObject.FindObject(RemotableAttribute tip, DTObject arg) 位置 D:\Workspace\Projects\CodeArt Framework\CodeArt\CodeArt.DomainDriven\Remotable\RemotePortal\GetRemotableObject.cs:行号 40
   在 CodeArt.DomainDriven.GetRemoteObject.Process(String method, DTObject args) 位置 D:\Workspace\Projects\CodeArt Framework\CodeArt\CodeArt.DomainDriven\Remotable\RemotePortal\GetRemotableObject.cs:行号 24
   在 CodeArt.RabbitMQ.RPCServer.Process(String method, DTObject args, DTObject result) 位置 D:\Workspace\Projects\CodeArt Framework\CodeArt\CodeArt.RabbitMQ\RPC\RPCServer.cs:行号 85
2018-03-18 19:45:04.8168 FATAL 消息：没有找到名称为db-Location或 db-default 的连接配置；堆栈：   在 CodeArt.Data.SqlConnectionProvider.<>c.<.cctor>b__4_0(String connName) 位置 D:\Workspace\Projects\CodeArt Framework\CodeArt\CodeArt\Data\SqlConnectionProvider.cs:行号 29
   在 CodeArt.Util.LazyIndexer.<>c__DisplayClass2_0`2.<Init>b__0(TKey key) 位置 D:\Workspace\Projects\CodeArt Framework\CodeArt\CodeArt\Util\LazyIndexer.cs:行号 56
   在 CodeArt.Data.SqlConnectionProvider.GetConnectionString(String connName) 位置 D:\Workspace\Projects\CodeArt Framework\CodeArt\CodeArt\Data\SqlConnectionProvider.cs:行号 19
   在 CodeArt.DomainDriven.SqlClientConnectionProvider.GetConnectionString(String connName) 位置 D:\Workspace\Projects\CodeArt Framework\CodeArt\CodeArt.DomainDriven.Extensions\SqlClientConnectionProvider.cs:行号 25
   在 CodeArt.DomainDriven.DataAccess.SqlHelper.GetConnectionString(String connName) 位置 D:\Workspace\Projects\CodeArt Framework\CodeArt\CodeArt.DomainDriven.DataAccess\SqlHelper.cs:行号 93
   在 CodeArt.DomainDriven.DataAccess.SqlHelper.Execute(String connName, String sql, Object param) 位置 D:\Workspace\Projects\CodeArt Framework\CodeArt\CodeArt.DomainDriven.DataAccess\SqlHelper.cs:行号 26
   在 CodeArt.DomainDriven.DataAccess.DataTable.<Build>b__246_0() 位置 D:\Workspace\Projects\CodeArt Framework\CodeArt\CodeArt.DomainDriven.DataAccess\DataModel\Table\Life.cs:行号 21
   在 CodeArt.DomainDriven.DataAccess.DataTable.IfUnBuilt(String name, Action action) 位置 D:\Workspace\Projects\CodeArt Framework\CodeArt\CodeArt.DomainDriven.DataAccess\DataModel\Table\Life.cs:行号 35
   在 CodeArt.DomainDriven.DataAccess.DataTable.Build() 位置 D:\Workspace\Projects\CodeArt Framework\CodeArt\CodeArt.DomainDriven.DataAccess\DataModel\Table\Life.cs:行号 18
   在 CodeArt.DomainDriven.DataAccess.DataTable..ctor(Type objectType, Boolean isSnapshot, DataTable chainRoot, DataTable master, DataTableType type, String name, IEnumerable`1 tableFields, IEnumerable`1 objectFields, IDataField memberField) 位置 D:\Workspace\Projects\CodeArt Framework\CodeArt\CodeArt.DomainDriven.DataAccess\DataModel\Table\Factory.cs:行号 384
   在 CodeArt.DomainDriven.DataAccess.DataTable.Create(DataTable root, DataTable master, Type objectType, Boolean isSnapshot, DataTableType tableType, String tableName, IEnumerable`1 objectFields, IDataField memberField) 位置 D:\Workspace\Projects\CodeArt Framework\CodeArt\CodeArt.DomainDriven.DataAccess\DataModel\Table\Factory.cs:行号 653
   在 CodeArt.DomainDriven.DataAccess.DataTable.CreateMiddle(DataTable root, DataTable master, String tableName, DataTableType tableType, IEnumerable`1 objectFields, IDataField memberField) 位置 D:\Workspace\Projects\CodeArt Framework\CodeArt\CodeArt.DomainDriven.DataAccess\DataModel\Table\Factory.cs:行号 625
   在 CodeArt.DomainDriven.DataAccess.DataTable.CreateMiddleTable(DataTable slave, IDataField memberField) 位置 D:\Workspace\Projects\CodeArt Framework\CodeArt\CodeArt.DomainDriven.DataAccess\DataModel\Table\Childs.cs:行号 311
   在 CodeArt.DomainDriven.DataAccess.DataTable.CreateAggregateRootListTable(DataTable root, DataTable master, IDataField memberField, Type objectType) 位置 D:\Workspace\Projects\CodeArt Framework\CodeArt\CodeArt.DomainDriven.DataAccess\DataModel\Table\Childs.cs:行号 264
   在 CodeArt.DomainDriven.DataAccess.DataTable.CreateChildTable(DataTable master, IDataField memberField, Type objectType) 位置 D:\Workspace\Projects\CodeArt Framework\CodeArt\CodeArt.DomainDriven.DataAccess\DataModel\Table\Childs.cs:行号 118
   在 CodeArt.DomainDriven.DataAccess.DataTable.InitBuildtimeChilds() 位置 D:\Workspace\Projects\CodeArt Framework\CodeArt\CodeArt.DomainDriven.DataAccess\DataModel\Table\Childs.cs:行号 77
   在 CodeArt.DomainDriven.DataAccess.DataTable.InitChilds() 位置 D:\Workspace\Projects\CodeArt Framework\CodeArt\CodeArt.DomainDriven.DataAccess\DataModel\Table\Childs.cs:行号 57
   在 CodeArt.DomainDriven.DataAccess.DataTable..ctor(Type objectType, Boolean isSnapshot, DataTable chainRoot, DataTable master, DataTableType type, String name, IEnumerable`1 tableFields, IEnumerable`1 objectFields, IDataField memberField) 位置 D:\Workspace\Projects\CodeArt Framework\CodeArt\CodeArt.DomainDriven.DataAccess\DataModel\Table\Factory.cs:行号 379
   在 CodeArt.DomainDriven.DataAccess.DataTable.Create(DataTable root, DataTable master, Type objectType, Boolean isSnapshot, DataTableType tableType, String tableName, IEnumerable`1 objectFields, IDataField memberField) 位置 D:\Workspace\Projects\CodeArt Framework\CodeArt\CodeArt.DomainDriven.DataAccess\DataModel\Table\Factory.cs:行号 653
   在 CodeArt.DomainDriven.DataAccess.DataTable.Create(DataTable root, DataTable master, Type objectType, Boolean isSnapshot, DataTableType tableType, IEnumerable`1 objectFields, IDataField memberField) 位置 D:\Workspace\Projects\CodeArt Framework\CodeArt\CodeArt.DomainDriven.DataAccess\DataModel\Table\Factory.cs:行号 605
   在 CodeArt.DomainDriven.DataAccess.DataTable.CreateAggregateRootTable(DataTable root, DataTable master, IDataField memberField, Type objectType) 位置 D:\Workspace\Projects\CodeArt Framework\CodeArt\CodeArt.DomainDriven.DataAccess\DataModel\Table\Childs.cs:行号 232
   在 CodeArt.DomainDriven.DataAccess.DataTable.CreateAggregateRootListTable(DataTable root, DataTable master, IDataField memberField, Type objectType) 位置 D:\Workspace\Projects\CodeArt Framework\CodeArt\CodeArt.DomainDriven.DataAccess\DataModel\Table\Childs.cs:行号 259
   在 CodeArt.DomainDriven.DataAccess.DataTable.CreateChildTable(DataTable master, IDataField memberField, Type objectType) 位置 D:\Workspace\Projects\CodeArt Framework\CodeArt\CodeArt.DomainDriven.DataAccess\DataModel\Table\Childs.cs:行号 118
   在 CodeArt.DomainDriven.DataAccess.DataTable.InitBuildtimeChilds() 位置 D:\Workspace\Projects\CodeArt Framework\CodeArt\CodeArt.DomainDriven.DataAccess\DataModel\Table\Childs.cs:行号 77
   在 CodeArt.DomainDriven.DataAccess.DataTable.InitChilds() 位置 D:\Workspace\Projects\CodeArt Framework\CodeArt\CodeArt.DomainDriven.DataAccess\DataModel\Table\Childs.cs:行号 57
   在 CodeArt.DomainDriven.DataAccess.DataTable..ctor(Type objectType, Boolean isSnapshot, DataTable chainRoot, DataTable master, DataTableType type, String name, IEnumerable`1 tableFields, IEnumerable`1 objectFields, IDataField memberField) 位置 D:\Workspace\Projects\CodeArt Framework\CodeArt\CodeArt.DomainDriven.DataAccess\DataModel\Table\Factory.cs:行号 379
   在 CodeArt.DomainDriven.DataAccess.DataTable.Create(DataTable root, DataTable master, Type objectType, Boolean isSnapshot, DataTableType tableType, String tableName, IEnumerable`1 objectFields, IDataField memberField) 位置 D:\Workspace\Projects\CodeArt Framework\CodeArt\CodeArt.DomainDriven.DataAccess\DataModel\Table\Factory.cs:行号 653
   在 CodeArt.DomainDriven.DataAccess.DataTable.Create(DataTable root, DataTable master, Type objectType, Boolean isSnapshot, DataTableType tableType, IEnumerable`1 objectFields, IDataField memberField) 位置 D:\Workspace\Projects\CodeArt Framework\CodeArt\CodeArt.DomainDriven.DataAccess\DataModel\Table\Factory.cs:行号 605
   在 CodeArt.DomainDriven.DataAccess.DataTable.CreateAggregateRootTable(DataTable root, DataTable master, IDataField memberField, Type objectType) 位置 D:\Workspace\Projects\CodeArt Framework\CodeArt\CodeArt.DomainDriven.DataAccess\DataModel\Table\Childs.cs:行号 232
   在 CodeArt.DomainDriven.DataAccess.DataTable.CreateChildTable(DataTable master, IDataField memberField, Type objectType) 位置 D:\Workspace\Projects\CodeArt Framework\CodeArt\CodeArt.DomainDriven.DataAccess\DataModel\Table\Childs.cs:行号 113
   在 CodeArt.DomainDriven.DataAccess.DataTable.InitBuildtimeChilds() 位置 D:\Workspace\Projects\CodeArt Framework\CodeArt\CodeArt.DomainDriven.DataAccess\DataModel\Table\Childs.cs:行号 77
   在 CodeArt.DomainDriven.DataAccess.DataTable.InitChilds() 位置 D:\Workspace\Projects\CodeArt Framework\CodeArt\CodeArt.DomainDriven.DataAccess\DataModel\Table\Childs.cs:行号 57
   在 CodeArt.DomainDriven.DataAccess.DataTable..ctor(Type objectType, Boolean isSnapshot, DataTable chainRoot, DataTable master, DataTableType type, String name, IEnumerable`1 tableFields, IEnumerable`1 objectFields, IDataField memberField) 位置 D:\Workspace\Projects\CodeArt Framework\CodeArt\CodeArt.DomainDriven.DataAccess\DataModel\Table\Factory.cs:行号 379
   在 CodeArt.DomainDriven.DataAccess.DataTable.Create(DataTable root, DataTable master, Type objectType, Boolean isSnapshot, DataTableType tableType, String tableName, IEnumerable`1 objectFields, IDataField memberField) 位置 D:\Workspace\Projects\CodeArt Framework\CodeArt\CodeArt.DomainDriven.DataAccess\DataModel\Table\Factory.cs:行号 653
   在 CodeArt.DomainDriven.DataAccess.DataTable.Create(DataTable root, DataTable master, Type objectType, Boolean isSnapshot, DataTableType tableType, IEnumerable`1 objectFields, IDataField memberField) 位置 D:\Workspace\Projects\CodeArt Framework\CodeArt\CodeArt.DomainDriven.DataAccess\DataModel\Table\Factory.cs:行号 605
   在 CodeArt.DomainDriven.DataAccess.DataTable.CreateAggregateRootTable(DataTable root, DataTable master, IDataField memberField, Type objectType) 位置 D:\Workspace\Projects\CodeArt Framework\CodeArt\CodeArt.DomainDriven.DataAccess\DataModel\Table\Childs.cs:行号 232
   在 CodeArt.DomainDriven.DataAccess.DataTable.CreateChildTable(DataTable master, IDataField memberField, Type objectType) 位置 D:\Workspace\Projects\CodeArt Framework\CodeArt\CodeArt.DomainDriven.DataAccess\DataModel\Table\Childs.cs:行号 113
   在 CodeArt.DomainDriven.DataAccess.DataTable.InitBuildtimeChilds() 位置 D:\Workspace\Projects\CodeArt Framework\CodeArt\CodeArt.DomainDriven.DataAccess\DataModel\Table\Childs.cs:行号 77
   在 CodeArt.DomainDriven.DataAccess.DataTable.InitChilds() 位置 D:\Workspace\Projects\CodeArt Framework\CodeArt\CodeArt.DomainDriven.DataAccess\DataModel\Table\Childs.cs:行号 57
   在 CodeArt.DomainDriven.DataAccess.DataTable..ctor(Type objectType, Boolean isSnapshot, DataTable chainRoot, DataTable master, DataTableType type, String name, IEnumerable`1 tableFields, IEnumerable`1 objectFields, IDataField memberField) 位置 D:\Workspace\Projects\CodeArt Framework\CodeArt\CodeArt.DomainDriven.DataAccess\DataModel\Table\Factory.cs:行号 379
   在 CodeArt.DomainDriven.DataAccess.DataTable.Create(DataTable root, DataTable master, Type objectType, Boolean isSnapshot, DataTableType tableType, String tableName, IEnumerable`1 objectFields, IDataField memberField) 位置 D:\Workspace\Projects\CodeArt Framework\CodeArt\CodeArt.DomainDriven.DataAccess\DataModel\Table\Factory.cs:行号 653
   在 CodeArt.DomainDriven.DataAccess.DataTable.Create(DataTable root, DataTable master, Type objectType, Boolean isSnapshot, DataTableType tableType, IEnumerable`1 objectFields, IDataField memberField) 位置 D:\Workspace\Projects\CodeArt Framework\CodeArt\CodeArt.DomainDriven.DataAccess\DataModel\Table\Factory.cs:行号 605
   在 CodeArt.DomainDriven.DataAccess.DataTable.CreateAggregateRootTable(DataTable root, DataTable master, IDataField memberField, Type objectType) 位置 D:\Workspace\Projects\CodeArt Framework\CodeArt\CodeArt.DomainDriven.DataAccess\DataModel\Table\Childs.cs:行号 232
   在 CodeArt.DomainDriven.DataAccess.DataTable.CreateChildTable(DataTable master, IDataField memberField, Type objectType) 位置 D:\Workspace\Projects\CodeArt Framework\CodeArt\CodeArt.DomainDriven.DataAccess\DataModel\Table\Childs.cs:行号 113
   在 CodeArt.DomainDriven.DataAccess.DataTable.InitBuildtimeChilds() 位置 D:\Workspace\Projects\CodeArt Framework\CodeArt\CodeArt.DomainDriven.DataAccess\DataModel\Table\Childs.cs:行号 77
   在 CodeArt.DomainDriven.DataAccess.DataTable.InitChilds() 位置 D:\Workspace\Projects\CodeArt Framework\CodeArt\CodeArt.DomainDriven.DataAccess\DataModel\Table\Childs.cs:行号 57
   在 CodeArt.DomainDriven.DataAccess.DataTable..ctor(Type objectType, Boolean isSnapshot, DataTable chainRoot, DataTable master, DataTableType type, String name, IEnumerable`1 tableFields, IEnumerable`1 objectFields, IDataField memberField) 位置 D:\Workspace\Projects\CodeArt Framework\CodeArt\CodeArt.DomainDriven.DataAccess\DataModel\Table\Factory.cs:行号 379
   在 CodeArt.DomainDriven.DataAccess.DataTable.Create(DataTable root, DataTable master, Type objectType, Boolean isSnapshot, DataTableType tableType, String tableName, IEnumerable`1 objectFields, IDataField memberField) 位置 D:\Workspace\Projects\CodeArt Framework\CodeArt\CodeArt.DomainDriven.DataAccess\DataModel\Table\Factory.cs:行号 653
   在 CodeArt.DomainDriven.DataAccess.DataTable.Create(DataTable root, DataTable master, Type objectType, Boolean isSnapshot, DataTableType tableType, IEnumerable`1 objectFields, IDataField memberField) 位置 D:\Workspace\Projects\CodeArt Framework\CodeArt\CodeArt.DomainDriven.DataAccess\DataModel\Table\Factory.cs:行号 605
   在 CodeArt.DomainDriven.DataAccess.DataTable.Create(Type objectType, IEnumerable`1 objectFields) 位置 D:\Workspace\Projects\CodeArt Framework\CodeArt\CodeArt.DomainDriven.DataAccess\DataModel\Table\Factory.cs:行号 574
   在 CodeArt.DomainDriven.DataAccess.DataModel.CreateNew(Type objectType) 位置 D:\Workspace\Projects\CodeArt Framework\CodeArt\CodeArt.DomainDriven.DataAccess\DataModel\DataModel.cs:行号 150
   在 CodeArt.DomainDriven.DataAccess.DataModel.<>c.<.cctor>b__32_0(Type objectType) 位置 D:\Workspace\Projects\CodeArt Framework\CodeArt\CodeArt.DomainDriven.DataAccess\DataModel\DataModel.cs:行号 137
   在 CodeArt.Util.LazyIndexer.<>c__DisplayClass2_0`2.<Init>b__0(TKey key) 位置 D:\Workspace\Projects\CodeArt Framework\CodeArt\CodeArt\Util\LazyIndexer.cs:行号 56
   在 CodeArt.DomainDriven.DataAccess.DataModel.Create(Type objectType) 位置 D:\Workspace\Projects\CodeArt Framework\CodeArt\CodeArt.DomainDriven.DataAccess\DataModel\DataModel.cs:行号 142
   在 CodeArt.DomainDriven.DataAccess.DataPortal.QuerySingle[T](Object id, QueryLevel level) 位置 D:\Workspace\Projects\CodeArt Framework\CodeArt\CodeArt.DomainDriven.DataAccess\DataPortal\DataPortal.cs:行号 128
   在 CodeArt.DomainDriven.DataAccess.SqlRepository`1.PersistFind(Object id, QueryLevel level) 位置 D:\Workspace\Projects\CodeArt Framework\CodeArt\CodeArt.DomainDriven.DataAccess\Common\SqlRepository.cs:行号 37
   在 CodeArt.DomainDriven.Repository`1.<>c__DisplayClass16_0.<Find>b__0() 位置 D:\Workspace\Projects\CodeArt Framework\CodeArt\CodeArt.DomainDriven\Repository\RepositoryBase.cs:行号 152
   在 CodeArt.DomainDriven.DataContext.RegisterQueried[T](QueryLevel level, Func`1 persistQuery) 位置 D:\Workspace\Projects\CodeArt Framework\CodeArt\CodeArt.DomainDriven\Repository\DataContext\DataContext.cs:行号 183
   在 CodeArt.DomainDriven.Repository`1.Find(Object id, QueryLevel level) 位置 D:\Workspace\Projects\CodeArt Framework\CodeArt\CodeArt.DomainDriven\Repository\RepositoryBase.cs:行号 150
   在 CodeArt.DomainDriven.Repository`1.CodeArt.DomainDriven.IRepository.Find(Object id, QueryLevel level) 位置 D:\Workspace\Projects\CodeArt Framework\CodeArt\CodeArt.DomainDriven\Repository\RepositoryBase.cs:行号 145
   在 CodeArt.DomainDriven.GetRemoteObject.FindObject(RemotableAttribute tip, DTObject arg) 位置 D:\Workspace\Projects\CodeArt Framework\CodeArt\CodeArt.DomainDriven\Remotable\RemotePortal\GetRemotableObject.cs:行号 40
   在 CodeArt.DomainDriven.GetRemoteObject.Process(String method, DTObject args) 位置 D:\Workspace\Projects\CodeArt Framework\CodeArt\CodeArt.DomainDriven\Remotable\RemotePortal\GetRemotableObject.cs:行号 24
   在 CodeArt.RabbitMQ.RPCServer.Process(String method, DTObject args, DTObject result) 位置 D:\Workspace\Projects\CodeArt Framework\CodeArt\CodeArt.RabbitMQ\RPC\RPCServer.cs:行号 85
2018-03-18 19:45:57.9283 FATAL 消息：没有找到名称为db-Snapshot_User或 db-default 的连接配置；堆栈：   在 CodeArt.Data.SqlConnectionProvider.<>c.<.cctor>b__4_0(String connName) 位置 D:\Workspace\Projects\CodeArt Framework\CodeArt\CodeArt\Data\SqlConnectionProvider.cs:行号 29
   在 CodeArt.Util.LazyIndexer.<>c__DisplayClass2_0`2.<Init>b__0(TKey key) 位置 D:\Workspace\Projects\CodeArt Framework\CodeArt\CodeArt\Util\LazyIndexer.cs:行号 56
   在 CodeArt.Data.SqlConnectionProvider.GetConnectionString(String connName) 位置 D:\Workspace\Projects\CodeArt Framework\CodeArt\CodeArt\Data\SqlConnectionProvider.cs:行号 19
   在 CodeArt.DomainDriven.SqlClientConnectionProvider.GetConnectionString(String connName) 位置 D:\Workspace\Projects\CodeArt Framework\CodeArt\CodeArt.DomainDriven.Extensions\SqlClientConnectionProvider.cs:行号 25
   在 CodeArt.DomainDriven.DataAccess.SqlHelper.GetConnectionString(String connName) 位置 D:\Workspace\Projects\CodeArt Framework\CodeArt\CodeArt.DomainDriven.DataAccess\SqlHelper.cs:行号 93
   在 CodeArt.DomainDriven.DataAccess.SqlHelper.Execute(String connName, String sql, Object param) 位置 D:\Workspace\Projects\CodeArt Framework\CodeArt\CodeArt.DomainDriven.DataAccess\SqlHelper.cs:行号 26
   在 CodeArt.DomainDriven.DataAccess.DataTable.<Build>b__246_0() 位置 D:\Workspace\Projects\CodeArt Framework\CodeArt\CodeArt.DomainDriven.DataAccess\DataModel\Table\Life.cs:行号 21
   在 CodeArt.DomainDriven.DataAccess.DataTable.IfUnBuilt(String name, Action action) 位置 D:\Workspace\Projects\CodeArt Framework\CodeArt\CodeArt.DomainDriven.DataAccess\DataModel\Table\Life.cs:行号 35
   在 CodeArt.DomainDriven.DataAccess.DataTable.Build() 位置 D:\Workspace\Projects\CodeArt Framework\CodeArt\CodeArt.DomainDriven.DataAccess\DataModel\Table\Life.cs:行号 18
   在 CodeArt.DomainDriven.DataAccess.DataTable..ctor(Type objectType, Boolean isSnapshot, DataTable chainRoot, DataTable master, DataTableType type, String name, IEnumerable`1 tableFields, IEnumerable`1 objectFields, IDataField memberField) 位置 D:\Workspace\Projects\CodeArt Framework\CodeArt\CodeArt.DomainDriven.DataAccess\DataModel\Table\Factory.cs:行号 384
   在 CodeArt.DomainDriven.DataAccess.DataTable.Create(DataTable root, DataTable master, Type objectType, Boolean isSnapshot, DataTableType tableType, String tableName, IEnumerable`1 objectFields, IDataField memberField) 位置 D:\Workspace\Projects\CodeArt Framework\CodeArt\CodeArt.DomainDriven.DataAccess\DataModel\Table\Factory.cs:行号 653
   在 CodeArt.DomainDriven.DataAccess.DataTable.Create(DataTable root, DataTable master, Type objectType, Boolean isSnapshot, DataTableType tableType, IEnumerable`1 objectFields, IDataField memberField) 位置 D:\Workspace\Projects\CodeArt Framework\CodeArt\CodeArt.DomainDriven.DataAccess\DataModel\Table\Factory.cs:行号 605
   在 CodeArt.DomainDriven.DataAccess.DataTable.CreateSnapshot(Type objectType, IEnumerable`1 objectFields) 位置 D:\Workspace\Projects\CodeArt Framework\CodeArt\CodeArt.DomainDriven.DataAccess\DataModel\Table\Factory.cs:行号 591
   在 CodeArt.DomainDriven.DataAccess.DataModel.CreateNew(Type objectType) 位置 D:\Workspace\Projects\CodeArt Framework\CodeArt\CodeArt.DomainDriven.DataAccess\DataModel\DataModel.cs:行号 153
   在 CodeArt.DomainDriven.DataAccess.DataModel.<>c.<.cctor>b__32_0(Type objectType) 位置 D:\Workspace\Projects\CodeArt Framework\CodeArt\CodeArt.DomainDriven.DataAccess\DataModel\DataModel.cs:行号 137
   在 CodeArt.Util.LazyIndexer.<>c__DisplayClass2_0`2.<Init>b__0(TKey key) 位置 D:\Workspace\Projects\CodeArt Framework\CodeArt\CodeArt\Util\LazyIndexer.cs:行号 56
   在 CodeArt.DomainDriven.DataAccess.DataModel.Create(Type objectType) 位置 D:\Workspace\Projects\CodeArt Framework\CodeArt\CodeArt.DomainDriven.DataAccess\DataModel\DataModel.cs:行号 142
   在 CodeArt.DomainDriven.DataAccess.DataPortal.QuerySingle[T](Object id, QueryLevel level) 位置 D:\Workspace\Projects\CodeArt Framework\CodeArt\CodeArt.DomainDriven.DataAccess\DataPortal\DataPortal.cs:行号 128
   在 CodeArt.DomainDriven.DataAccess.SqlRepository`1.PersistFind(Object id, QueryLevel level) 位置 D:\Workspace\Projects\CodeArt Framework\CodeArt\CodeArt.DomainDriven.DataAccess\Common\SqlRepository.cs:行号 37
   在 CodeArt.DomainDriven.Repository`1.<>c__DisplayClass16_0.<Find>b__0() 位置 D:\Workspace\Projects\CodeArt Framework\CodeArt\CodeArt.DomainDriven\Repository\RepositoryBase.cs:行号 152
   在 CodeArt.DomainDriven.DataContext.RegisterQueried[T](QueryLevel level, Func`1 persistQuery) 位置 D:\Workspace\Projects\CodeArt Framework\CodeArt\CodeArt.DomainDriven\Repository\DataContext\DataContext.cs:行号 183
   在 CodeArt.DomainDriven.Repository`1.Find(Object id, QueryLevel level) 位置 D:\Workspace\Projects\CodeArt Framework\CodeArt\CodeArt.DomainDriven\Repository\RepositoryBase.cs:行号 150
   在 CodeArt.DomainDriven.Repository`1.CodeArt.DomainDriven.IRepository.Find(Object id, QueryLevel level) 位置 D:\Workspace\Projects\CodeArt Framework\CodeArt\CodeArt.DomainDriven\Repository\RepositoryBase.cs:行号 145
   在 CodeArt.DomainDriven.GetRemoteObject.FindObject(RemotableAttribute tip, DTObject arg) 位置 D:\Workspace\Projects\CodeArt Framework\CodeArt\CodeArt.DomainDriven\Remotable\RemotePortal\GetRemotableObject.cs:行号 40
   在 CodeArt.DomainDriven.GetRemoteObject.Process(String method, DTObject args) 位置 D:\Workspace\Projects\CodeArt Framework\CodeArt\CodeArt.DomainDriven\Remotable\RemotePortal\GetRemotableObject.cs:行号 24
   在 CodeArt.RabbitMQ.RPCServer.Process(String method, DTObject args, DTObject result) 位置 D:\Workspace\Projects\CodeArt Framework\CodeArt\CodeArt.RabbitMQ\RPC\RPCServer.cs:行号 85
2018-03-18 19:52:08.6899 FATAL 消息：没有找到typeName对应的DTO实体！；堆栈：   在 CodeArt.DTO.DTObject.FindEntity(String findExp, Boolean throwError) 位置 D:\Workspace\Projects\CodeArt Framework\CodeArt\CodeArt\DTO\DTObject.cs:行号 887
   在 CodeArt.DTO.DTObject.GetValue(String findExp, Boolean throwError) 位置 D:\Workspace\Projects\CodeArt Framework\CodeArt\CodeArt\DTO\DTObject.cs:行号 212
   在 CodeArt.DTO.DTObject.GetValue(String findExp) 位置 D:\Workspace\Projects\CodeArt Framework\CodeArt\CodeArt\DTO\DTObject.cs:行号 207
   在 CodeArt.DTO.DTObject.GetValue[T](String findExp) 位置 D:\Workspace\Projects\CodeArt Framework\CodeArt\CodeArt\DTO\DTObject.cs:行号 226
   在 CodeArt.DomainDriven.GetRemoteObject.GetTip(DTObject arg) 位置 D:\Workspace\Projects\CodeArt Framework\CodeArt\CodeArt.DomainDriven\Remotable\RemotePortal\GetRemotableObject.cs:行号 30
   在 CodeArt.DomainDriven.GetRemoteObject.Process(String method, DTObject args) 位置 D:\Workspace\Projects\CodeArt Framework\CodeArt\CodeArt.DomainDriven\Remotable\RemotePortal\GetRemotableObject.cs:行号 23
   在 CodeArt.RabbitMQ.RPCServer.Process(String method, DTObject args, DTObject result) 位置 D:\Workspace\Projects\CodeArt Framework\CodeArt\CodeArt.RabbitMQ\RPC\RPCServer.cs:行号 85
